[0.783s] DEBUG:colcon:Command line arguments: ['/usr/bin/colcon', 'build']
[0.783s] DEBUG:colcon:Parsed command line arguments: Namespace(log_base=None, log_level=None, verb_name='build', build_base='build', install_base='install', merge_install=False, symlink_install=False, test_result_base=None, continue_on_error=False, executor='parallel', parallel_workers=4, event_handlers=None, ignore_user_meta=False, metas=['./colcon.meta'], base_paths=['.'], packages_ignore=None, packages_ignore_regex=None, paths=None, packages_up_to=None, packages_up_to_regex=None, packages_above=None, packages_above_and_dependencies=None, packages_above_depth=None, packages_select_by_dep=None, packages_skip_by_dep=None, packages_skip_up_to=None, packages_select_build_failed=False, packages_skip_build_finished=False, packages_select_test_failures=False, packages_skip_test_passed=False, packages_select=None, packages_skip=None, packages_select_regex=None, packages_skip_regex=None, packages_start=None, packages_end=None, allow_overriding=[], cmake_args=None, cmake_target=None, cmake_target_skip_unavailable=False, cmake_clean_cache=False, cmake_clean_first=False, cmake_force_configure=False, ament_cmake_args=None, catkin_cmake_args=None, catkin_skip_building_tests=False, mixin_files=None, mixin=None, verb_parser=<colcon_mixin.mixin.mixin_argument.MixinArgumentDecorator object at 0xffff90489510>, verb_extension=<colcon_core.verb.build.BuildVerb object at 0xffff9062e470>, main=<bound method BuildVerb.main of <colcon_core.verb.build.BuildVerb object at 0xffff9062e470>>, mixin_verb=('build',))
[2.067s] Level 1:colcon.colcon_core.package_discovery:discover_packages(colcon_meta) check parameters
[2.068s] Level 1:colcon.colcon_core.package_discovery:discover_packages(recursive) check parameters
[2.068s] Level 1:colcon.colcon_core.package_discovery:discover_packages(ignore) check parameters
[2.068s] Level 1:colcon.colcon_core.package_discovery:discover_packages(path) check parameters
[2.069s] Level 1:colcon.colcon_core.package_discovery:discover_packages(colcon_meta) discover
[2.069s] Level 1:colcon.colcon_core.package_discovery:discover_packages(recursive) discover
[2.069s] INFO:colcon.colcon_core.package_discovery:Crawling recursively for packages in '/home/aclab/Desktop/workspaces/RobotROS2/ros2_ws/src'
[2.070s] Level 1:colcon.colcon_core.package_identification:_identify(.) by extensions ['ignore', 'ignore_ament_install']
[2.070s] Level 1:colcon.colcon_core.package_identification:_identify(.) by extension 'ignore'
[2.070s] Level 1:colcon.colcon_core.package_identification:_identify(.) by extension 'ignore_ament_install'
[2.071s] Level 1:colcon.colcon_core.package_identification:_identify(.) by extensions ['colcon_pkg']
[2.071s] Level 1:colcon.colcon_core.package_identification:_identify(.) by extension 'colcon_pkg'
[2.071s] Level 1:colcon.colcon_core.package_identification:_identify(.) by extensions ['colcon_meta']
[2.071s] Level 1:colcon.colcon_core.package_identification:_identify(.) by extension 'colcon_meta'
[2.071s] Level 1:colcon.colcon_core.package_identification:_identify(.) by extensions ['ros']
[2.072s] Level 1:colcon.colcon_core.package_identification:_identify(.) by extension 'ros'
[2.150s] Level 1:colcon.colcon_core.package_identification:_identify(.) by extensions ['cmake', 'python']
[2.150s] Level 1:colcon.colcon_core.package_identification:_identify(.) by extension 'cmake'
[2.150s] Level 1:colcon.colcon_core.package_identification:_identify(.) by extension 'python'
[2.150s] Level 1:colcon.colcon_core.package_identification:_identify(.) by extensions ['python_setup_py']
[2.151s] Level 1:colcon.colcon_core.package_identification:_identify(.) by extension 'python_setup_py'
[2.151s] Level 1:colcon.colcon_core.package_identification:_identify(build) by extensions ['ignore', 'ignore_ament_install']
[2.152s] Level 1:colcon.colcon_core.package_identification:_identify(build) by extension 'ignore'
[2.152s] Level 1:colcon.colcon_core.package_identification:_identify(build) ignored
[2.152s] Level 1:colcon.colcon_core.package_identification:_identify(install) by extensions ['ignore', 'ignore_ament_install']
[2.153s] Level 1:colcon.colcon_core.package_identification:_identify(install) by extension 'ignore'
[2.153s] Level 1:colcon.colcon_core.package_identification:_identify(install) ignored
[2.154s] Level 1:colcon.colcon_core.package_identification:_identify(line_sensors) by extensions ['ignore', 'ignore_ament_install']
[2.154s] Level 1:colcon.colcon_core.package_identification:_identify(line_sensors) by extension 'ignore'
[2.154s] Level 1:colcon.colcon_core.package_identification:_identify(line_sensors) by extension 'ignore_ament_install'
[2.154s] Level 1:colcon.colcon_core.package_identification:_identify(line_sensors) by extensions ['colcon_pkg']
[2.155s] Level 1:colcon.colcon_core.package_identification:_identify(line_sensors) by extension 'colcon_pkg'
[2.155s] Level 1:colcon.colcon_core.package_identification:_identify(line_sensors) by extensions ['colcon_meta']
[2.155s] Level 1:colcon.colcon_core.package_identification:_identify(line_sensors) by extension 'colcon_meta'
[2.155s] Level 1:colcon.colcon_core.package_identification:_identify(line_sensors) by extensions ['ros']
[2.155s] Level 1:colcon.colcon_core.package_identification:_identify(line_sensors) by extension 'ros'
[2.170s] DEBUG:colcon.colcon_core.package_identification:Package 'line_sensors' with type 'ros.ament_python' and name 'line_sensors'
[2.171s] Level 1:colcon.colcon_core.package_identification:_identify(log) by extensions ['ignore', 'ignore_ament_install']
[2.172s] Level 1:colcon.colcon_core.package_identification:_identify(log) by extension 'ignore'
[2.172s] Level 1:colcon.colcon_core.package_identification:_identify(log) ignored
[2.173s] Level 1:colcon.colcon_core.package_identification:_identify(mqtt_bridge) by extensions ['ignore', 'ignore_ament_install']
[2.174s] Level 1:colcon.colcon_core.package_identification:_identify(mqtt_bridge) by extension 'ignore'
[2.175s] Level 1:colcon.colcon_core.package_identification:_identify(mqtt_bridge) by extension 'ignore_ament_install'
[2.175s] Level 1:colcon.colcon_core.package_identification:_identify(mqtt_bridge) by extensions ['colcon_pkg']
[2.176s] Level 1:colcon.colcon_core.package_identification:_identify(mqtt_bridge) by extension 'colcon_pkg'
[2.176s] Level 1:colcon.colcon_core.package_identification:_identify(mqtt_bridge) by extensions ['colcon_meta']
[2.176s] Level 1:colcon.colcon_core.package_identification:_identify(mqtt_bridge) by extension 'colcon_meta'
[2.176s] Level 1:colcon.colcon_core.package_identification:_identify(mqtt_bridge) by extensions ['ros']
[2.177s] Level 1:colcon.colcon_core.package_identification:_identify(mqtt_bridge) by extension 'ros'
[2.180s] DEBUG:colcon.colcon_core.package_identification:Package 'mqtt_bridge' with type 'ros.ament_python' and name 'mqtt_bridge'
[2.180s] Level 1:colcon.colcon_core.package_identification:_identify(robot) by extensions ['ignore', 'ignore_ament_install']
[2.181s] Level 1:colcon.colcon_core.package_identification:_identify(robot) by extension 'ignore'
[2.181s] Level 1:colcon.colcon_core.package_identification:_identify(robot) by extension 'ignore_ament_install'
[2.181s] Level 1:colcon.colcon_core.package_identification:_identify(robot) by extensions ['colcon_pkg']
[2.182s] Level 1:colcon.colcon_core.package_identification:_identify(robot) by extension 'colcon_pkg'
[2.182s] Level 1:colcon.colcon_core.package_identification:_identify(robot) by extensions ['colcon_meta']
[2.182s] Level 1:colcon.colcon_core.package_identification:_identify(robot) by extension 'colcon_meta'
[2.182s] Level 1:colcon.colcon_core.package_identification:_identify(robot) by extensions ['ros']
[2.182s] Level 1:colcon.colcon_core.package_identification:_identify(robot) by extension 'ros'
[2.185s] DEBUG:colcon.colcon_core.package_identification:Package 'robot' with type 'ros.ament_python' and name 'robot'
[2.186s] Level 1:colcon.colcon_core.package_discovery:discover_packages(recursive) using defaults
[2.186s] Level 1:colcon.colcon_core.package_discovery:discover_packages(ignore) discover
[2.186s] Level 1:colcon.colcon_core.package_discovery:discover_packages(ignore) using defaults
[2.186s] Level 1:colcon.colcon_core.package_discovery:discover_packages(path) discover
[2.186s] Level 1:colcon.colcon_core.package_discovery:discover_packages(path) using defaults
[2.354s] Level 1:colcon.colcon_core.package_discovery:discover_packages(prefix_path) check parameters
[2.355s] Level 1:colcon.colcon_core.package_discovery:discover_packages(prefix_path) discover
[2.376s] DEBUG:colcon.colcon_installed_package_information.package_discovery:Found 272 installed packages in /opt/ros/humble
[2.384s] Level 1:colcon.colcon_core.package_discovery:discover_packages(prefix_path) using defaults
[2.565s] Level 5:colcon.colcon_core.verb:set package 'line_sensors' build argument 'cmake_args' from command line to 'None'
[2.566s] Level 5:colcon.colcon_core.verb:set package 'line_sensors' build argument 'cmake_target' from command line to 'None'
[2.566s] Level 5:colcon.colcon_core.verb:set package 'line_sensors' build argument 'cmake_target_skip_unavailable' from command line to 'False'
[2.566s] Level 5:colcon.colcon_core.verb:set package 'line_sensors' build argument 'cmake_clean_cache' from command line to 'False'
[2.566s] Level 5:colcon.colcon_core.verb:set package 'line_sensors' build argument 'cmake_clean_first' from command line to 'False'
[2.566s] Level 5:colcon.colcon_core.verb:set package 'line_sensors' build argument 'cmake_force_configure' from command line to 'False'
[2.566s] Level 5:colcon.colcon_core.verb:set package 'line_sensors' build argument 'ament_cmake_args' from command line to 'None'
[2.566s] Level 5:colcon.colcon_core.verb:set package 'line_sensors' build argument 'catkin_cmake_args' from command line to 'None'
[2.566s] Level 5:colcon.colcon_core.verb:set package 'line_sensors' build argument 'catkin_skip_building_tests' from command line to 'False'
[2.567s] DEBUG:colcon.colcon_core.verb:Building package 'line_sensors' with the following arguments: {'ament_cmake_args': None, 'build_base': '/home/aclab/Desktop/workspaces/RobotROS2/ros2_ws/src/build/line_sensors', 'catkin_cmake_args': None, 'catkin_skip_building_tests': False, 'cmake_args': None, 'cmake_clean_cache': False, 'cmake_clean_first': False, 'cmake_force_configure': False, 'cmake_target': None, 'cmake_target_skip_unavailable': False, 'install_base': '/home/aclab/Desktop/workspaces/RobotROS2/ros2_ws/src/install/line_sensors', 'merge_install': False, 'path': '/home/aclab/Desktop/workspaces/RobotROS2/ros2_ws/src/line_sensors', 'symlink_install': False, 'test_result_base': None}
[2.568s] Level 5:colcon.colcon_core.verb:set package 'mqtt_bridge' build argument 'cmake_args' from command line to 'None'
[2.568s] Level 5:colcon.colcon_core.verb:set package 'mqtt_bridge' build argument 'cmake_target' from command line to 'None'
[2.569s] Level 5:colcon.colcon_core.verb:set package 'mqtt_bridge' build argument 'cmake_target_skip_unavailable' from command line to 'False'
[2.569s] Level 5:colcon.colcon_core.verb:set package 'mqtt_bridge' build argument 'cmake_clean_cache' from command line to 'False'
[2.569s] Level 5:colcon.colcon_core.verb:set package 'mqtt_bridge' build argument 'cmake_clean_first' from command line to 'False'
[2.569s] Level 5:colcon.colcon_core.verb:set package 'mqtt_bridge' build argument 'cmake_force_configure' from command line to 'False'
[2.569s] Level 5:colcon.colcon_core.verb:set package 'mqtt_bridge' build argument 'ament_cmake_args' from command line to 'None'
[2.569s] Level 5:colcon.colcon_core.verb:set package 'mqtt_bridge' build argument 'catkin_cmake_args' from command line to 'None'
[2.569s] Level 5:colcon.colcon_core.verb:set package 'mqtt_bridge' build argument 'catkin_skip_building_tests' from command line to 'False'
[2.569s] DEBUG:colcon.colcon_core.verb:Building package 'mqtt_bridge' with the following arguments: {'ament_cmake_args': None, 'build_base': '/home/aclab/Desktop/workspaces/RobotROS2/ros2_ws/src/build/mqtt_bridge', 'catkin_cmake_args': None, 'catkin_skip_building_tests': False, 'cmake_args': None, 'cmake_clean_cache': False, 'cmake_clean_first': False, 'cmake_force_configure': False, 'cmake_target': None, 'cmake_target_skip_unavailable': False, 'install_base': '/home/aclab/Desktop/workspaces/RobotROS2/ros2_ws/src/install/mqtt_bridge', 'merge_install': False, 'path': '/home/aclab/Desktop/workspaces/RobotROS2/ros2_ws/src/mqtt_bridge', 'symlink_install': False, 'test_result_base': None}
[2.571s] Level 5:colcon.colcon_core.verb:set package 'robot' build argument 'cmake_args' from command line to 'None'
[2.571s] Level 5:colcon.colcon_core.verb:set package 'robot' build argument 'cmake_target' from command line to 'None'
[2.571s] Level 5:colcon.colcon_core.verb:set package 'robot' build argument 'cmake_target_skip_unavailable' from command line to 'False'
[2.571s] Level 5:colcon.colcon_core.verb:set package 'robot' build argument 'cmake_clean_cache' from command line to 'False'
[2.571s] Level 5:colcon.colcon_core.verb:set package 'robot' build argument 'cmake_clean_first' from command line to 'False'
[2.572s] Level 5:colcon.colcon_core.verb:set package 'robot' build argument 'cmake_force_configure' from command line to 'False'
[2.572s] Level 5:colcon.colcon_core.verb:set package 'robot' build argument 'ament_cmake_args' from command line to 'None'
[2.572s] Level 5:colcon.colcon_core.verb:set package 'robot' build argument 'catkin_cmake_args' from command line to 'None'
[2.572s] Level 5:colcon.colcon_core.verb:set package 'robot' build argument 'catkin_skip_building_tests' from command line to 'False'
[2.572s] DEBUG:colcon.colcon_core.verb:Building package 'robot' with the following arguments: {'ament_cmake_args': None, 'build_base': '/home/aclab/Desktop/workspaces/RobotROS2/ros2_ws/src/build/robot', 'catkin_cmake_args': None, 'catkin_skip_building_tests': False, 'cmake_args': None, 'cmake_clean_cache': False, 'cmake_clean_first': False, 'cmake_force_configure': False, 'cmake_target': None, 'cmake_target_skip_unavailable': False, 'install_base': '/home/aclab/Desktop/workspaces/RobotROS2/ros2_ws/src/install/robot', 'merge_install': False, 'path': '/home/aclab/Desktop/workspaces/RobotROS2/ros2_ws/src/robot', 'symlink_install': False, 'test_result_base': None}
[2.573s] INFO:colcon.colcon_core.executor:Executing jobs using 'parallel' executor
[2.576s] DEBUG:colcon.colcon_parallel_executor.executor.parallel:run_until_complete
[2.577s] INFO:colcon.colcon_ros.task.ament_python.build:Building ROS package in '/home/aclab/Desktop/workspaces/RobotROS2/ros2_ws/src/line_sensors' with build type 'ament_python'
[2.578s] Level 1:colcon.colcon_core.shell:create_environment_hook('line_sensors', 'ament_prefix_path')
[2.596s] INFO:colcon.colcon_core.plugin_system:Skipping extension 'colcon_core.shell.bat': Not used on non-Windows systems
[2.597s] INFO:colcon.colcon_core.shell:Creating environment hook '/home/aclab/Desktop/workspaces/RobotROS2/ros2_ws/src/install/line_sensors/share/line_sensors/hook/ament_prefix_path.ps1'
[2.603s] INFO:colcon.colcon_core.shell:Creating environment descriptor '/home/aclab/Desktop/workspaces/RobotROS2/ros2_ws/src/install/line_sensors/share/line_sensors/hook/ament_prefix_path.dsv'
[2.607s] INFO:colcon.colcon_core.shell:Creating environment hook '/home/aclab/Desktop/workspaces/RobotROS2/ros2_ws/src/install/line_sensors/share/line_sensors/hook/ament_prefix_path.sh'
[2.612s] INFO:colcon.colcon_core.shell:Skip shell extension 'powershell' for command environment: Not usable outside of PowerShell
[2.613s] DEBUG:colcon.colcon_core.shell:Skip shell extension 'dsv' for command environment
[2.633s] INFO:colcon.colcon_ros.task.ament_python.build:Building ROS package in '/home/aclab/Desktop/workspaces/RobotROS2/ros2_ws/src/mqtt_bridge' with build type 'ament_python'
[2.634s] Level 1:colcon.colcon_core.shell:create_environment_hook('mqtt_bridge', 'ament_prefix_path')
[2.635s] INFO:colcon.colcon_core.shell:Creating environment hook '/home/aclab/Desktop/workspaces/RobotROS2/ros2_ws/src/install/mqtt_bridge/share/mqtt_bridge/hook/ament_prefix_path.ps1'
[2.638s] INFO:colcon.colcon_core.shell:Creating environment descriptor '/home/aclab/Desktop/workspaces/RobotROS2/ros2_ws/src/install/mqtt_bridge/share/mqtt_bridge/hook/ament_prefix_path.dsv'
[2.641s] INFO:colcon.colcon_core.shell:Creating environment hook '/home/aclab/Desktop/workspaces/RobotROS2/ros2_ws/src/install/mqtt_bridge/share/mqtt_bridge/hook/ament_prefix_path.sh'
[2.644s] INFO:colcon.colcon_core.shell:Skip shell extension 'powershell' for command environment: Not usable outside of PowerShell
[2.644s] DEBUG:colcon.colcon_core.shell:Skip shell extension 'dsv' for command environment
[2.659s] INFO:colcon.colcon_ros.task.ament_python.build:Building ROS package in '/home/aclab/Desktop/workspaces/RobotROS2/ros2_ws/src/robot' with build type 'ament_python'
[2.660s] Level 1:colcon.colcon_core.shell:create_environment_hook('robot', 'ament_prefix_path')
[2.662s] INFO:colcon.colcon_core.shell:Creating environment hook '/home/aclab/Desktop/workspaces/RobotROS2/ros2_ws/src/install/robot/share/robot/hook/ament_prefix_path.ps1'
[2.664s] INFO:colcon.colcon_core.shell:Creating environment descriptor '/home/aclab/Desktop/workspaces/RobotROS2/ros2_ws/src/install/robot/share/robot/hook/ament_prefix_path.dsv'
[2.667s] INFO:colcon.colcon_core.shell:Creating environment hook '/home/aclab/Desktop/workspaces/RobotROS2/ros2_ws/src/install/robot/share/robot/hook/ament_prefix_path.sh'
[2.670s] INFO:colcon.colcon_core.shell:Skip shell extension 'powershell' for command environment: Not usable outside of PowerShell
[2.670s] DEBUG:colcon.colcon_core.shell:Skip shell extension 'dsv' for command environment
[3.886s] INFO:colcon.colcon_core.task.python.build:Building Python package in '/home/aclab/Desktop/workspaces/RobotROS2/ros2_ws/src/line_sensors'
[3.887s] INFO:colcon.colcon_core.shell:Skip shell extension 'powershell' for command environment: Not usable outside of PowerShell
[3.888s] DEBUG:colcon.colcon_core.shell:Skip shell extension 'dsv' for command environment
[5.092s] INFO:colcon.colcon_core.task.python.build:Building Python package in '/home/aclab/Desktop/workspaces/RobotROS2/ros2_ws/src/mqtt_bridge'
[5.093s] INFO:colcon.colcon_core.shell:Skip shell extension 'powershell' for command environment: Not usable outside of PowerShell
[5.093s] DEBUG:colcon.colcon_core.shell:Skip shell extension 'dsv' for command environment
[6.296s] INFO:colcon.colcon_core.task.python.build:Building Python package in '/home/aclab/Desktop/workspaces/RobotROS2/ros2_ws/src/robot'
[6.298s] INFO:colcon.colcon_core.shell:Skip shell extension 'powershell' for command environment: Not usable outside of PowerShell
[6.298s] DEBUG:colcon.colcon_core.shell:Skip shell extension 'dsv' for command environment
[8.627s] DEBUG:colcon.colcon_core.event_handler.log_command:Invoking command in '/home/aclab/Desktop/workspaces/RobotROS2/ros2_ws/src/line_sensors': PYTHONPATH=/home/aclab/Desktop/workspaces/RobotROS2/ros2_ws/src/build/line_sensors/prefix_override:/usr/lib/python3/dist-packages/colcon_core/task/python/colcon_distutils_commands:/home/aclab/Desktop/workspaces/RobotROS2/ros2_ws/src/install/line_sensors/lib/python3.10/site-packages:${PYTHONPATH} /usr/bin/python3 -W ignore:setup.py install is deprecated -W ignore:easy_install command is deprecated setup.py egg_info --egg-base ../build/line_sensors build --build-base /home/aclab/Desktop/workspaces/RobotROS2/ros2_ws/src/build/line_sensors/build install --record /home/aclab/Desktop/workspaces/RobotROS2/ros2_ws/src/build/line_sensors/install.log --single-version-externally-managed install_data
[8.667s] DEBUG:colcon.colcon_core.event_handler.log_command:Invoking command in '/home/aclab/Desktop/workspaces/RobotROS2/ros2_ws/src/robot': PYTHONPATH=/home/aclab/Desktop/workspaces/RobotROS2/ros2_ws/src/build/robot/prefix_override:/usr/lib/python3/dist-packages/colcon_core/task/python/colcon_distutils_commands:/home/aclab/Desktop/workspaces/RobotROS2/ros2_ws/src/install/robot/lib/python3.10/site-packages:${PYTHONPATH} /usr/bin/python3 -W ignore:setup.py install is deprecated -W ignore:easy_install command is deprecated setup.py egg_info --egg-base ../build/robot build --build-base /home/aclab/Desktop/workspaces/RobotROS2/ros2_ws/src/build/robot/build install --record /home/aclab/Desktop/workspaces/RobotROS2/ros2_ws/src/build/robot/install.log --single-version-externally-managed install_data
[8.677s] DEBUG:colcon.colcon_core.event_handler.log_command:Invoking command in '/home/aclab/Desktop/workspaces/RobotROS2/ros2_ws/src/mqtt_bridge': PYTHONPATH=/home/aclab/Desktop/workspaces/RobotROS2/ros2_ws/src/build/mqtt_bridge/prefix_override:/usr/lib/python3/dist-packages/colcon_core/task/python/colcon_distutils_commands:/home/aclab/Desktop/workspaces/RobotROS2/ros2_ws/src/install/mqtt_bridge/lib/python3.10/site-packages:${PYTHONPATH} /usr/bin/python3 -W ignore:setup.py install is deprecated -W ignore:easy_install command is deprecated setup.py egg_info --egg-base ../build/mqtt_bridge build --build-base /home/aclab/Desktop/workspaces/RobotROS2/ros2_ws/src/build/mqtt_bridge/build install --record /home/aclab/Desktop/workspaces/RobotROS2/ros2_ws/src/build/mqtt_bridge/install.log --single-version-externally-managed install_data
[10.662s] DEBUG:colcon.colcon_core.event_handler.log_command:Invoked command in '/home/aclab/Desktop/workspaces/RobotROS2/ros2_ws/src/robot' returned '0': PYTHONPATH=/home/aclab/Desktop/workspaces/RobotROS2/ros2_ws/src/build/robot/prefix_override:/usr/lib/python3/dist-packages/colcon_core/task/python/colcon_distutils_commands:/home/aclab/Desktop/workspaces/RobotROS2/ros2_ws/src/install/robot/lib/python3.10/site-packages:${PYTHONPATH} /usr/bin/python3 -W ignore:setup.py install is deprecated -W ignore:easy_install command is deprecated setup.py egg_info --egg-base ../build/robot build --build-base /home/aclab/Desktop/workspaces/RobotROS2/ros2_ws/src/build/robot/build install --record /home/aclab/Desktop/workspaces/RobotROS2/ros2_ws/src/build/robot/install.log --single-version-externally-managed install_data
[10.688s] Level 1:colcon.colcon_core.environment:checking '/home/aclab/Desktop/workspaces/RobotROS2/ros2_ws/src/install/robot' for CMake module files
[10.690s] Level 1:colcon.colcon_core.environment:checking '/home/aclab/Desktop/workspaces/RobotROS2/ros2_ws/src/install/robot' for CMake config files
[10.696s] Level 1:colcon.colcon_core.environment:checking '/home/aclab/Desktop/workspaces/RobotROS2/ros2_ws/src/install/robot/lib'
[10.697s] Level 1:colcon.colcon_core.environment:checking '/home/aclab/Desktop/workspaces/RobotROS2/ros2_ws/src/install/robot/bin'
[10.697s] Level 1:colcon.colcon_core.environment:checking '/home/aclab/Desktop/workspaces/RobotROS2/ros2_ws/src/install/robot/lib/pkgconfig/robot.pc'
[10.698s] Level 1:colcon.colcon_core.environment:checking '/home/aclab/Desktop/workspaces/RobotROS2/ros2_ws/src/install/robot/lib/python3.10/site-packages'
[10.699s] Level 1:colcon.colcon_core.shell:create_environment_hook('robot', 'pythonpath')
[10.700s] INFO:colcon.colcon_core.shell:Creating environment hook '/home/aclab/Desktop/workspaces/RobotROS2/ros2_ws/src/install/robot/share/robot/hook/pythonpath.ps1'
[10.704s] INFO:colcon.colcon_core.shell:Creating environment descriptor '/home/aclab/Desktop/workspaces/RobotROS2/ros2_ws/src/install/robot/share/robot/hook/pythonpath.dsv'
[10.706s] INFO:colcon.colcon_core.shell:Creating environment hook '/home/aclab/Desktop/workspaces/RobotROS2/ros2_ws/src/install/robot/share/robot/hook/pythonpath.sh'
[10.710s] Level 1:colcon.colcon_core.environment:checking '/home/aclab/Desktop/workspaces/RobotROS2/ros2_ws/src/install/robot/bin'
[10.711s] Level 1:colcon.colcon_core.environment:create_environment_scripts_only(robot)
[10.712s] INFO:colcon.colcon_core.shell:Creating package script '/home/aclab/Desktop/workspaces/RobotROS2/ros2_ws/src/install/robot/share/robot/package.ps1'
[10.718s] INFO:colcon.colcon_core.shell:Creating package descriptor '/home/aclab/Desktop/workspaces/RobotROS2/ros2_ws/src/install/robot/share/robot/package.dsv'
[10.725s] INFO:colcon.colcon_core.shell:Creating package script '/home/aclab/Desktop/workspaces/RobotROS2/ros2_ws/src/install/robot/share/robot/package.sh'
[10.729s] INFO:colcon.colcon_core.shell:Creating package script '/home/aclab/Desktop/workspaces/RobotROS2/ros2_ws/src/install/robot/share/robot/package.bash'
[10.735s] INFO:colcon.colcon_core.shell:Creating package script '/home/aclab/Desktop/workspaces/RobotROS2/ros2_ws/src/install/robot/share/robot/package.zsh'
[10.740s] Level 1:colcon.colcon_core.environment:create_file_with_runtime_dependencies(/home/aclab/Desktop/workspaces/RobotROS2/ros2_ws/src/install/robot/share/colcon-core/packages/robot)
[10.746s] Level 1:colcon.colcon_core.environment:checking '/home/aclab/Desktop/workspaces/RobotROS2/ros2_ws/src/install/line_sensors' for CMake module files
[10.748s] DEBUG:colcon.colcon_core.event_handler.log_command:Invoked command in '/home/aclab/Desktop/workspaces/RobotROS2/ros2_ws/src/line_sensors' returned '0': PYTHONPATH=/home/aclab/Desktop/workspaces/RobotROS2/ros2_ws/src/build/line_sensors/prefix_override:/usr/lib/python3/dist-packages/colcon_core/task/python/colcon_distutils_commands:/home/aclab/Desktop/workspaces/RobotROS2/ros2_ws/src/install/line_sensors/lib/python3.10/site-packages:${PYTHONPATH} /usr/bin/python3 -W ignore:setup.py install is deprecated -W ignore:easy_install command is deprecated setup.py egg_info --egg-base ../build/line_sensors build --build-base /home/aclab/Desktop/workspaces/RobotROS2/ros2_ws/src/build/line_sensors/build install --record /home/aclab/Desktop/workspaces/RobotROS2/ros2_ws/src/build/line_sensors/install.log --single-version-externally-managed install_data
[10.750s] Level 1:colcon.colcon_core.environment:checking '/home/aclab/Desktop/workspaces/RobotROS2/ros2_ws/src/install/line_sensors' for CMake config files
[10.754s] Level 1:colcon.colcon_core.environment:checking '/home/aclab/Desktop/workspaces/RobotROS2/ros2_ws/src/install/line_sensors/lib'
[10.755s] Level 1:colcon.colcon_core.environment:checking '/home/aclab/Desktop/workspaces/RobotROS2/ros2_ws/src/install/line_sensors/bin'
[10.755s] Level 1:colcon.colcon_core.environment:checking '/home/aclab/Desktop/workspaces/RobotROS2/ros2_ws/src/install/line_sensors/lib/pkgconfig/line_sensors.pc'
[10.756s] Level 1:colcon.colcon_core.environment:checking '/home/aclab/Desktop/workspaces/RobotROS2/ros2_ws/src/install/line_sensors/lib/python3.10/site-packages'
[10.756s] Level 1:colcon.colcon_core.shell:create_environment_hook('line_sensors', 'pythonpath')
[10.757s] INFO:colcon.colcon_core.shell:Creating environment hook '/home/aclab/Desktop/workspaces/RobotROS2/ros2_ws/src/install/line_sensors/share/line_sensors/hook/pythonpath.ps1'
[10.760s] INFO:colcon.colcon_core.shell:Creating environment descriptor '/home/aclab/Desktop/workspaces/RobotROS2/ros2_ws/src/install/line_sensors/share/line_sensors/hook/pythonpath.dsv'
[10.762s] INFO:colcon.colcon_core.shell:Creating environment hook '/home/aclab/Desktop/workspaces/RobotROS2/ros2_ws/src/install/line_sensors/share/line_sensors/hook/pythonpath.sh'
[10.766s] Level 1:colcon.colcon_core.environment:checking '/home/aclab/Desktop/workspaces/RobotROS2/ros2_ws/src/install/line_sensors/bin'
[10.767s] Level 1:colcon.colcon_core.environment:create_environment_scripts_only(line_sensors)
[10.768s] INFO:colcon.colcon_core.shell:Creating package script '/home/aclab/Desktop/workspaces/RobotROS2/ros2_ws/src/install/line_sensors/share/line_sensors/package.ps1'
[10.771s] INFO:colcon.colcon_core.shell:Creating package descriptor '/home/aclab/Desktop/workspaces/RobotROS2/ros2_ws/src/install/line_sensors/share/line_sensors/package.dsv'
[10.773s] INFO:colcon.colcon_core.shell:Creating package script '/home/aclab/Desktop/workspaces/RobotROS2/ros2_ws/src/install/line_sensors/share/line_sensors/package.sh'
[10.776s] INFO:colcon.colcon_core.shell:Creating package script '/home/aclab/Desktop/workspaces/RobotROS2/ros2_ws/src/install/line_sensors/share/line_sensors/package.bash'
[10.778s] INFO:colcon.colcon_core.shell:Creating package script '/home/aclab/Desktop/workspaces/RobotROS2/ros2_ws/src/install/line_sensors/share/line_sensors/package.zsh'
[10.781s] Level 1:colcon.colcon_core.environment:create_file_with_runtime_dependencies(/home/aclab/Desktop/workspaces/RobotROS2/ros2_ws/src/install/line_sensors/share/colcon-core/packages/line_sensors)
[10.784s] Level 1:colcon.colcon_core.environment:checking '/home/aclab/Desktop/workspaces/RobotROS2/ros2_ws/src/install/mqtt_bridge' for CMake module files
[10.788s] Level 1:colcon.colcon_core.environment:checking '/home/aclab/Desktop/workspaces/RobotROS2/ros2_ws/src/install/mqtt_bridge' for CMake config files
[10.794s] Level 1:colcon.colcon_core.environment:checking '/home/aclab/Desktop/workspaces/RobotROS2/ros2_ws/src/install/mqtt_bridge/lib'
[10.795s] Level 1:colcon.colcon_core.environment:checking '/home/aclab/Desktop/workspaces/RobotROS2/ros2_ws/src/install/mqtt_bridge/bin'
[10.797s] Level 1:colcon.colcon_core.environment:checking '/home/aclab/Desktop/workspaces/RobotROS2/ros2_ws/src/install/mqtt_bridge/lib/pkgconfig/mqtt_bridge.pc'
[10.799s] Level 1:colcon.colcon_core.environment:checking '/home/aclab/Desktop/workspaces/RobotROS2/ros2_ws/src/install/mqtt_bridge/lib/python3.10/site-packages'
[10.799s] Level 1:colcon.colcon_core.shell:create_environment_hook('mqtt_bridge', 'pythonpath')
[10.801s] INFO:colcon.colcon_core.shell:Creating environment hook '/home/aclab/Desktop/workspaces/RobotROS2/ros2_ws/src/install/mqtt_bridge/share/mqtt_bridge/hook/pythonpath.ps1'
[10.806s] DEBUG:colcon.colcon_core.event_handler.log_command:Invoked command in '/home/aclab/Desktop/workspaces/RobotROS2/ros2_ws/src/mqtt_bridge' returned '0': PYTHONPATH=/home/aclab/Desktop/workspaces/RobotROS2/ros2_ws/src/build/mqtt_bridge/prefix_override:/usr/lib/python3/dist-packages/colcon_core/task/python/colcon_distutils_commands:/home/aclab/Desktop/workspaces/RobotROS2/ros2_ws/src/install/mqtt_bridge/lib/python3.10/site-packages:${PYTHONPATH} /usr/bin/python3 -W ignore:setup.py install is deprecated -W ignore:easy_install command is deprecated setup.py egg_info --egg-base ../build/mqtt_bridge build --build-base /home/aclab/Desktop/workspaces/RobotROS2/ros2_ws/src/build/mqtt_bridge/build install --record /home/aclab/Desktop/workspaces/RobotROS2/ros2_ws/src/build/mqtt_bridge/install.log --single-version-externally-managed install_data
[10.807s] INFO:colcon.colcon_core.shell:Creating environment descriptor '/home/aclab/Desktop/workspaces/RobotROS2/ros2_ws/src/install/mqtt_bridge/share/mqtt_bridge/hook/pythonpath.dsv'
[10.810s] INFO:colcon.colcon_core.shell:Creating environment hook '/home/aclab/Desktop/workspaces/RobotROS2/ros2_ws/src/install/mqtt_bridge/share/mqtt_bridge/hook/pythonpath.sh'
[10.814s] Level 1:colcon.colcon_core.environment:checking '/home/aclab/Desktop/workspaces/RobotROS2/ros2_ws/src/install/mqtt_bridge/bin'
[10.815s] Level 1:colcon.colcon_core.environment:create_environment_scripts_only(mqtt_bridge)
[10.816s] INFO:colcon.colcon_core.shell:Creating package script '/home/aclab/Desktop/workspaces/RobotROS2/ros2_ws/src/install/mqtt_bridge/share/mqtt_bridge/package.ps1'
[10.820s] INFO:colcon.colcon_core.shell:Creating package descriptor '/home/aclab/Desktop/workspaces/RobotROS2/ros2_ws/src/install/mqtt_bridge/share/mqtt_bridge/package.dsv'
[10.823s] INFO:colcon.colcon_core.shell:Creating package script '/home/aclab/Desktop/workspaces/RobotROS2/ros2_ws/src/install/mqtt_bridge/share/mqtt_bridge/package.sh'
[10.826s] INFO:colcon.colcon_core.shell:Creating package script '/home/aclab/Desktop/workspaces/RobotROS2/ros2_ws/src/install/mqtt_bridge/share/mqtt_bridge/package.bash'
[10.829s] INFO:colcon.colcon_core.shell:Creating package script '/home/aclab/Desktop/workspaces/RobotROS2/ros2_ws/src/install/mqtt_bridge/share/mqtt_bridge/package.zsh'
[10.832s] Level 1:colcon.colcon_core.environment:create_file_with_runtime_dependencies(/home/aclab/Desktop/workspaces/RobotROS2/ros2_ws/src/install/mqtt_bridge/share/colcon-core/packages/mqtt_bridge)
[10.833s] DEBUG:colcon.colcon_parallel_executor.executor.parallel:closing loop
[10.834s] DEBUG:colcon.colcon_parallel_executor.executor.parallel:loop closed
[10.835s] DEBUG:colcon.colcon_parallel_executor.executor.parallel:run_until_complete finished with '0'
[10.835s] DEBUG:colcon.colcon_core.event_reactor:joining thread
[10.864s] INFO:colcon.colcon_core.plugin_system:Skipping extension 'colcon_notification.desktop_notification.terminal_notifier': Not used on non-Darwin systems
[10.865s] INFO:colcon.colcon_core.plugin_system:Skipping extension 'colcon_notification.desktop_notification.win32': Not used on non-Windows systems
[10.865s] INFO:colcon.colcon_notification.desktop_notification:Sending desktop notification using 'notify2'
[10.871s] DEBUG:colcon.colcon_notification.desktop_notification.notify2:Failed to initialize notify2: org.freedesktop.DBus.Error.ServiceUnknown: The name org.freedesktop.Notifications was not provided by any .service files
[10.871s] DEBUG:colcon.colcon_core.event_reactor:joined thread
[10.872s] INFO:colcon.colcon_core.shell:Creating prefix script '/home/aclab/Desktop/workspaces/RobotROS2/ros2_ws/src/install/local_setup.ps1'
[10.879s] INFO:colcon.colcon_core.shell:Creating prefix util module '/home/aclab/Desktop/workspaces/RobotROS2/ros2_ws/src/install/_local_setup_util_ps1.py'
[10.890s] INFO:colcon.colcon_core.shell:Creating prefix chain script '/home/aclab/Desktop/workspaces/RobotROS2/ros2_ws/src/install/setup.ps1'
[10.896s] INFO:colcon.colcon_core.shell:Creating prefix script '/home/aclab/Desktop/workspaces/RobotROS2/ros2_ws/src/install/local_setup.sh'
[10.901s] INFO:colcon.colcon_core.shell:Creating prefix util module '/home/aclab/Desktop/workspaces/RobotROS2/ros2_ws/src/install/_local_setup_util_sh.py'
[10.904s] INFO:colcon.colcon_core.shell:Creating prefix chain script '/home/aclab/Desktop/workspaces/RobotROS2/ros2_ws/src/install/setup.sh'
[10.909s] INFO:colcon.colcon_core.shell:Creating prefix script '/home/aclab/Desktop/workspaces/RobotROS2/ros2_ws/src/install/local_setup.bash'
[10.912s] INFO:colcon.colcon_core.shell:Creating prefix chain script '/home/aclab/Desktop/workspaces/RobotROS2/ros2_ws/src/install/setup.bash'
[10.917s] INFO:colcon.colcon_core.shell:Creating prefix script '/home/aclab/Desktop/workspaces/RobotROS2/ros2_ws/src/install/local_setup.zsh'
[10.921s] INFO:colcon.colcon_core.shell:Creating prefix chain script '/home/aclab/Desktop/workspaces/RobotROS2/ros2_ws/src/install/setup.zsh'
