[5.940s] Invoking command in '/home/aclab/Desktop/workspaces/RobotROS2/ros2_ws/src/line_sensors': PYTHONPATH=/home/aclab/Desktop/workspaces/RobotROS2/ros2_ws/src/build/line_sensors/prefix_override:/usr/lib/python3/dist-packages/colcon_core/task/python/colcon_distutils_commands:/home/aclab/Desktop/workspaces/RobotROS2/ros2_ws/src/install/line_sensors/lib/python3.10/site-packages:${PYTHONPATH} /usr/bin/python3 -W ignore:setup.py install is deprecated -W ignore:easy_install command is deprecated setup.py egg_info --egg-base ../build/line_sensors build --build-base /home/aclab/Desktop/workspaces/RobotROS2/ros2_ws/src/build/line_sensors/build install --record /home/aclab/Desktop/workspaces/RobotROS2/ros2_ws/src/build/line_sensors/install.log --single-version-externally-managed install_data
[7.487s] running egg_info
[7.492s] writing ../build/line_sensors/line_sensors.egg-info/PKG-INFO
[7.498s] writing dependency_links to ../build/line_sensors/line_sensors.egg-info/dependency_links.txt
[7.498s] writing entry points to ../build/line_sensors/line_sensors.egg-info/entry_points.txt
[7.499s] writing requirements to ../build/line_sensors/line_sensors.egg-info/requires.txt
[7.499s] writing top-level names to ../build/line_sensors/line_sensors.egg-info/top_level.txt
[7.506s] reading manifest file '../build/line_sensors/line_sensors.egg-info/SOURCES.txt'
[7.511s] writing manifest file '../build/line_sensors/line_sensors.egg-info/SOURCES.txt'
[7.515s] running build
[7.518s] running build_py
[7.521s] running install
[7.526s] running install_lib
[7.533s] running install_data
[7.536s] running install_egg_info
[7.539s] removing '/home/aclab/Desktop/workspaces/RobotROS2/ros2_ws/src/install/line_sensors/lib/python3.10/site-packages/line_sensors-0.0.0-py3.10.egg-info' (and everything under it)
[7.542s] Copying ../build/line_sensors/line_sensors.egg-info to /home/aclab/Desktop/workspaces/RobotROS2/ros2_ws/src/install/line_sensors/lib/python3.10/site-packages/line_sensors-0.0.0-py3.10.egg-info
[7.554s] running install_scripts
[7.653s] Installing line_sensors script to /home/aclab/Desktop/workspaces/RobotROS2/ros2_ws/src/install/line_sensors/lib/line_sensors
[7.657s] writing list of installed files to '/home/aclab/Desktop/workspaces/RobotROS2/ros2_ws/src/build/line_sensors/install.log'
[7.908s] Invoked command in '/home/aclab/Desktop/workspaces/RobotROS2/ros2_ws/src/line_sensors' returned '0': PYTHONPATH=/home/aclab/Desktop/workspaces/RobotROS2/ros2_ws/src/build/line_sensors/prefix_override:/usr/lib/python3/dist-packages/colcon_core/task/python/colcon_distutils_commands:/home/aclab/Desktop/workspaces/RobotROS2/ros2_ws/src/install/line_sensors/lib/python3.10/site-packages:${PYTHONPATH} /usr/bin/python3 -W ignore:setup.py install is deprecated -W ignore:easy_install command is deprecated setup.py egg_info --egg-base ../build/line_sensors build --build-base /home/aclab/Desktop/workspaces/RobotROS2/ros2_ws/src/build/line_sensors/build install --record /home/aclab/Desktop/workspaces/RobotROS2/ros2_ws/src/build/line_sensors/install.log --single-version-externally-managed install_data
