running develop
Removing /home/aclab/Desktop/workspaces/RobotROS2/ros2_ws/src/install/mqtt_bridge/lib/python3.10/site-packages/mqtt-bridge.egg-link (link to .)
running egg_info
writing ../build/mqtt_bridge/mqtt_bridge.egg-info/PKG-INFO
writing dependency_links to ../build/mqtt_bridge/mqtt_bridge.egg-info/dependency_links.txt
writing entry points to ../build/mqtt_bridge/mqtt_bridge.egg-info/entry_points.txt
writing requirements to ../build/mqtt_bridge/mqtt_bridge.egg-info/requires.txt
writing top-level names to ../build/mqtt_bridge/mqtt_bridge.egg-info/top_level.txt
reading manifest file '../build/mqtt_bridge/mqtt_bridge.egg-info/SOURCES.txt'
writing manifest file '../build/mqtt_bridge/mqtt_bridge.egg-info/SOURCES.txt'
running build
running build_py
copying mqtt_bridge/MQTTBridgeROS.py -> /home/aclab/Desktop/workspaces/RobotROS2/ros2_ws/src/build/mqtt_bridge/build/lib/mqtt_bridge
copying mqtt_bridge/MQTTBridgeROS2.py -> /home/aclab/Desktop/workspaces/RobotROS2/ros2_ws/src/build/mqtt_bridge/build/lib/mqtt_bridge
running install
running install_lib
creating /home/aclab/Desktop/workspaces/RobotROS2/ros2_ws/src/install/mqtt_bridge/lib/python3.10/site-packages/mqtt_bridge
copying /home/aclab/Desktop/workspaces/RobotROS2/ros2_ws/src/build/mqtt_bridge/build/lib/mqtt_bridge/__init__.py -> /home/aclab/Desktop/workspaces/RobotROS2/ros2_ws/src/install/mqtt_bridge/lib/python3.10/site-packages/mqtt_bridge
copying /home/aclab/Desktop/workspaces/RobotROS2/ros2_ws/src/build/mqtt_bridge/build/lib/mqtt_bridge/MQTTBridgeROS.py -> /home/aclab/Desktop/workspaces/RobotROS2/ros2_ws/src/install/mqtt_bridge/lib/python3.10/site-packages/mqtt_bridge
copying /home/aclab/Desktop/workspaces/RobotROS2/ros2_ws/src/build/mqtt_bridge/build/lib/mqtt_bridge/MQTTBridgeROS2.py -> /home/aclab/Desktop/workspaces/RobotROS2/ros2_ws/src/install/mqtt_bridge/lib/python3.10/site-packages/mqtt_bridge
byte-compiling /home/aclab/Desktop/workspaces/RobotROS2/ros2_ws/src/install/mqtt_bridge/lib/python3.10/site-packages/mqtt_bridge/__init__.py to __init__.cpython-310.pyc
byte-compiling /home/aclab/Desktop/workspaces/RobotROS2/ros2_ws/src/install/mqtt_bridge/lib/python3.10/site-packages/mqtt_bridge/MQTTBridgeROS.py to MQTTBridgeROS.cpython-310.pyc
byte-compiling /home/aclab/Desktop/workspaces/RobotROS2/ros2_ws/src/install/mqtt_bridge/lib/python3.10/site-packages/mqtt_bridge/MQTTBridgeROS2.py to MQTTBridgeROS2.cpython-310.pyc
running install_data
copying resource/mqtt_bridge -> /home/aclab/Desktop/workspaces/RobotROS2/ros2_ws/src/install/mqtt_bridge/share/ament_index/resource_index/packages
copying package.xml -> /home/aclab/Desktop/workspaces/RobotROS2/ros2_ws/src/install/mqtt_bridge/share/mqtt_bridge
running install_egg_info
Copying ../build/mqtt_bridge/mqtt_bridge.egg-info to /home/aclab/Desktop/workspaces/RobotROS2/ros2_ws/src/install/mqtt_bridge/lib/python3.10/site-packages/mqtt_bridge-0.0.0-py3.10.egg-info
running install_scripts
Installing mqtt_bridge script to /home/aclab/Desktop/workspaces/RobotROS2/ros2_ws/src/install/mqtt_bridge/lib/mqtt_bridge
writing list of installed files to '/home/aclab/Desktop/workspaces/RobotROS2/ros2_ws/src/build/mqtt_bridge/install.log'
