[6.166s] Invoking command in '/home/aclab/Desktop/workspaces/RobotROS2/ros2_ws/src/build/mqtt_bridge': PYTHONPATH=/home/aclab/Desktop/workspaces/RobotROS2/ros2_ws/src/build/mqtt_bridge/prefix_override:/usr/lib/python3/dist-packages/colcon_core/task/python/colcon_distutils_commands:/home/aclab/Desktop/workspaces/RobotROS2/ros2_ws/src/install/mqtt_bridge/lib/python3.10/site-packages:${PYTHONPATH} /usr/bin/python3 -W ignore:setup.py install is deprecated -W ignore:easy_install command is deprecated setup.py develop --uninstall --editable --build-directory /home/aclab/Desktop/workspaces/RobotROS2/ros2_ws/src/build/mqtt_bridge/build
[7.781s] running develop
[8.832s] Removing /home/aclab/Desktop/workspaces/RobotROS2/ros2_ws/src/install/mqtt_bridge/lib/python3.10/site-packages/mqtt-bridge.egg-link (link to .)
[9.046s] Invoked command in '/home/aclab/Desktop/workspaces/RobotROS2/ros2_ws/src/build/mqtt_bridge' returned '0': PYTHONPATH=/home/aclab/Desktop/workspaces/RobotROS2/ros2_ws/src/build/mqtt_bridge/prefix_override:/usr/lib/python3/dist-packages/colcon_core/task/python/colcon_distutils_commands:/home/aclab/Desktop/workspaces/RobotROS2/ros2_ws/src/install/mqtt_bridge/lib/python3.10/site-packages:${PYTHONPATH} /usr/bin/python3 -W ignore:setup.py install is deprecated -W ignore:easy_install command is deprecated setup.py develop --uninstall --editable --build-directory /home/aclab/Desktop/workspaces/RobotROS2/ros2_ws/src/build/mqtt_bridge/build
[9.056s] Invoking command in '/home/aclab/Desktop/workspaces/RobotROS2/ros2_ws/src/mqtt_bridge': PYTHONPATH=/home/aclab/Desktop/workspaces/RobotROS2/ros2_ws/src/build/mqtt_bridge/prefix_override:/usr/lib/python3/dist-packages/colcon_core/task/python/colcon_distutils_commands:/home/aclab/Desktop/workspaces/RobotROS2/ros2_ws/src/install/mqtt_bridge/lib/python3.10/site-packages:${PYTHONPATH} /usr/bin/python3 -W ignore:setup.py install is deprecated -W ignore:easy_install command is deprecated setup.py egg_info --egg-base ../build/mqtt_bridge build --build-base /home/aclab/Desktop/workspaces/RobotROS2/ros2_ws/src/build/mqtt_bridge/build install --record /home/aclab/Desktop/workspaces/RobotROS2/ros2_ws/src/build/mqtt_bridge/install.log --single-version-externally-managed install_data --force
[10.329s] running egg_info
[10.332s] writing ../build/mqtt_bridge/mqtt_bridge.egg-info/PKG-INFO
[10.333s] writing dependency_links to ../build/mqtt_bridge/mqtt_bridge.egg-info/dependency_links.txt
[10.335s] writing entry points to ../build/mqtt_bridge/mqtt_bridge.egg-info/entry_points.txt
[10.336s] writing requirements to ../build/mqtt_bridge/mqtt_bridge.egg-info/requires.txt
[10.338s] writing top-level names to ../build/mqtt_bridge/mqtt_bridge.egg-info/top_level.txt
[10.347s] reading manifest file '../build/mqtt_bridge/mqtt_bridge.egg-info/SOURCES.txt'
[10.354s] writing manifest file '../build/mqtt_bridge/mqtt_bridge.egg-info/SOURCES.txt'
[10.356s] running build
[10.356s] running build_py
[10.357s] copying mqtt_bridge/MQTTBridgeROS.py -> /home/aclab/Desktop/workspaces/RobotROS2/ros2_ws/src/build/mqtt_bridge/build/lib/mqtt_bridge
[10.358s] copying mqtt_bridge/MQTTBridgeROS2.py -> /home/aclab/Desktop/workspaces/RobotROS2/ros2_ws/src/build/mqtt_bridge/build/lib/mqtt_bridge
[10.358s] running install
[10.360s] running install_lib
[10.363s] creating /home/aclab/Desktop/workspaces/RobotROS2/ros2_ws/src/install/mqtt_bridge/lib/python3.10/site-packages/mqtt_bridge
[10.364s] copying /home/aclab/Desktop/workspaces/RobotROS2/ros2_ws/src/build/mqtt_bridge/build/lib/mqtt_bridge/__init__.py -> /home/aclab/Desktop/workspaces/RobotROS2/ros2_ws/src/install/mqtt_bridge/lib/python3.10/site-packages/mqtt_bridge
[10.365s] copying /home/aclab/Desktop/workspaces/RobotROS2/ros2_ws/src/build/mqtt_bridge/build/lib/mqtt_bridge/MQTTBridgeROS.py -> /home/aclab/Desktop/workspaces/RobotROS2/ros2_ws/src/install/mqtt_bridge/lib/python3.10/site-packages/mqtt_bridge
[10.366s] copying /home/aclab/Desktop/workspaces/RobotROS2/ros2_ws/src/build/mqtt_bridge/build/lib/mqtt_bridge/MQTTBridgeROS2.py -> /home/aclab/Desktop/workspaces/RobotROS2/ros2_ws/src/install/mqtt_bridge/lib/python3.10/site-packages/mqtt_bridge
[10.373s] byte-compiling /home/aclab/Desktop/workspaces/RobotROS2/ros2_ws/src/install/mqtt_bridge/lib/python3.10/site-packages/mqtt_bridge/__init__.py to __init__.cpython-310.pyc
[10.375s] byte-compiling /home/aclab/Desktop/workspaces/RobotROS2/ros2_ws/src/install/mqtt_bridge/lib/python3.10/site-packages/mqtt_bridge/MQTTBridgeROS.py to MQTTBridgeROS.cpython-310.pyc
[10.381s] byte-compiling /home/aclab/Desktop/workspaces/RobotROS2/ros2_ws/src/install/mqtt_bridge/lib/python3.10/site-packages/mqtt_bridge/MQTTBridgeROS2.py to MQTTBridgeROS2.cpython-310.pyc
[10.383s] running install_data
[10.383s] copying resource/mqtt_bridge -> /home/aclab/Desktop/workspaces/RobotROS2/ros2_ws/src/install/mqtt_bridge/share/ament_index/resource_index/packages
[10.384s] copying package.xml -> /home/aclab/Desktop/workspaces/RobotROS2/ros2_ws/src/install/mqtt_bridge/share/mqtt_bridge
[10.387s] running install_egg_info
[10.398s] Copying ../build/mqtt_bridge/mqtt_bridge.egg-info to /home/aclab/Desktop/workspaces/RobotROS2/ros2_ws/src/install/mqtt_bridge/lib/python3.10/site-packages/mqtt_bridge-0.0.0-py3.10.egg-info
[10.407s] running install_scripts
[10.497s] Installing mqtt_bridge script to /home/aclab/Desktop/workspaces/RobotROS2/ros2_ws/src/install/mqtt_bridge/lib/mqtt_bridge
[10.499s] writing list of installed files to '/home/aclab/Desktop/workspaces/RobotROS2/ros2_ws/src/build/mqtt_bridge/install.log'
[10.683s] Invoked command in '/home/aclab/Desktop/workspaces/RobotROS2/ros2_ws/src/mqtt_bridge' returned '0': PYTHONPATH=/home/aclab/Desktop/workspaces/RobotROS2/ros2_ws/src/build/mqtt_bridge/prefix_override:/usr/lib/python3/dist-packages/colcon_core/task/python/colcon_distutils_commands:/home/aclab/Desktop/workspaces/RobotROS2/ros2_ws/src/install/mqtt_bridge/lib/python3.10/site-packages:${PYTHONPATH} /usr/bin/python3 -W ignore:setup.py install is deprecated -W ignore:easy_install command is deprecated setup.py egg_info --egg-base ../build/mqtt_bridge build --build-base /home/aclab/Desktop/workspaces/RobotROS2/ros2_ws/src/build/mqtt_bridge/build install --record /home/aclab/Desktop/workspaces/RobotROS2/ros2_ws/src/build/mqtt_bridge/install.log --single-version-externally-managed install_data --force
