[4.241s] Invoking command in '/home/aclab/Desktop/workspaces/RobotROS2/ros2_ws/src/build/mqtt_bridge': PYTHONPATH=/home/aclab/Desktop/workspaces/RobotROS2/ros2_ws/src/build/mqtt_bridge/prefix_override:/usr/lib/python3/dist-packages/colcon_core/task/python/colcon_distutils_commands:/home/aclab/Desktop/workspaces/RobotROS2/ros2_ws/src/install/mqtt_bridge/lib/python3.10/site-packages:${PYTHONPATH} /usr/bin/python3 -W ignore:setup.py install is deprecated -W ignore:easy_install command is deprecated setup.py develop --editable --build-directory /home/aclab/Desktop/workspaces/RobotROS2/ros2_ws/src/build/mqtt_bridge/build --no-deps symlink_data --force
[5.558s] running develop
[6.443s] running egg_info
[6.444s] writing mqtt_bridge.egg-info/PKG-INFO
[6.446s] writing dependency_links to mqtt_bridge.egg-info/dependency_links.txt
[6.447s] writing entry points to mqtt_bridge.egg-info/entry_points.txt
[6.448s] writing requirements to mqtt_bridge.egg-info/requires.txt
[6.449s] writing top-level names to mqtt_bridge.egg-info/top_level.txt
[6.458s] reading manifest file 'mqtt_bridge.egg-info/SOURCES.txt'
[6.462s] writing manifest file 'mqtt_bridge.egg-info/SOURCES.txt'
[6.470s] running build_ext
[6.471s] Creating /home/aclab/Desktop/workspaces/RobotROS2/ros2_ws/src/install/mqtt_bridge/lib/python3.10/site-packages/mqtt-bridge.egg-link (link to .)
[6.476s] Installing mqtt_bridge script to /home/aclab/Desktop/workspaces/RobotROS2/ros2_ws/src/install/mqtt_bridge/lib/mqtt_bridge
[6.478s] Installing mqtt_bridge2 script to /home/aclab/Desktop/workspaces/RobotROS2/ros2_ws/src/install/mqtt_bridge/lib/mqtt_bridge
[6.481s] 
[6.482s] Installed /home/aclab/Desktop/workspaces/RobotROS2/ros2_ws/src/build/mqtt_bridge
[6.483s] running symlink_data
[6.484s] symbolically linking /home/aclab/Desktop/workspaces/RobotROS2/ros2_ws/src/build/mqtt_bridge/resource/mqtt_bridge -> /home/aclab/Desktop/workspaces/RobotROS2/ros2_ws/src/install/mqtt_bridge/share/ament_index/resource_index/packages
[6.486s] symbolically linking /home/aclab/Desktop/workspaces/RobotROS2/ros2_ws/src/build/mqtt_bridge/package.xml -> /home/aclab/Desktop/workspaces/RobotROS2/ros2_ws/src/install/mqtt_bridge/share/mqtt_bridge
[6.742s] Invoked command in '/home/aclab/Desktop/workspaces/RobotROS2/ros2_ws/src/build/mqtt_bridge' returned '0': PYTHONPATH=/home/aclab/Desktop/workspaces/RobotROS2/ros2_ws/src/build/mqtt_bridge/prefix_override:/usr/lib/python3/dist-packages/colcon_core/task/python/colcon_distutils_commands:/home/aclab/Desktop/workspaces/RobotROS2/ros2_ws/src/install/mqtt_bridge/lib/python3.10/site-packages:${PYTHONPATH} /usr/bin/python3 -W ignore:setup.py install is deprecated -W ignore:easy_install command is deprecated setup.py develop --editable --build-directory /home/aclab/Desktop/workspaces/RobotROS2/ros2_ws/src/build/mqtt_bridge/build --no-deps symlink_data --force
