running egg_info
creating ../build/mqttBridge/mqttBridge.egg-info
writing ../build/mqttBridge/mqttBridge.egg-info/PKG-INFO
writing dependency_links to ../build/mqttBridge/mqttBridge.egg-info/dependency_links.txt
writing entry points to ../build/mqttBridge/mqttBridge.egg-info/entry_points.txt
writing requirements to ../build/mqttBridge/mqttBridge.egg-info/requires.txt
writing top-level names to ../build/mqttBridge/mqttBridge.egg-info/top_level.txt
writing manifest file '../build/mqttBridge/mqttBridge.egg-info/SOURCES.txt'
reading manifest file '../build/mqttBridge/mqttBridge.egg-info/SOURCES.txt'
writing manifest file '../build/mqttBridge/mqttBridge.egg-info/SOURCES.txt'
running build
running build_py
creating /home/aclab/Desktop/workspaces/RobotROS2/ros2_ws/src/build/mqttBridge/build
creating /home/aclab/Desktop/workspaces/RobotROS2/ros2_ws/src/build/mqttBridge/build/lib
creating /home/aclab/Desktop/workspaces/RobotROS2/ros2_ws/src/build/mqttBridge/build/lib/mqttBridge
copying mqttBridge/__init__.py -> /home/aclab/Desktop/workspaces/RobotROS2/ros2_ws/src/build/mqttBridge/build/lib/mqttBridge
copying mqttBridge/MQTTBridgeROS.py -> /home/aclab/Desktop/workspaces/RobotROS2/ros2_ws/src/build/mqttBridge/build/lib/mqttBridge
running install
running install_lib
creating /home/aclab/Desktop/workspaces/RobotROS2/ros2_ws/src/install/mqttBridge/lib/python3.10/site-packages/mqttBridge
copying /home/aclab/Desktop/workspaces/RobotROS2/ros2_ws/src/build/mqttBridge/build/lib/mqttBridge/__init__.py -> /home/aclab/Desktop/workspaces/RobotROS2/ros2_ws/src/install/mqttBridge/lib/python3.10/site-packages/mqttBridge
copying /home/aclab/Desktop/workspaces/RobotROS2/ros2_ws/src/build/mqttBridge/build/lib/mqttBridge/MQTTBridgeROS.py -> /home/aclab/Desktop/workspaces/RobotROS2/ros2_ws/src/install/mqttBridge/lib/python3.10/site-packages/mqttBridge
byte-compiling /home/aclab/Desktop/workspaces/RobotROS2/ros2_ws/src/install/mqttBridge/lib/python3.10/site-packages/mqttBridge/__init__.py to __init__.cpython-310.pyc
byte-compiling /home/aclab/Desktop/workspaces/RobotROS2/ros2_ws/src/install/mqttBridge/lib/python3.10/site-packages/mqttBridge/MQTTBridgeROS.py to MQTTBridgeROS.cpython-310.pyc
running install_data
creating /home/aclab/Desktop/workspaces/RobotROS2/ros2_ws/src/install/mqttBridge/share/ament_index
creating /home/aclab/Desktop/workspaces/RobotROS2/ros2_ws/src/install/mqttBridge/share/ament_index/resource_index
creating /home/aclab/Desktop/workspaces/RobotROS2/ros2_ws/src/install/mqttBridge/share/ament_index/resource_index/packages
copying resource/mqttBridge -> /home/aclab/Desktop/workspaces/RobotROS2/ros2_ws/src/install/mqttBridge/share/ament_index/resource_index/packages
copying package.xml -> /home/aclab/Desktop/workspaces/RobotROS2/ros2_ws/src/install/mqttBridge/share/mqttBridge
running install_egg_info
Copying ../build/mqttBridge/mqttBridge.egg-info to /home/aclab/Desktop/workspaces/RobotROS2/ros2_ws/src/install/mqttBridge/lib/python3.10/site-packages/mqttBridge-0.0.0-py3.10.egg-info
running install_scripts
writing list of installed files to '/home/aclab/Desktop/workspaces/RobotROS2/ros2_ws/src/build/mqttBridge/install.log'
