[4.249s] Invoking command in '/home/aclab/Desktop/workspaces/RobotROS2/ros2_ws/src/mqttBridge': PYTHONPATH=/home/aclab/Desktop/workspaces/RobotROS2/ros2_ws/src/build/mqttBridge/prefix_override:/usr/lib/python3/dist-packages/colcon_core/task/python/colcon_distutils_commands:/home/aclab/Desktop/workspaces/RobotROS2/ros2_ws/src/install/mqttBridge/lib/python3.10/site-packages:${PYTHONPATH} /usr/bin/python3 -W ignore:setup.py install is deprecated -W ignore:easy_install command is deprecated setup.py egg_info --egg-base ../build/mqttBridge build --build-base /home/aclab/Desktop/workspaces/RobotROS2/ros2_ws/src/build/mqttBridge/build install --record /home/aclab/Desktop/workspaces/RobotROS2/ros2_ws/src/build/mqttBridge/install.log --single-version-externally-managed install_data
[5.510s] running egg_info
[5.513s] creating ../build/mqttBridge/mqttBridge.egg-info
[5.514s] writing ../build/mqttBridge/mqttBridge.egg-info/PKG-INFO
[5.517s] writing dependency_links to ../build/mqttBridge/mqttBridge.egg-info/dependency_links.txt
[5.517s] writing entry points to ../build/mqttBridge/mqttBridge.egg-info/entry_points.txt
[5.518s] writing requirements to ../build/mqttBridge/mqttBridge.egg-info/requires.txt
[5.518s] writing top-level names to ../build/mqttBridge/mqttBridge.egg-info/top_level.txt
[5.521s] writing manifest file '../build/mqttBridge/mqttBridge.egg-info/SOURCES.txt'
[5.528s] reading manifest file '../build/mqttBridge/mqttBridge.egg-info/SOURCES.txt'
[5.532s] writing manifest file '../build/mqttBridge/mqttBridge.egg-info/SOURCES.txt'
[5.535s] running build
[5.535s] running build_py
[5.536s] creating /home/aclab/Desktop/workspaces/RobotROS2/ros2_ws/src/build/mqttBridge/build
[5.536s] creating /home/aclab/Desktop/workspaces/RobotROS2/ros2_ws/src/build/mqttBridge/build/lib
[5.537s] creating /home/aclab/Desktop/workspaces/RobotROS2/ros2_ws/src/build/mqttBridge/build/lib/mqttBridge
[5.538s] copying mqttBridge/__init__.py -> /home/aclab/Desktop/workspaces/RobotROS2/ros2_ws/src/build/mqttBridge/build/lib/mqttBridge
[5.539s] copying mqttBridge/MQTTBridgeROS.py -> /home/aclab/Desktop/workspaces/RobotROS2/ros2_ws/src/build/mqttBridge/build/lib/mqttBridge
[5.541s] running install
[5.543s] running install_lib
[5.547s] creating /home/aclab/Desktop/workspaces/RobotROS2/ros2_ws/src/install/mqttBridge/lib/python3.10/site-packages/mqttBridge
[5.548s] copying /home/aclab/Desktop/workspaces/RobotROS2/ros2_ws/src/build/mqttBridge/build/lib/mqttBridge/__init__.py -> /home/aclab/Desktop/workspaces/RobotROS2/ros2_ws/src/install/mqttBridge/lib/python3.10/site-packages/mqttBridge
[5.550s] copying /home/aclab/Desktop/workspaces/RobotROS2/ros2_ws/src/build/mqttBridge/build/lib/mqttBridge/MQTTBridgeROS.py -> /home/aclab/Desktop/workspaces/RobotROS2/ros2_ws/src/install/mqttBridge/lib/python3.10/site-packages/mqttBridge
[5.554s] byte-compiling /home/aclab/Desktop/workspaces/RobotROS2/ros2_ws/src/install/mqttBridge/lib/python3.10/site-packages/mqttBridge/__init__.py to __init__.cpython-310.pyc
[5.556s] byte-compiling /home/aclab/Desktop/workspaces/RobotROS2/ros2_ws/src/install/mqttBridge/lib/python3.10/site-packages/mqttBridge/MQTTBridgeROS.py to MQTTBridgeROS.cpython-310.pyc
[5.563s] running install_data
[5.564s] creating /home/aclab/Desktop/workspaces/RobotROS2/ros2_ws/src/install/mqttBridge/share/ament_index
[5.565s] creating /home/aclab/Desktop/workspaces/RobotROS2/ros2_ws/src/install/mqttBridge/share/ament_index/resource_index
[5.566s] creating /home/aclab/Desktop/workspaces/RobotROS2/ros2_ws/src/install/mqttBridge/share/ament_index/resource_index/packages
[5.566s] copying resource/mqttBridge -> /home/aclab/Desktop/workspaces/RobotROS2/ros2_ws/src/install/mqttBridge/share/ament_index/resource_index/packages
[5.567s] copying package.xml -> /home/aclab/Desktop/workspaces/RobotROS2/ros2_ws/src/install/mqttBridge/share/mqttBridge
[5.567s] running install_egg_info
[5.584s] Copying ../build/mqttBridge/mqttBridge.egg-info to /home/aclab/Desktop/workspaces/RobotROS2/ros2_ws/src/install/mqttBridge/lib/python3.10/site-packages/mqttBridge-0.0.0-py3.10.egg-info
[5.590s] running install_scripts
[5.678s] writing list of installed files to '/home/aclab/Desktop/workspaces/RobotROS2/ros2_ws/src/build/mqttBridge/install.log'
[5.845s] Invoked command in '/home/aclab/Desktop/workspaces/RobotROS2/ros2_ws/src/mqttBridge' returned '0': PYTHONPATH=/home/aclab/Desktop/workspaces/RobotROS2/ros2_ws/src/build/mqttBridge/prefix_override:/usr/lib/python3/dist-packages/colcon_core/task/python/colcon_distutils_commands:/home/aclab/Desktop/workspaces/RobotROS2/ros2_ws/src/install/mqttBridge/lib/python3.10/site-packages:${PYTHONPATH} /usr/bin/python3 -W ignore:setup.py install is deprecated -W ignore:easy_install command is deprecated setup.py egg_info --egg-base ../build/mqttBridge build --build-base /home/aclab/Desktop/workspaces/RobotROS2/ros2_ws/src/build/mqttBridge/build install --record /home/aclab/Desktop/workspaces/RobotROS2/ros2_ws/src/build/mqttBridge/install.log --single-version-externally-managed install_data
