[4.336s] Invoking command in '/home/aclab/Desktop/workspaces/RobotROS2/ros2_ws/src/mqtt_bridge': PYTHONPATH=/home/aclab/Desktop/workspaces/RobotROS2/ros2_ws/src/build/mqtt_bridge/prefix_override:/usr/lib/python3/dist-packages/colcon_core/task/python/colcon_distutils_commands:/home/aclab/Desktop/workspaces/RobotROS2/ros2_ws/src/install/mqtt_bridge/lib/python3.10/site-packages:${PYTHONPATH} /usr/bin/python3 -W ignore:setup.py install is deprecated -W ignore:easy_install command is deprecated setup.py egg_info --egg-base ../build/mqtt_bridge build --build-base /home/aclab/Desktop/workspaces/RobotROS2/ros2_ws/src/build/mqtt_bridge/build install --record /home/aclab/Desktop/workspaces/RobotROS2/ros2_ws/src/build/mqtt_bridge/install.log --single-version-externally-managed install_data
[5.620s] running egg_info
[5.624s] writing ../build/mqtt_bridge/mqtt_bridge.egg-info/PKG-INFO
[5.627s] writing dependency_links to ../build/mqtt_bridge/mqtt_bridge.egg-info/dependency_links.txt
[5.628s] writing entry points to ../build/mqtt_bridge/mqtt_bridge.egg-info/entry_points.txt
[5.629s] writing requirements to ../build/mqtt_bridge/mqtt_bridge.egg-info/requires.txt
[5.631s] writing top-level names to ../build/mqtt_bridge/mqtt_bridge.egg-info/top_level.txt
[5.636s] reading manifest file '../build/mqtt_bridge/mqtt_bridge.egg-info/SOURCES.txt'
[5.641s] writing manifest file '../build/mqtt_bridge/mqtt_bridge.egg-info/SOURCES.txt'
[5.641s] running build
[5.642s] running build_py
[5.647s] running install
[5.648s] running install_lib
[5.651s] running install_data
[5.652s] running install_egg_info
[5.666s] removing '/home/aclab/Desktop/workspaces/RobotROS2/ros2_ws/src/install/mqtt_bridge/lib/python3.10/site-packages/mqtt_bridge-0.0.0-py3.10.egg-info' (and everything under it)
[5.669s] Copying ../build/mqtt_bridge/mqtt_bridge.egg-info to /home/aclab/Desktop/workspaces/RobotROS2/ros2_ws/src/install/mqtt_bridge/lib/python3.10/site-packages/mqtt_bridge-0.0.0-py3.10.egg-info
[5.676s] running install_scripts
[5.768s] Installing mqtt_bridge script to /home/aclab/Desktop/workspaces/RobotROS2/ros2_ws/src/install/mqtt_bridge/lib/mqtt_bridge
[5.770s] writing list of installed files to '/home/aclab/Desktop/workspaces/RobotROS2/ros2_ws/src/build/mqtt_bridge/install.log'
[5.939s] Invoked command in '/home/aclab/Desktop/workspaces/RobotROS2/ros2_ws/src/mqtt_bridge' returned '0': PYTHONPATH=/home/aclab/Desktop/workspaces/RobotROS2/ros2_ws/src/build/mqtt_bridge/prefix_override:/usr/lib/python3/dist-packages/colcon_core/task/python/colcon_distutils_commands:/home/aclab/Desktop/workspaces/RobotROS2/ros2_ws/src/install/mqtt_bridge/lib/python3.10/site-packages:${PYTHONPATH} /usr/bin/python3 -W ignore:setup.py install is deprecated -W ignore:easy_install command is deprecated setup.py egg_info --egg-base ../build/mqtt_bridge build --build-base /home/aclab/Desktop/workspaces/RobotROS2/ros2_ws/src/build/mqtt_bridge/build install --record /home/aclab/Desktop/workspaces/RobotROS2/ros2_ws/src/build/mqtt_bridge/install.log --single-version-externally-managed install_data
