[0.464s] DEBUG:colcon:Command line arguments: ['/usr/bin/colcon', 'build', '--symlink-install']
[0.464s] DEBUG:colcon:Parsed command line arguments: Namespace(log_base=None, log_level=None, verb_name='build', build_base='build', install_base='install', merge_install=False, symlink_install=True, test_result_base=None, continue_on_error=False, executor='parallel', parallel_workers=4, event_handlers=None, ignore_user_meta=False, metas=['./colcon.meta'], base_paths=['.'], packages_ignore=None, packages_ignore_regex=None, paths=None, packages_up_to=None, packages_up_to_regex=None, packages_above=None, packages_above_and_dependencies=None, packages_above_depth=None, packages_select_by_dep=None, packages_skip_by_dep=None, packages_skip_up_to=None, packages_select_build_failed=False, packages_skip_build_finished=False, packages_select_test_failures=False, packages_skip_test_passed=False, packages_select=None, packages_skip=None, packages_select_regex=None, packages_skip_regex=None, packages_start=None, packages_end=None, allow_overriding=[], cmake_args=None, cmake_target=None, cmake_target_skip_unavailable=False, cmake_clean_cache=False, cmake_clean_first=False, cmake_force_configure=False, ament_cmake_args=None, catkin_cmake_args=None, catkin_skip_building_tests=False, mixin_files=None, mixin=None, verb_parser=<colcon_mixin.mixin.mixin_argument.MixinArgumentDecorator object at 0xffff886c22f0>, verb_extension=<colcon_core.verb.build.BuildVerb object at 0xffff8886b2e0>, main=<bound method BuildVerb.main of <colcon_core.verb.build.BuildVerb object at 0xffff8886b2e0>>, mixin_verb=('build',))
[1.265s] Level 1:colcon.colcon_core.package_discovery:discover_packages(colcon_meta) check parameters
[1.266s] Level 1:colcon.colcon_core.package_discovery:discover_packages(recursive) check parameters
[1.266s] Level 1:colcon.colcon_core.package_discovery:discover_packages(ignore) check parameters
[1.266s] Level 1:colcon.colcon_core.package_discovery:discover_packages(path) check parameters
[1.266s] Level 1:colcon.colcon_core.package_discovery:discover_packages(colcon_meta) discover
[1.266s] Level 1:colcon.colcon_core.package_discovery:discover_packages(recursive) discover
[1.266s] INFO:colcon.colcon_core.package_discovery:Crawling recursively for packages in '/home/aclab/Desktop/workspaces/RobotROS2/ros2_ws/src/mqtt_bridge'
[1.267s] Level 1:colcon.colcon_core.package_identification:_identify(.) by extensions ['ignore', 'ignore_ament_install']
[1.267s] Level 1:colcon.colcon_core.package_identification:_identify(.) by extension 'ignore'
[1.267s] Level 1:colcon.colcon_core.package_identification:_identify(.) by extension 'ignore_ament_install'
[1.268s] Level 1:colcon.colcon_core.package_identification:_identify(.) by extensions ['colcon_pkg']
[1.268s] Level 1:colcon.colcon_core.package_identification:_identify(.) by extension 'colcon_pkg'
[1.268s] Level 1:colcon.colcon_core.package_identification:_identify(.) by extensions ['colcon_meta']
[1.268s] Level 1:colcon.colcon_core.package_identification:_identify(.) by extension 'colcon_meta'
[1.268s] Level 1:colcon.colcon_core.package_identification:_identify(.) by extensions ['ros']
[1.268s] Level 1:colcon.colcon_core.package_identification:_identify(.) by extension 'ros'
[1.320s] DEBUG:colcon.colcon_core.package_identification:Package '.' with type 'ros.ament_python' and name 'mqtt_bridge'
[1.320s] Level 1:colcon.colcon_core.package_discovery:discover_packages(recursive) using defaults
[1.321s] Level 1:colcon.colcon_core.package_discovery:discover_packages(ignore) discover
[1.321s] Level 1:colcon.colcon_core.package_discovery:discover_packages(ignore) using defaults
[1.321s] Level 1:colcon.colcon_core.package_discovery:discover_packages(path) discover
[1.321s] Level 1:colcon.colcon_core.package_discovery:discover_packages(path) using defaults
[1.437s] Level 1:colcon.colcon_core.package_discovery:discover_packages(prefix_path) check parameters
[1.437s] Level 1:colcon.colcon_core.package_discovery:discover_packages(prefix_path) discover
[1.445s] DEBUG:colcon.colcon_installed_package_information.package_discovery:Found 1 installed packages in /home/aclab/Desktop/workspaces/RobotROS2/ros2_ws/src/mqtt_bridge/install
[1.447s] DEBUG:colcon.colcon_installed_package_information.package_discovery:Found 2 installed packages in /home/aclab/Desktop/workspaces/RobotROS2/ros2_ws/install
[1.458s] DEBUG:colcon.colcon_installed_package_information.package_discovery:Found 272 installed packages in /opt/ros/humble
[1.464s] Level 1:colcon.colcon_core.package_discovery:discover_packages(prefix_path) using defaults
[1.625s] Level 5:colcon.colcon_core.verb:set package 'mqtt_bridge' build argument 'cmake_args' from command line to 'None'
[1.625s] Level 5:colcon.colcon_core.verb:set package 'mqtt_bridge' build argument 'cmake_target' from command line to 'None'
[1.626s] Level 5:colcon.colcon_core.verb:set package 'mqtt_bridge' build argument 'cmake_target_skip_unavailable' from command line to 'False'
[1.626s] Level 5:colcon.colcon_core.verb:set package 'mqtt_bridge' build argument 'cmake_clean_cache' from command line to 'False'
[1.626s] Level 5:colcon.colcon_core.verb:set package 'mqtt_bridge' build argument 'cmake_clean_first' from command line to 'False'
[1.626s] Level 5:colcon.colcon_core.verb:set package 'mqtt_bridge' build argument 'cmake_force_configure' from command line to 'False'
[1.626s] Level 5:colcon.colcon_core.verb:set package 'mqtt_bridge' build argument 'ament_cmake_args' from command line to 'None'
[1.626s] Level 5:colcon.colcon_core.verb:set package 'mqtt_bridge' build argument 'catkin_cmake_args' from command line to 'None'
[1.626s] Level 5:colcon.colcon_core.verb:set package 'mqtt_bridge' build argument 'catkin_skip_building_tests' from command line to 'False'
[1.626s] DEBUG:colcon.colcon_core.verb:Building package 'mqtt_bridge' with the following arguments: {'ament_cmake_args': None, 'build_base': '/home/aclab/Desktop/workspaces/RobotROS2/ros2_ws/src/mqtt_bridge/build/mqtt_bridge', 'catkin_cmake_args': None, 'catkin_skip_building_tests': False, 'cmake_args': None, 'cmake_clean_cache': False, 'cmake_clean_first': False, 'cmake_force_configure': False, 'cmake_target': None, 'cmake_target_skip_unavailable': False, 'install_base': '/home/aclab/Desktop/workspaces/RobotROS2/ros2_ws/src/mqtt_bridge/install/mqtt_bridge', 'merge_install': False, 'path': '/home/aclab/Desktop/workspaces/RobotROS2/ros2_ws/src/mqtt_bridge', 'symlink_install': True, 'test_result_base': None}
[1.627s] INFO:colcon.colcon_core.executor:Executing jobs using 'parallel' executor
[1.630s] DEBUG:colcon.colcon_parallel_executor.executor.parallel:run_until_complete
[1.631s] INFO:colcon.colcon_ros.task.ament_python.build:Building ROS package in '/home/aclab/Desktop/workspaces/RobotROS2/ros2_ws/src/mqtt_bridge' with build type 'ament_python'
[1.631s] Level 1:colcon.colcon_core.shell:create_environment_hook('mqtt_bridge', 'ament_prefix_path')
[1.640s] INFO:colcon.colcon_core.plugin_system:Skipping extension 'colcon_core.shell.bat': Not used on non-Windows systems
[1.641s] INFO:colcon.colcon_core.shell:Creating environment hook '/home/aclab/Desktop/workspaces/RobotROS2/ros2_ws/src/mqtt_bridge/install/mqtt_bridge/share/mqtt_bridge/hook/ament_prefix_path.ps1'
[1.644s] INFO:colcon.colcon_core.shell:Creating environment descriptor '/home/aclab/Desktop/workspaces/RobotROS2/ros2_ws/src/mqtt_bridge/install/mqtt_bridge/share/mqtt_bridge/hook/ament_prefix_path.dsv'
[1.646s] INFO:colcon.colcon_core.shell:Creating environment hook '/home/aclab/Desktop/workspaces/RobotROS2/ros2_ws/src/mqtt_bridge/install/mqtt_bridge/share/mqtt_bridge/hook/ament_prefix_path.sh'
[1.651s] INFO:colcon.colcon_core.shell:Skip shell extension 'powershell' for command environment: Not usable outside of PowerShell
[1.651s] DEBUG:colcon.colcon_core.shell:Skip shell extension 'dsv' for command environment
[2.850s] INFO:colcon.colcon_core.task.python.build:Building Python package in '/home/aclab/Desktop/workspaces/RobotROS2/ros2_ws/src/mqtt_bridge'
[2.851s] INFO:colcon.colcon_core.shell:Skip shell extension 'powershell' for command environment: Not usable outside of PowerShell
[2.851s] DEBUG:colcon.colcon_core.shell:Skip shell extension 'dsv' for command environment
[4.352s] DEBUG:colcon.colcon_core.task.python.build:While undoing a previous installation files outside the Python library path are being ignored: /home/aclab/Desktop/workspaces/RobotROS2/ros2_ws/src/mqtt_bridge/install/mqtt_bridge/share/ament_index/resource_index/packages/mqtt_bridge
[4.352s] DEBUG:colcon.colcon_core.task.python.build:While undoing a previous installation files outside the Python library path are being ignored: /home/aclab/Desktop/workspaces/RobotROS2/ros2_ws/src/mqtt_bridge/install/mqtt_bridge/share/mqtt_bridge/package.xml
[4.354s] DEBUG:colcon.colcon_core.task.python.build:While undoing a previous installation files outside the Python library path are being ignored: /home/aclab/Desktop/workspaces/RobotROS2/ros2_ws/src/mqtt_bridge/install/mqtt_bridge/lib/mqtt_bridge/mqtt_bridge
[4.354s] DEBUG:colcon.colcon_core.task.python.build:While undoing a previous installation files outside the Python library path are being ignored: /home/aclab/Desktop/workspaces/RobotROS2/ros2_ws/src/mqtt_bridge/install/mqtt_bridge/lib/mqtt_bridge/mqtt_bridge2
[4.360s] DEBUG:colcon.colcon_core.event_handler.log_command:Invoking command in '/home/aclab/Desktop/workspaces/RobotROS2/ros2_ws/src/mqtt_bridge/build/mqtt_bridge': PYTHONPATH=/home/aclab/Desktop/workspaces/RobotROS2/ros2_ws/src/mqtt_bridge/build/mqtt_bridge/prefix_override:/usr/lib/python3/dist-packages/colcon_core/task/python/colcon_distutils_commands:/home/aclab/Desktop/workspaces/RobotROS2/ros2_ws/src/mqtt_bridge/install/mqtt_bridge/lib/python3.10/site-packages:${PYTHONPATH} /usr/bin/python3 -W ignore:setup.py install is deprecated -W ignore:easy_install command is deprecated setup.py develop --editable --build-directory /home/aclab/Desktop/workspaces/RobotROS2/ros2_ws/src/mqtt_bridge/build/mqtt_bridge/build --no-deps symlink_data --force
[6.474s] Level 1:colcon.colcon_core.shell:create_environment_hook('mqtt_bridge', 'pythonpath_develop')
[6.475s] INFO:colcon.colcon_core.shell:Creating environment hook '/home/aclab/Desktop/workspaces/RobotROS2/ros2_ws/src/mqtt_bridge/build/mqtt_bridge/share/mqtt_bridge/hook/pythonpath_develop.ps1'
[6.476s] DEBUG:colcon.colcon_core.event_handler.log_command:Invoked command in '/home/aclab/Desktop/workspaces/RobotROS2/ros2_ws/src/mqtt_bridge/build/mqtt_bridge' returned '0': PYTHONPATH=/home/aclab/Desktop/workspaces/RobotROS2/ros2_ws/src/mqtt_bridge/build/mqtt_bridge/prefix_override:/usr/lib/python3/dist-packages/colcon_core/task/python/colcon_distutils_commands:/home/aclab/Desktop/workspaces/RobotROS2/ros2_ws/src/mqtt_bridge/install/mqtt_bridge/lib/python3.10/site-packages:${PYTHONPATH} /usr/bin/python3 -W ignore:setup.py install is deprecated -W ignore:easy_install command is deprecated setup.py develop --editable --build-directory /home/aclab/Desktop/workspaces/RobotROS2/ros2_ws/src/mqtt_bridge/build/mqtt_bridge/build --no-deps symlink_data --force
[6.478s] INFO:colcon.colcon_core.shell:Creating environment descriptor '/home/aclab/Desktop/workspaces/RobotROS2/ros2_ws/src/mqtt_bridge/build/mqtt_bridge/share/mqtt_bridge/hook/pythonpath_develop.dsv'
[6.479s] INFO:colcon.colcon_core.shell:Creating environment hook '/home/aclab/Desktop/workspaces/RobotROS2/ros2_ws/src/mqtt_bridge/build/mqtt_bridge/share/mqtt_bridge/hook/pythonpath_develop.sh'
[6.492s] Level 1:colcon.colcon_core.environment:checking '/home/aclab/Desktop/workspaces/RobotROS2/ros2_ws/src/mqtt_bridge/install/mqtt_bridge' for CMake module files
[6.494s] Level 1:colcon.colcon_core.environment:checking '/home/aclab/Desktop/workspaces/RobotROS2/ros2_ws/src/mqtt_bridge/install/mqtt_bridge' for CMake config files
[6.498s] Level 1:colcon.colcon_core.environment:checking '/home/aclab/Desktop/workspaces/RobotROS2/ros2_ws/src/mqtt_bridge/install/mqtt_bridge/lib'
[6.499s] Level 1:colcon.colcon_core.environment:checking '/home/aclab/Desktop/workspaces/RobotROS2/ros2_ws/src/mqtt_bridge/install/mqtt_bridge/bin'
[6.499s] Level 1:colcon.colcon_core.environment:checking '/home/aclab/Desktop/workspaces/RobotROS2/ros2_ws/src/mqtt_bridge/install/mqtt_bridge/lib/pkgconfig/mqtt_bridge.pc'
[6.500s] Level 1:colcon.colcon_core.environment:checking '/home/aclab/Desktop/workspaces/RobotROS2/ros2_ws/src/mqtt_bridge/install/mqtt_bridge/lib/python3.10/site-packages'
[6.500s] Level 1:colcon.colcon_core.shell:create_environment_hook('mqtt_bridge', 'pythonpath')
[6.501s] INFO:colcon.colcon_core.shell:Creating environment hook '/home/aclab/Desktop/workspaces/RobotROS2/ros2_ws/src/mqtt_bridge/install/mqtt_bridge/share/mqtt_bridge/hook/pythonpath.ps1'
[6.503s] INFO:colcon.colcon_core.shell:Creating environment descriptor '/home/aclab/Desktop/workspaces/RobotROS2/ros2_ws/src/mqtt_bridge/install/mqtt_bridge/share/mqtt_bridge/hook/pythonpath.dsv'
[6.505s] INFO:colcon.colcon_core.shell:Creating environment hook '/home/aclab/Desktop/workspaces/RobotROS2/ros2_ws/src/mqtt_bridge/install/mqtt_bridge/share/mqtt_bridge/hook/pythonpath.sh'
[6.509s] Level 1:colcon.colcon_core.environment:checking '/home/aclab/Desktop/workspaces/RobotROS2/ros2_ws/src/mqtt_bridge/install/mqtt_bridge/bin'
[6.509s] Level 1:colcon.colcon_core.environment:create_environment_scripts_only(mqtt_bridge)
[6.510s] INFO:colcon.colcon_core.shell:Creating package script '/home/aclab/Desktop/workspaces/RobotROS2/ros2_ws/src/mqtt_bridge/install/mqtt_bridge/share/mqtt_bridge/package.ps1'
[6.514s] INFO:colcon.colcon_core.shell:Creating package descriptor '/home/aclab/Desktop/workspaces/RobotROS2/ros2_ws/src/mqtt_bridge/install/mqtt_bridge/share/mqtt_bridge/package.dsv'
[6.517s] INFO:colcon.colcon_core.shell:Creating package script '/home/aclab/Desktop/workspaces/RobotROS2/ros2_ws/src/mqtt_bridge/install/mqtt_bridge/share/mqtt_bridge/package.sh'
[6.520s] INFO:colcon.colcon_core.shell:Creating package script '/home/aclab/Desktop/workspaces/RobotROS2/ros2_ws/src/mqtt_bridge/install/mqtt_bridge/share/mqtt_bridge/package.bash'
[6.524s] INFO:colcon.colcon_core.shell:Creating package script '/home/aclab/Desktop/workspaces/RobotROS2/ros2_ws/src/mqtt_bridge/install/mqtt_bridge/share/mqtt_bridge/package.zsh'
[6.527s] Level 1:colcon.colcon_core.environment:create_file_with_runtime_dependencies(/home/aclab/Desktop/workspaces/RobotROS2/ros2_ws/src/mqtt_bridge/install/mqtt_bridge/share/colcon-core/packages/mqtt_bridge)
[6.528s] DEBUG:colcon.colcon_parallel_executor.executor.parallel:closing loop
[6.530s] DEBUG:colcon.colcon_parallel_executor.executor.parallel:loop closed
[6.530s] DEBUG:colcon.colcon_parallel_executor.executor.parallel:run_until_complete finished with '0'
[6.530s] DEBUG:colcon.colcon_core.event_reactor:joining thread
[6.550s] INFO:colcon.colcon_core.plugin_system:Skipping extension 'colcon_notification.desktop_notification.terminal_notifier': Not used on non-Darwin systems
[6.551s] INFO:colcon.colcon_core.plugin_system:Skipping extension 'colcon_notification.desktop_notification.win32': Not used on non-Windows systems
[6.551s] INFO:colcon.colcon_notification.desktop_notification:Sending desktop notification using 'notify2'
[6.556s] DEBUG:colcon.colcon_notification.desktop_notification.notify2:Failed to initialize notify2: org.freedesktop.DBus.Error.ServiceUnknown: The name org.freedesktop.Notifications was not provided by any .service files
[6.557s] DEBUG:colcon.colcon_core.event_reactor:joined thread
[6.558s] INFO:colcon.colcon_core.shell:Creating prefix script '/home/aclab/Desktop/workspaces/RobotROS2/ros2_ws/src/mqtt_bridge/install/local_setup.ps1'
[6.561s] INFO:colcon.colcon_core.shell:Creating prefix util module '/home/aclab/Desktop/workspaces/RobotROS2/ros2_ws/src/mqtt_bridge/install/_local_setup_util_ps1.py'
[6.567s] INFO:colcon.colcon_core.shell:Creating prefix chain script '/home/aclab/Desktop/workspaces/RobotROS2/ros2_ws/src/mqtt_bridge/install/setup.ps1'
[6.573s] INFO:colcon.colcon_core.shell:Creating prefix script '/home/aclab/Desktop/workspaces/RobotROS2/ros2_ws/src/mqtt_bridge/install/local_setup.sh'
[6.576s] INFO:colcon.colcon_core.shell:Creating prefix util module '/home/aclab/Desktop/workspaces/RobotROS2/ros2_ws/src/mqtt_bridge/install/_local_setup_util_sh.py'
[6.579s] INFO:colcon.colcon_core.shell:Creating prefix chain script '/home/aclab/Desktop/workspaces/RobotROS2/ros2_ws/src/mqtt_bridge/install/setup.sh'
[6.584s] INFO:colcon.colcon_core.shell:Creating prefix script '/home/aclab/Desktop/workspaces/RobotROS2/ros2_ws/src/mqtt_bridge/install/local_setup.bash'
[6.587s] INFO:colcon.colcon_core.shell:Creating prefix chain script '/home/aclab/Desktop/workspaces/RobotROS2/ros2_ws/src/mqtt_bridge/install/setup.bash'
[6.592s] INFO:colcon.colcon_core.shell:Creating prefix script '/home/aclab/Desktop/workspaces/RobotROS2/ros2_ws/src/mqtt_bridge/install/local_setup.zsh'
[6.594s] INFO:colcon.colcon_core.shell:Creating prefix chain script '/home/aclab/Desktop/workspaces/RobotROS2/ros2_ws/src/mqtt_bridge/install/setup.zsh'
