[8.482s] Invoking command in '/home/aclab/Desktop/workspaces/RobotROS2/ros2_ws/src/line_sensors': PYTHONPATH=/home/aclab/Desktop/workspaces/RobotROS2/ros2_ws/src/build/line_sensors/prefix_override:/usr/lib/python3/dist-packages/colcon_core/task/python/colcon_distutils_commands:/home/aclab/Desktop/workspaces/RobotROS2/ros2_ws/src/install/line_sensors/lib/python3.10/site-packages:${PYTHONPATH} /usr/bin/python3 -W ignore:setup.py install is deprecated -W ignore:easy_install command is deprecated setup.py egg_info --egg-base ../build/line_sensors build --build-base /home/aclab/Desktop/workspaces/RobotROS2/ros2_ws/src/build/line_sensors/build install --record /home/aclab/Desktop/workspaces/RobotROS2/ros2_ws/src/build/line_sensors/install.log --single-version-externally-managed install_data
[9.980s] running egg_info
[9.989s] writing ../build/line_sensors/line_sensors.egg-info/PKG-INFO
[9.994s] writing dependency_links to ../build/line_sensors/line_sensors.egg-info/dependency_links.txt
[9.998s] writing entry points to ../build/line_sensors/line_sensors.egg-info/entry_points.txt
[10.010s] writing requirements to ../build/line_sensors/line_sensors.egg-info/requires.txt
[10.013s] writing top-level names to ../build/line_sensors/line_sensors.egg-info/top_level.txt
[10.036s] reading manifest file '../build/line_sensors/line_sensors.egg-info/SOURCES.txt'
[10.037s] writing manifest file '../build/line_sensors/line_sensors.egg-info/SOURCES.txt'
[10.038s] running build
[10.038s] running build_py
[10.039s] running install
[10.056s] running install_lib
[10.060s] running install_data
[10.065s] running install_egg_info
[10.088s] removing '/home/aclab/Desktop/workspaces/RobotROS2/ros2_ws/src/install/line_sensors/lib/python3.10/site-packages/line_sensors-0.0.0-py3.10.egg-info' (and everything under it)
[10.089s] Copying ../build/line_sensors/line_sensors.egg-info to /home/aclab/Desktop/workspaces/RobotROS2/ros2_ws/src/install/line_sensors/lib/python3.10/site-packages/line_sensors-0.0.0-py3.10.egg-info
[10.098s] running install_scripts
[10.216s] Installing line_sensors script to /home/aclab/Desktop/workspaces/RobotROS2/ros2_ws/src/install/line_sensors/lib/line_sensors
[10.229s] writing list of installed files to '/home/aclab/Desktop/workspaces/RobotROS2/ros2_ws/src/build/line_sensors/install.log'
[10.479s] Invoked command in '/home/aclab/Desktop/workspaces/RobotROS2/ros2_ws/src/line_sensors' returned '0': PYTHONPATH=/home/aclab/Desktop/workspaces/RobotROS2/ros2_ws/src/build/line_sensors/prefix_override:/usr/lib/python3/dist-packages/colcon_core/task/python/colcon_distutils_commands:/home/aclab/Desktop/workspaces/RobotROS2/ros2_ws/src/install/line_sensors/lib/python3.10/site-packages:${PYTHONPATH} /usr/bin/python3 -W ignore:setup.py install is deprecated -W ignore:easy_install command is deprecated setup.py egg_info --egg-base ../build/line_sensors build --build-base /home/aclab/Desktop/workspaces/RobotROS2/ros2_ws/src/build/line_sensors/build install --record /home/aclab/Desktop/workspaces/RobotROS2/ros2_ws/src/build/line_sensors/install.log --single-version-externally-managed install_data
