[0.476s] DEBUG:colcon:Command line arguments: ['/usr/bin/colcon', 'build']
[0.477s] DEBUG:colcon:Parsed command line arguments: Namespace(log_base=None, log_level=None, verb_name='build', build_base='build', install_base='install', merge_install=False, symlink_install=False, test_result_base=None, continue_on_error=False, executor='parallel', parallel_workers=4, event_handlers=None, ignore_user_meta=False, metas=['./colcon.meta'], base_paths=['.'], packages_ignore=None, packages_ignore_regex=None, paths=None, packages_up_to=None, packages_up_to_regex=None, packages_above=None, packages_above_and_dependencies=None, packages_above_depth=None, packages_select_by_dep=None, packages_skip_by_dep=None, packages_skip_up_to=None, packages_select_build_failed=False, packages_skip_build_finished=False, packages_select_test_failures=False, packages_skip_test_passed=False, packages_select=None, packages_skip=None, packages_select_regex=None, packages_skip_regex=None, packages_start=None, packages_end=None, allow_overriding=[], cmake_args=None, cmake_target=None, cmake_target_skip_unavailable=False, cmake_clean_cache=False, cmake_clean_first=False, cmake_force_configure=False, ament_cmake_args=None, catkin_cmake_args=None, catkin_skip_building_tests=False, mixin_files=None, mixin=None, verb_parser=<colcon_mixin.mixin.mixin_argument.MixinArgumentDecorator object at 0xffff93879c00>, verb_extension=<colcon_core.verb.build.BuildVerb object at 0xffff93a1ebf0>, main=<bound method BuildVerb.main of <colcon_core.verb.build.BuildVerb object at 0xffff93a1ebf0>>, mixin_verb=('build',))
[1.349s] Level 1:colcon.colcon_core.package_discovery:discover_packages(colcon_meta) check parameters
[1.350s] Level 1:colcon.colcon_core.package_discovery:discover_packages(recursive) check parameters
[1.350s] Level 1:colcon.colcon_core.package_discovery:discover_packages(ignore) check parameters
[1.350s] Level 1:colcon.colcon_core.package_discovery:discover_packages(path) check parameters
[1.350s] Level 1:colcon.colcon_core.package_discovery:discover_packages(colcon_meta) discover
[1.350s] Level 1:colcon.colcon_core.package_discovery:discover_packages(recursive) discover
[1.351s] INFO:colcon.colcon_core.package_discovery:Crawling recursively for packages in '/home/aclab/Desktop/workspaces/RobotROS2/ros2_ws/src'
[1.351s] Level 1:colcon.colcon_core.package_identification:_identify(.) by extensions ['ignore', 'ignore_ament_install']
[1.351s] Level 1:colcon.colcon_core.package_identification:_identify(.) by extension 'ignore'
[1.352s] Level 1:colcon.colcon_core.package_identification:_identify(.) by extension 'ignore_ament_install'
[1.352s] Level 1:colcon.colcon_core.package_identification:_identify(.) by extensions ['colcon_pkg']
[1.352s] Level 1:colcon.colcon_core.package_identification:_identify(.) by extension 'colcon_pkg'
[1.352s] Level 1:colcon.colcon_core.package_identification:_identify(.) by extensions ['colcon_meta']
[1.352s] Level 1:colcon.colcon_core.package_identification:_identify(.) by extension 'colcon_meta'
[1.353s] Level 1:colcon.colcon_core.package_identification:_identify(.) by extensions ['ros']
[1.353s] Level 1:colcon.colcon_core.package_identification:_identify(.) by extension 'ros'
[1.396s] Level 1:colcon.colcon_core.package_identification:_identify(.) by extensions ['cmake', 'python']
[1.396s] Level 1:colcon.colcon_core.package_identification:_identify(.) by extension 'cmake'
[1.396s] Level 1:colcon.colcon_core.package_identification:_identify(.) by extension 'python'
[1.396s] Level 1:colcon.colcon_core.package_identification:_identify(.) by extensions ['python_setup_py']
[1.396s] Level 1:colcon.colcon_core.package_identification:_identify(.) by extension 'python_setup_py'
[1.397s] Level 1:colcon.colcon_core.package_identification:_identify(build) by extensions ['ignore', 'ignore_ament_install']
[1.397s] Level 1:colcon.colcon_core.package_identification:_identify(build) by extension 'ignore'
[1.398s] Level 1:colcon.colcon_core.package_identification:_identify(build) ignored
[1.398s] Level 1:colcon.colcon_core.package_identification:_identify(install) by extensions ['ignore', 'ignore_ament_install']
[1.399s] Level 1:colcon.colcon_core.package_identification:_identify(install) by extension 'ignore'
[1.399s] Level 1:colcon.colcon_core.package_identification:_identify(install) ignored
[1.399s] Level 1:colcon.colcon_core.package_identification:_identify(line_sensors) by extensions ['ignore', 'ignore_ament_install']
[1.400s] Level 1:colcon.colcon_core.package_identification:_identify(line_sensors) by extension 'ignore'
[1.400s] Level 1:colcon.colcon_core.package_identification:_identify(line_sensors) by extension 'ignore_ament_install'
[1.400s] Level 1:colcon.colcon_core.package_identification:_identify(line_sensors) by extensions ['colcon_pkg']
[1.400s] Level 1:colcon.colcon_core.package_identification:_identify(line_sensors) by extension 'colcon_pkg'
[1.400s] Level 1:colcon.colcon_core.package_identification:_identify(line_sensors) by extensions ['colcon_meta']
[1.401s] Level 1:colcon.colcon_core.package_identification:_identify(line_sensors) by extension 'colcon_meta'
[1.401s] Level 1:colcon.colcon_core.package_identification:_identify(line_sensors) by extensions ['ros']
[1.401s] Level 1:colcon.colcon_core.package_identification:_identify(line_sensors) by extension 'ros'
[1.410s] DEBUG:colcon.colcon_core.package_identification:Package 'line_sensors' with type 'ros.ament_python' and name 'line_sensors'
[1.411s] Level 1:colcon.colcon_core.package_identification:_identify(log) by extensions ['ignore', 'ignore_ament_install']
[1.412s] Level 1:colcon.colcon_core.package_identification:_identify(log) by extension 'ignore'
[1.412s] Level 1:colcon.colcon_core.package_identification:_identify(log) ignored
[1.412s] Level 1:colcon.colcon_core.package_identification:_identify(mqtt_bridge) by extensions ['ignore', 'ignore_ament_install']
[1.413s] Level 1:colcon.colcon_core.package_identification:_identify(mqtt_bridge) by extension 'ignore'
[1.413s] Level 1:colcon.colcon_core.package_identification:_identify(mqtt_bridge) by extension 'ignore_ament_install'
[1.413s] Level 1:colcon.colcon_core.package_identification:_identify(mqtt_bridge) by extensions ['colcon_pkg']
[1.413s] Level 1:colcon.colcon_core.package_identification:_identify(mqtt_bridge) by extension 'colcon_pkg'
[1.413s] Level 1:colcon.colcon_core.package_identification:_identify(mqtt_bridge) by extensions ['colcon_meta']
[1.414s] Level 1:colcon.colcon_core.package_identification:_identify(mqtt_bridge) by extension 'colcon_meta'
[1.414s] Level 1:colcon.colcon_core.package_identification:_identify(mqtt_bridge) by extensions ['ros']
[1.414s] Level 1:colcon.colcon_core.package_identification:_identify(mqtt_bridge) by extension 'ros'
[1.417s] DEBUG:colcon.colcon_core.package_identification:Package 'mqtt_bridge' with type 'ros.ament_python' and name 'mqtt_bridge'
[1.417s] Level 1:colcon.colcon_core.package_identification:_identify(robot) by extensions ['ignore', 'ignore_ament_install']
[1.418s] Level 1:colcon.colcon_core.package_identification:_identify(robot) by extension 'ignore'
[1.418s] Level 1:colcon.colcon_core.package_identification:_identify(robot) by extension 'ignore_ament_install'
[1.418s] Level 1:colcon.colcon_core.package_identification:_identify(robot) by extensions ['colcon_pkg']
[1.418s] Level 1:colcon.colcon_core.package_identification:_identify(robot) by extension 'colcon_pkg'
[1.418s] Level 1:colcon.colcon_core.package_identification:_identify(robot) by extensions ['colcon_meta']
[1.418s] Level 1:colcon.colcon_core.package_identification:_identify(robot) by extension 'colcon_meta'
[1.419s] Level 1:colcon.colcon_core.package_identification:_identify(robot) by extensions ['ros']
[1.419s] Level 1:colcon.colcon_core.package_identification:_identify(robot) by extension 'ros'
[1.421s] DEBUG:colcon.colcon_core.package_identification:Package 'robot' with type 'ros.ament_python' and name 'robot'
[1.422s] Level 1:colcon.colcon_core.package_discovery:discover_packages(recursive) using defaults
[1.422s] Level 1:colcon.colcon_core.package_discovery:discover_packages(ignore) discover
[1.422s] Level 1:colcon.colcon_core.package_discovery:discover_packages(ignore) using defaults
[1.422s] Level 1:colcon.colcon_core.package_discovery:discover_packages(path) discover
[1.422s] Level 1:colcon.colcon_core.package_discovery:discover_packages(path) using defaults
[1.542s] Level 1:colcon.colcon_core.package_discovery:discover_packages(prefix_path) check parameters
[1.542s] Level 1:colcon.colcon_core.package_discovery:discover_packages(prefix_path) discover
[1.555s] DEBUG:colcon.colcon_installed_package_information.package_discovery:Found 2 installed packages in /home/aclab/Desktop/workspaces/RobotROS2/ros2_ws/install
[1.566s] DEBUG:colcon.colcon_installed_package_information.package_discovery:Found 272 installed packages in /opt/ros/humble
[1.572s] Level 1:colcon.colcon_core.package_discovery:discover_packages(prefix_path) using defaults
[1.737s] Level 5:colcon.colcon_core.verb:set package 'line_sensors' build argument 'cmake_args' from command line to 'None'
[1.737s] Level 5:colcon.colcon_core.verb:set package 'line_sensors' build argument 'cmake_target' from command line to 'None'
[1.737s] Level 5:colcon.colcon_core.verb:set package 'line_sensors' build argument 'cmake_target_skip_unavailable' from command line to 'False'
[1.737s] Level 5:colcon.colcon_core.verb:set package 'line_sensors' build argument 'cmake_clean_cache' from command line to 'False'
[1.737s] Level 5:colcon.colcon_core.verb:set package 'line_sensors' build argument 'cmake_clean_first' from command line to 'False'
[1.738s] Level 5:colcon.colcon_core.verb:set package 'line_sensors' build argument 'cmake_force_configure' from command line to 'False'
[1.738s] Level 5:colcon.colcon_core.verb:set package 'line_sensors' build argument 'ament_cmake_args' from command line to 'None'
[1.738s] Level 5:colcon.colcon_core.verb:set package 'line_sensors' build argument 'catkin_cmake_args' from command line to 'None'
[1.738s] Level 5:colcon.colcon_core.verb:set package 'line_sensors' build argument 'catkin_skip_building_tests' from command line to 'False'
[1.738s] DEBUG:colcon.colcon_core.verb:Building package 'line_sensors' with the following arguments: {'ament_cmake_args': None, 'build_base': '/home/aclab/Desktop/workspaces/RobotROS2/ros2_ws/src/build/line_sensors', 'catkin_cmake_args': None, 'catkin_skip_building_tests': False, 'cmake_args': None, 'cmake_clean_cache': False, 'cmake_clean_first': False, 'cmake_force_configure': False, 'cmake_target': None, 'cmake_target_skip_unavailable': False, 'install_base': '/home/aclab/Desktop/workspaces/RobotROS2/ros2_ws/src/install/line_sensors', 'merge_install': False, 'path': '/home/aclab/Desktop/workspaces/RobotROS2/ros2_ws/src/line_sensors', 'symlink_install': False, 'test_result_base': None}
[1.740s] Level 5:colcon.colcon_core.verb:set package 'mqtt_bridge' build argument 'cmake_args' from command line to 'None'
[1.740s] Level 5:colcon.colcon_core.verb:set package 'mqtt_bridge' build argument 'cmake_target' from command line to 'None'
[1.740s] Level 5:colcon.colcon_core.verb:set package 'mqtt_bridge' build argument 'cmake_target_skip_unavailable' from command line to 'False'
[1.740s] Level 5:colcon.colcon_core.verb:set package 'mqtt_bridge' build argument 'cmake_clean_cache' from command line to 'False'
[1.740s] Level 5:colcon.colcon_core.verb:set package 'mqtt_bridge' build argument 'cmake_clean_first' from command line to 'False'
[1.740s] Level 5:colcon.colcon_core.verb:set package 'mqtt_bridge' build argument 'cmake_force_configure' from command line to 'False'
[1.740s] Level 5:colcon.colcon_core.verb:set package 'mqtt_bridge' build argument 'ament_cmake_args' from command line to 'None'
[1.741s] Level 5:colcon.colcon_core.verb:set package 'mqtt_bridge' build argument 'catkin_cmake_args' from command line to 'None'
[1.741s] Level 5:colcon.colcon_core.verb:set package 'mqtt_bridge' build argument 'catkin_skip_building_tests' from command line to 'False'
[1.741s] DEBUG:colcon.colcon_core.verb:Building package 'mqtt_bridge' with the following arguments: {'ament_cmake_args': None, 'build_base': '/home/aclab/Desktop/workspaces/RobotROS2/ros2_ws/src/build/mqtt_bridge', 'catkin_cmake_args': None, 'catkin_skip_building_tests': False, 'cmake_args': None, 'cmake_clean_cache': False, 'cmake_clean_first': False, 'cmake_force_configure': False, 'cmake_target': None, 'cmake_target_skip_unavailable': False, 'install_base': '/home/aclab/Desktop/workspaces/RobotROS2/ros2_ws/src/install/mqtt_bridge', 'merge_install': False, 'path': '/home/aclab/Desktop/workspaces/RobotROS2/ros2_ws/src/mqtt_bridge', 'symlink_install': False, 'test_result_base': None}
[1.742s] Level 5:colcon.colcon_core.verb:set package 'robot' build argument 'cmake_args' from command line to 'None'
[1.743s] Level 5:colcon.colcon_core.verb:set package 'robot' build argument 'cmake_target' from command line to 'None'
[1.743s] Level 5:colcon.colcon_core.verb:set package 'robot' build argument 'cmake_target_skip_unavailable' from command line to 'False'
[1.743s] Level 5:colcon.colcon_core.verb:set package 'robot' build argument 'cmake_clean_cache' from command line to 'False'
[1.743s] Level 5:colcon.colcon_core.verb:set package 'robot' build argument 'cmake_clean_first' from command line to 'False'
[1.743s] Level 5:colcon.colcon_core.verb:set package 'robot' build argument 'cmake_force_configure' from command line to 'False'
[1.743s] Level 5:colcon.colcon_core.verb:set package 'robot' build argument 'ament_cmake_args' from command line to 'None'
[1.743s] Level 5:colcon.colcon_core.verb:set package 'robot' build argument 'catkin_cmake_args' from command line to 'None'
[1.743s] Level 5:colcon.colcon_core.verb:set package 'robot' build argument 'catkin_skip_building_tests' from command line to 'False'
[1.743s] DEBUG:colcon.colcon_core.verb:Building package 'robot' with the following arguments: {'ament_cmake_args': None, 'build_base': '/home/aclab/Desktop/workspaces/RobotROS2/ros2_ws/src/build/robot', 'catkin_cmake_args': None, 'catkin_skip_building_tests': False, 'cmake_args': None, 'cmake_clean_cache': False, 'cmake_clean_first': False, 'cmake_force_configure': False, 'cmake_target': None, 'cmake_target_skip_unavailable': False, 'install_base': '/home/aclab/Desktop/workspaces/RobotROS2/ros2_ws/src/install/robot', 'merge_install': False, 'path': '/home/aclab/Desktop/workspaces/RobotROS2/ros2_ws/src/robot', 'symlink_install': False, 'test_result_base': None}
[1.744s] INFO:colcon.colcon_core.executor:Executing jobs using 'parallel' executor
[1.747s] DEBUG:colcon.colcon_parallel_executor.executor.parallel:run_until_complete
[1.749s] INFO:colcon.colcon_ros.task.ament_python.build:Building ROS package in '/home/aclab/Desktop/workspaces/RobotROS2/ros2_ws/src/line_sensors' with build type 'ament_python'
[1.749s] Level 1:colcon.colcon_core.shell:create_environment_hook('line_sensors', 'ament_prefix_path')
[1.760s] INFO:colcon.colcon_core.plugin_system:Skipping extension 'colcon_core.shell.bat': Not used on non-Windows systems
[1.761s] INFO:colcon.colcon_core.shell:Creating environment hook '/home/aclab/Desktop/workspaces/RobotROS2/ros2_ws/src/install/line_sensors/share/line_sensors/hook/ament_prefix_path.ps1'
[1.765s] INFO:colcon.colcon_core.shell:Creating environment descriptor '/home/aclab/Desktop/workspaces/RobotROS2/ros2_ws/src/install/line_sensors/share/line_sensors/hook/ament_prefix_path.dsv'
[1.768s] INFO:colcon.colcon_core.shell:Creating environment hook '/home/aclab/Desktop/workspaces/RobotROS2/ros2_ws/src/install/line_sensors/share/line_sensors/hook/ament_prefix_path.sh'
[1.772s] INFO:colcon.colcon_core.shell:Skip shell extension 'powershell' for command environment: Not usable outside of PowerShell
[1.772s] DEBUG:colcon.colcon_core.shell:Skip shell extension 'dsv' for command environment
[1.790s] INFO:colcon.colcon_ros.task.ament_python.build:Building ROS package in '/home/aclab/Desktop/workspaces/RobotROS2/ros2_ws/src/mqtt_bridge' with build type 'ament_python'
[1.791s] Level 1:colcon.colcon_core.shell:create_environment_hook('mqtt_bridge', 'ament_prefix_path')
[1.793s] INFO:colcon.colcon_core.shell:Creating environment hook '/home/aclab/Desktop/workspaces/RobotROS2/ros2_ws/src/install/mqtt_bridge/share/mqtt_bridge/hook/ament_prefix_path.ps1'
[1.795s] INFO:colcon.colcon_core.shell:Creating environment descriptor '/home/aclab/Desktop/workspaces/RobotROS2/ros2_ws/src/install/mqtt_bridge/share/mqtt_bridge/hook/ament_prefix_path.dsv'
[1.798s] INFO:colcon.colcon_core.shell:Creating environment hook '/home/aclab/Desktop/workspaces/RobotROS2/ros2_ws/src/install/mqtt_bridge/share/mqtt_bridge/hook/ament_prefix_path.sh'
[1.802s] INFO:colcon.colcon_core.shell:Skip shell extension 'powershell' for command environment: Not usable outside of PowerShell
[1.802s] DEBUG:colcon.colcon_core.shell:Skip shell extension 'dsv' for command environment
[1.819s] INFO:colcon.colcon_ros.task.ament_python.build:Building ROS package in '/home/aclab/Desktop/workspaces/RobotROS2/ros2_ws/src/robot' with build type 'ament_python'
[1.820s] Level 1:colcon.colcon_core.shell:create_environment_hook('robot', 'ament_prefix_path')
[1.821s] INFO:colcon.colcon_core.shell:Creating environment hook '/home/aclab/Desktop/workspaces/RobotROS2/ros2_ws/src/install/robot/share/robot/hook/ament_prefix_path.ps1'
[1.824s] INFO:colcon.colcon_core.shell:Creating environment descriptor '/home/aclab/Desktop/workspaces/RobotROS2/ros2_ws/src/install/robot/share/robot/hook/ament_prefix_path.dsv'
[1.826s] INFO:colcon.colcon_core.shell:Creating environment hook '/home/aclab/Desktop/workspaces/RobotROS2/ros2_ws/src/install/robot/share/robot/hook/ament_prefix_path.sh'
[1.830s] INFO:colcon.colcon_core.shell:Skip shell extension 'powershell' for command environment: Not usable outside of PowerShell
[1.830s] DEBUG:colcon.colcon_core.shell:Skip shell extension 'dsv' for command environment
[3.071s] INFO:colcon.colcon_core.task.python.build:Building Python package in '/home/aclab/Desktop/workspaces/RobotROS2/ros2_ws/src/line_sensors'
[3.072s] INFO:colcon.colcon_core.shell:Skip shell extension 'powershell' for command environment: Not usable outside of PowerShell
[3.072s] DEBUG:colcon.colcon_core.shell:Skip shell extension 'dsv' for command environment
[4.296s] INFO:colcon.colcon_core.task.python.build:Building Python package in '/home/aclab/Desktop/workspaces/RobotROS2/ros2_ws/src/mqtt_bridge'
[4.297s] INFO:colcon.colcon_core.shell:Skip shell extension 'powershell' for command environment: Not usable outside of PowerShell
[4.297s] DEBUG:colcon.colcon_core.shell:Skip shell extension 'dsv' for command environment
[5.558s] INFO:colcon.colcon_core.task.python.build:Building Python package in '/home/aclab/Desktop/workspaces/RobotROS2/ros2_ws/src/robot'
[5.559s] INFO:colcon.colcon_core.shell:Skip shell extension 'powershell' for command environment: Not usable outside of PowerShell
[5.559s] DEBUG:colcon.colcon_core.shell:Skip shell extension 'dsv' for command environment
[7.669s] DEBUG:colcon.colcon_core.event_handler.log_command:Invoking command in '/home/aclab/Desktop/workspaces/RobotROS2/ros2_ws/src/robot': PYTHONPATH=/home/aclab/Desktop/workspaces/RobotROS2/ros2_ws/src/build/robot/prefix_override:/usr/lib/python3/dist-packages/colcon_core/task/python/colcon_distutils_commands:/home/aclab/Desktop/workspaces/RobotROS2/ros2_ws/src/install/robot/lib/python3.10/site-packages:${PYTHONPATH} /usr/bin/python3 -W ignore:setup.py install is deprecated -W ignore:easy_install command is deprecated setup.py egg_info --egg-base ../build/robot build --build-base /home/aclab/Desktop/workspaces/RobotROS2/ros2_ws/src/build/robot/build install --record /home/aclab/Desktop/workspaces/RobotROS2/ros2_ws/src/build/robot/install.log --single-version-externally-managed install_data
[7.696s] DEBUG:colcon.colcon_core.event_handler.log_command:Invoking command in '/home/aclab/Desktop/workspaces/RobotROS2/ros2_ws/src/line_sensors': PYTHONPATH=/home/aclab/Desktop/workspaces/RobotROS2/ros2_ws/src/build/line_sensors/prefix_override:/usr/lib/python3/dist-packages/colcon_core/task/python/colcon_distutils_commands:/home/aclab/Desktop/workspaces/RobotROS2/ros2_ws/src/install/line_sensors/lib/python3.10/site-packages:${PYTHONPATH} /usr/bin/python3 -W ignore:setup.py install is deprecated -W ignore:easy_install command is deprecated setup.py egg_info --egg-base ../build/line_sensors build --build-base /home/aclab/Desktop/workspaces/RobotROS2/ros2_ws/src/build/line_sensors/build install --record /home/aclab/Desktop/workspaces/RobotROS2/ros2_ws/src/build/line_sensors/install.log --single-version-externally-managed install_data
[7.769s] DEBUG:colcon.colcon_core.event_handler.log_command:Invoking command in '/home/aclab/Desktop/workspaces/RobotROS2/ros2_ws/src/mqtt_bridge': PYTHONPATH=/home/aclab/Desktop/workspaces/RobotROS2/ros2_ws/src/build/mqtt_bridge/prefix_override:/usr/lib/python3/dist-packages/colcon_core/task/python/colcon_distutils_commands:/home/aclab/Desktop/workspaces/RobotROS2/ros2_ws/src/install/mqtt_bridge/lib/python3.10/site-packages:${PYTHONPATH} /usr/bin/python3 -W ignore:setup.py install is deprecated -W ignore:easy_install command is deprecated setup.py egg_info --egg-base ../build/mqtt_bridge build --build-base /home/aclab/Desktop/workspaces/RobotROS2/ros2_ws/src/build/mqtt_bridge/build install --record /home/aclab/Desktop/workspaces/RobotROS2/ros2_ws/src/build/mqtt_bridge/install.log --single-version-externally-managed install_data
[9.554s] DEBUG:colcon.colcon_core.event_handler.log_command:Invoked command in '/home/aclab/Desktop/workspaces/RobotROS2/ros2_ws/src/robot' returned '0': PYTHONPATH=/home/aclab/Desktop/workspaces/RobotROS2/ros2_ws/src/build/robot/prefix_override:/usr/lib/python3/dist-packages/colcon_core/task/python/colcon_distutils_commands:/home/aclab/Desktop/workspaces/RobotROS2/ros2_ws/src/install/robot/lib/python3.10/site-packages:${PYTHONPATH} /usr/bin/python3 -W ignore:setup.py install is deprecated -W ignore:easy_install command is deprecated setup.py egg_info --egg-base ../build/robot build --build-base /home/aclab/Desktop/workspaces/RobotROS2/ros2_ws/src/build/robot/build install --record /home/aclab/Desktop/workspaces/RobotROS2/ros2_ws/src/build/robot/install.log --single-version-externally-managed install_data
[9.636s] Level 1:colcon.colcon_core.environment:checking '/home/aclab/Desktop/workspaces/RobotROS2/ros2_ws/src/install/robot' for CMake module files
[9.641s] Level 1:colcon.colcon_core.environment:checking '/home/aclab/Desktop/workspaces/RobotROS2/ros2_ws/src/install/robot' for CMake config files
[9.649s] Level 1:colcon.colcon_core.environment:checking '/home/aclab/Desktop/workspaces/RobotROS2/ros2_ws/src/install/robot/lib'
[9.651s] Level 1:colcon.colcon_core.environment:checking '/home/aclab/Desktop/workspaces/RobotROS2/ros2_ws/src/install/robot/bin'
[9.652s] Level 1:colcon.colcon_core.environment:checking '/home/aclab/Desktop/workspaces/RobotROS2/ros2_ws/src/install/robot/lib/pkgconfig/robot.pc'
[9.654s] Level 1:colcon.colcon_core.environment:checking '/home/aclab/Desktop/workspaces/RobotROS2/ros2_ws/src/install/robot/lib/python3.10/site-packages'
[9.655s] Level 1:colcon.colcon_core.shell:create_environment_hook('robot', 'pythonpath')
[9.657s] INFO:colcon.colcon_core.shell:Creating environment hook '/home/aclab/Desktop/workspaces/RobotROS2/ros2_ws/src/install/robot/share/robot/hook/pythonpath.ps1'
[9.662s] INFO:colcon.colcon_core.shell:Creating environment descriptor '/home/aclab/Desktop/workspaces/RobotROS2/ros2_ws/src/install/robot/share/robot/hook/pythonpath.dsv'
[9.667s] INFO:colcon.colcon_core.shell:Creating environment hook '/home/aclab/Desktop/workspaces/RobotROS2/ros2_ws/src/install/robot/share/robot/hook/pythonpath.sh'
[9.673s] Level 1:colcon.colcon_core.environment:checking '/home/aclab/Desktop/workspaces/RobotROS2/ros2_ws/src/install/robot/bin'
[9.674s] Level 1:colcon.colcon_core.environment:create_environment_scripts_only(robot)
[9.677s] INFO:colcon.colcon_core.shell:Creating package script '/home/aclab/Desktop/workspaces/RobotROS2/ros2_ws/src/install/robot/share/robot/package.ps1'
[9.687s] INFO:colcon.colcon_core.shell:Creating package descriptor '/home/aclab/Desktop/workspaces/RobotROS2/ros2_ws/src/install/robot/share/robot/package.dsv'
[9.693s] INFO:colcon.colcon_core.shell:Creating package script '/home/aclab/Desktop/workspaces/RobotROS2/ros2_ws/src/install/robot/share/robot/package.sh'
[9.701s] INFO:colcon.colcon_core.shell:Creating package script '/home/aclab/Desktop/workspaces/RobotROS2/ros2_ws/src/install/robot/share/robot/package.bash'
[9.707s] INFO:colcon.colcon_core.shell:Creating package script '/home/aclab/Desktop/workspaces/RobotROS2/ros2_ws/src/install/robot/share/robot/package.zsh'
[9.711s] Level 1:colcon.colcon_core.environment:create_file_with_runtime_dependencies(/home/aclab/Desktop/workspaces/RobotROS2/ros2_ws/src/install/robot/share/colcon-core/packages/robot)
[9.725s] Level 1:colcon.colcon_core.environment:checking '/home/aclab/Desktop/workspaces/RobotROS2/ros2_ws/src/install/line_sensors' for CMake module files
[9.728s] DEBUG:colcon.colcon_core.event_handler.log_command:Invoked command in '/home/aclab/Desktop/workspaces/RobotROS2/ros2_ws/src/line_sensors' returned '0': PYTHONPATH=/home/aclab/Desktop/workspaces/RobotROS2/ros2_ws/src/build/line_sensors/prefix_override:/usr/lib/python3/dist-packages/colcon_core/task/python/colcon_distutils_commands:/home/aclab/Desktop/workspaces/RobotROS2/ros2_ws/src/install/line_sensors/lib/python3.10/site-packages:${PYTHONPATH} /usr/bin/python3 -W ignore:setup.py install is deprecated -W ignore:easy_install command is deprecated setup.py egg_info --egg-base ../build/line_sensors build --build-base /home/aclab/Desktop/workspaces/RobotROS2/ros2_ws/src/build/line_sensors/build install --record /home/aclab/Desktop/workspaces/RobotROS2/ros2_ws/src/build/line_sensors/install.log --single-version-externally-managed install_data
[9.734s] Level 1:colcon.colcon_core.environment:checking '/home/aclab/Desktop/workspaces/RobotROS2/ros2_ws/src/install/line_sensors' for CMake config files
[9.739s] Level 1:colcon.colcon_core.environment:checking '/home/aclab/Desktop/workspaces/RobotROS2/ros2_ws/src/install/line_sensors/lib'
[9.740s] Level 1:colcon.colcon_core.environment:checking '/home/aclab/Desktop/workspaces/RobotROS2/ros2_ws/src/install/line_sensors/bin'
[9.741s] Level 1:colcon.colcon_core.environment:checking '/home/aclab/Desktop/workspaces/RobotROS2/ros2_ws/src/install/line_sensors/lib/pkgconfig/line_sensors.pc'
[9.742s] Level 1:colcon.colcon_core.environment:checking '/home/aclab/Desktop/workspaces/RobotROS2/ros2_ws/src/install/line_sensors/lib/python3.10/site-packages'
[9.743s] Level 1:colcon.colcon_core.shell:create_environment_hook('line_sensors', 'pythonpath')
[9.744s] INFO:colcon.colcon_core.shell:Creating environment hook '/home/aclab/Desktop/workspaces/RobotROS2/ros2_ws/src/install/line_sensors/share/line_sensors/hook/pythonpath.ps1'
[9.747s] INFO:colcon.colcon_core.shell:Creating environment descriptor '/home/aclab/Desktop/workspaces/RobotROS2/ros2_ws/src/install/line_sensors/share/line_sensors/hook/pythonpath.dsv'
[9.749s] INFO:colcon.colcon_core.shell:Creating environment hook '/home/aclab/Desktop/workspaces/RobotROS2/ros2_ws/src/install/line_sensors/share/line_sensors/hook/pythonpath.sh'
[9.753s] Level 1:colcon.colcon_core.environment:checking '/home/aclab/Desktop/workspaces/RobotROS2/ros2_ws/src/install/line_sensors/bin'
[9.754s] Level 1:colcon.colcon_core.environment:create_environment_scripts_only(line_sensors)
[9.755s] INFO:colcon.colcon_core.shell:Creating package script '/home/aclab/Desktop/workspaces/RobotROS2/ros2_ws/src/install/line_sensors/share/line_sensors/package.ps1'
[9.758s] INFO:colcon.colcon_core.shell:Creating package descriptor '/home/aclab/Desktop/workspaces/RobotROS2/ros2_ws/src/install/line_sensors/share/line_sensors/package.dsv'
[9.762s] INFO:colcon.colcon_core.shell:Creating package script '/home/aclab/Desktop/workspaces/RobotROS2/ros2_ws/src/install/line_sensors/share/line_sensors/package.sh'
[9.765s] INFO:colcon.colcon_core.shell:Creating package script '/home/aclab/Desktop/workspaces/RobotROS2/ros2_ws/src/install/line_sensors/share/line_sensors/package.bash'
[9.768s] INFO:colcon.colcon_core.shell:Creating package script '/home/aclab/Desktop/workspaces/RobotROS2/ros2_ws/src/install/line_sensors/share/line_sensors/package.zsh'
[9.770s] Level 1:colcon.colcon_core.environment:create_file_with_runtime_dependencies(/home/aclab/Desktop/workspaces/RobotROS2/ros2_ws/src/install/line_sensors/share/colcon-core/packages/line_sensors)
[9.781s] Level 1:colcon.colcon_core.environment:checking '/home/aclab/Desktop/workspaces/RobotROS2/ros2_ws/src/install/mqtt_bridge' for CMake module files
[9.783s] DEBUG:colcon.colcon_core.event_handler.log_command:Invoked command in '/home/aclab/Desktop/workspaces/RobotROS2/ros2_ws/src/mqtt_bridge' returned '0': PYTHONPATH=/home/aclab/Desktop/workspaces/RobotROS2/ros2_ws/src/build/mqtt_bridge/prefix_override:/usr/lib/python3/dist-packages/colcon_core/task/python/colcon_distutils_commands:/home/aclab/Desktop/workspaces/RobotROS2/ros2_ws/src/install/mqtt_bridge/lib/python3.10/site-packages:${PYTHONPATH} /usr/bin/python3 -W ignore:setup.py install is deprecated -W ignore:easy_install command is deprecated setup.py egg_info --egg-base ../build/mqtt_bridge build --build-base /home/aclab/Desktop/workspaces/RobotROS2/ros2_ws/src/build/mqtt_bridge/build install --record /home/aclab/Desktop/workspaces/RobotROS2/ros2_ws/src/build/mqtt_bridge/install.log --single-version-externally-managed install_data
[9.787s] Level 1:colcon.colcon_core.environment:checking '/home/aclab/Desktop/workspaces/RobotROS2/ros2_ws/src/install/mqtt_bridge' for CMake config files
[9.792s] Level 1:colcon.colcon_core.environment:checking '/home/aclab/Desktop/workspaces/RobotROS2/ros2_ws/src/install/mqtt_bridge/lib'
[9.792s] Level 1:colcon.colcon_core.environment:checking '/home/aclab/Desktop/workspaces/RobotROS2/ros2_ws/src/install/mqtt_bridge/bin'
[9.796s] Level 1:colcon.colcon_core.environment:checking '/home/aclab/Desktop/workspaces/RobotROS2/ros2_ws/src/install/mqtt_bridge/lib/pkgconfig/mqtt_bridge.pc'
[9.797s] Level 1:colcon.colcon_core.environment:checking '/home/aclab/Desktop/workspaces/RobotROS2/ros2_ws/src/install/mqtt_bridge/lib/python3.10/site-packages'
[9.798s] Level 1:colcon.colcon_core.shell:create_environment_hook('mqtt_bridge', 'pythonpath')
[9.799s] INFO:colcon.colcon_core.shell:Creating environment hook '/home/aclab/Desktop/workspaces/RobotROS2/ros2_ws/src/install/mqtt_bridge/share/mqtt_bridge/hook/pythonpath.ps1'
[9.802s] INFO:colcon.colcon_core.shell:Creating environment descriptor '/home/aclab/Desktop/workspaces/RobotROS2/ros2_ws/src/install/mqtt_bridge/share/mqtt_bridge/hook/pythonpath.dsv'
[9.805s] INFO:colcon.colcon_core.shell:Creating environment hook '/home/aclab/Desktop/workspaces/RobotROS2/ros2_ws/src/install/mqtt_bridge/share/mqtt_bridge/hook/pythonpath.sh'
[9.811s] Level 1:colcon.colcon_core.environment:checking '/home/aclab/Desktop/workspaces/RobotROS2/ros2_ws/src/install/mqtt_bridge/bin'
[9.812s] Level 1:colcon.colcon_core.environment:create_environment_scripts_only(mqtt_bridge)
[9.813s] INFO:colcon.colcon_core.shell:Creating package script '/home/aclab/Desktop/workspaces/RobotROS2/ros2_ws/src/install/mqtt_bridge/share/mqtt_bridge/package.ps1'
[9.816s] INFO:colcon.colcon_core.shell:Creating package descriptor '/home/aclab/Desktop/workspaces/RobotROS2/ros2_ws/src/install/mqtt_bridge/share/mqtt_bridge/package.dsv'
[9.819s] INFO:colcon.colcon_core.shell:Creating package script '/home/aclab/Desktop/workspaces/RobotROS2/ros2_ws/src/install/mqtt_bridge/share/mqtt_bridge/package.sh'
[9.822s] INFO:colcon.colcon_core.shell:Creating package script '/home/aclab/Desktop/workspaces/RobotROS2/ros2_ws/src/install/mqtt_bridge/share/mqtt_bridge/package.bash'
[9.825s] INFO:colcon.colcon_core.shell:Creating package script '/home/aclab/Desktop/workspaces/RobotROS2/ros2_ws/src/install/mqtt_bridge/share/mqtt_bridge/package.zsh'
[9.827s] Level 1:colcon.colcon_core.environment:create_file_with_runtime_dependencies(/home/aclab/Desktop/workspaces/RobotROS2/ros2_ws/src/install/mqtt_bridge/share/colcon-core/packages/mqtt_bridge)
[9.829s] DEBUG:colcon.colcon_parallel_executor.executor.parallel:closing loop
[9.831s] DEBUG:colcon.colcon_parallel_executor.executor.parallel:loop closed
[9.832s] DEBUG:colcon.colcon_parallel_executor.executor.parallel:run_until_complete finished with '0'
[9.832s] DEBUG:colcon.colcon_core.event_reactor:joining thread
[9.864s] INFO:colcon.colcon_core.plugin_system:Skipping extension 'colcon_notification.desktop_notification.terminal_notifier': Not used on non-Darwin systems
[9.865s] INFO:colcon.colcon_core.plugin_system:Skipping extension 'colcon_notification.desktop_notification.win32': Not used on non-Windows systems
[9.865s] INFO:colcon.colcon_notification.desktop_notification:Sending desktop notification using 'notify2'
[9.871s] DEBUG:colcon.colcon_notification.desktop_notification.notify2:Failed to initialize notify2: org.freedesktop.DBus.Error.ServiceUnknown: The name org.freedesktop.Notifications was not provided by any .service files
[9.872s] DEBUG:colcon.colcon_core.event_reactor:joined thread
[9.874s] INFO:colcon.colcon_core.shell:Creating prefix script '/home/aclab/Desktop/workspaces/RobotROS2/ros2_ws/src/install/local_setup.ps1'
[9.882s] INFO:colcon.colcon_core.shell:Creating prefix util module '/home/aclab/Desktop/workspaces/RobotROS2/ros2_ws/src/install/_local_setup_util_ps1.py'
[9.891s] INFO:colcon.colcon_core.shell:Creating prefix chain script '/home/aclab/Desktop/workspaces/RobotROS2/ros2_ws/src/install/setup.ps1'
[9.901s] INFO:colcon.colcon_core.shell:Creating prefix script '/home/aclab/Desktop/workspaces/RobotROS2/ros2_ws/src/install/local_setup.sh'
[9.906s] INFO:colcon.colcon_core.shell:Creating prefix util module '/home/aclab/Desktop/workspaces/RobotROS2/ros2_ws/src/install/_local_setup_util_sh.py'
[9.918s] INFO:colcon.colcon_core.shell:Creating prefix chain script '/home/aclab/Desktop/workspaces/RobotROS2/ros2_ws/src/install/setup.sh'
[9.926s] INFO:colcon.colcon_core.shell:Creating prefix script '/home/aclab/Desktop/workspaces/RobotROS2/ros2_ws/src/install/local_setup.bash'
[9.930s] INFO:colcon.colcon_core.shell:Creating prefix chain script '/home/aclab/Desktop/workspaces/RobotROS2/ros2_ws/src/install/setup.bash'
[9.936s] INFO:colcon.colcon_core.shell:Creating prefix script '/home/aclab/Desktop/workspaces/RobotROS2/ros2_ws/src/install/local_setup.zsh'
[9.940s] INFO:colcon.colcon_core.shell:Creating prefix chain script '/home/aclab/Desktop/workspaces/RobotROS2/ros2_ws/src/install/setup.zsh'
