[6.006s] Invoking command in '/home/aclab/Desktop/workspaces/RobotROS2/ros2_ws/src/robot': PYTHONPATH=/home/aclab/Desktop/workspaces/RobotROS2/ros2_ws/src/build/robot/prefix_override:/usr/lib/python3/dist-packages/colcon_core/task/python/colcon_distutils_commands:/home/aclab/Desktop/workspaces/RobotROS2/ros2_ws/src/install/robot/lib/python3.10/site-packages:${PYTHONPATH} /usr/bin/python3 -W ignore:setup.py install is deprecated -W ignore:easy_install command is deprecated setup.py egg_info --egg-base ../build/robot build --build-base /home/aclab/Desktop/workspaces/RobotROS2/ros2_ws/src/build/robot/build install --record /home/aclab/Desktop/workspaces/RobotROS2/ros2_ws/src/build/robot/install.log --single-version-externally-managed install_data
[7.522s] running egg_info
[7.529s] writing ../build/robot/robot.egg-info/PKG-INFO
[7.533s] writing dependency_links to ../build/robot/robot.egg-info/dependency_links.txt
[7.537s] writing entry points to ../build/robot/robot.egg-info/entry_points.txt
[7.552s] writing requirements to ../build/robot/robot.egg-info/requires.txt
[7.555s] writing top-level names to ../build/robot/robot.egg-info/top_level.txt
[7.582s] reading manifest file '../build/robot/robot.egg-info/SOURCES.txt'
[7.625s] writing manifest file '../build/robot/robot.egg-info/SOURCES.txt'
[7.626s] running build
[7.626s] running build_py
[7.627s] copying robot/main.py -> /home/aclab/Desktop/workspaces/RobotROS2/ros2_ws/src/build/robot/build/lib/robot
[7.629s] running install
[7.629s] running install_lib
[7.630s] copying /home/aclab/Desktop/workspaces/RobotROS2/ros2_ws/src/build/robot/build/lib/robot/main.py -> /home/aclab/Desktop/workspaces/RobotROS2/ros2_ws/src/install/robot/lib/python3.10/site-packages/robot
[7.649s] byte-compiling /home/aclab/Desktop/workspaces/RobotROS2/ros2_ws/src/install/robot/lib/python3.10/site-packages/robot/main.py to main.cpython-310.pyc
[7.676s] running install_data
[7.683s] running install_egg_info
[7.699s] removing '/home/aclab/Desktop/workspaces/RobotROS2/ros2_ws/src/install/robot/lib/python3.10/site-packages/robot-0.0.0-py3.10.egg-info' (and everything under it)
[7.702s] Copying ../build/robot/robot.egg-info to /home/aclab/Desktop/workspaces/RobotROS2/ros2_ws/src/install/robot/lib/python3.10/site-packages/robot-0.0.0-py3.10.egg-info
[7.718s] running install_scripts
[7.752s] Installing robot script to /home/aclab/Desktop/workspaces/RobotROS2/ros2_ws/src/install/robot/lib/robot
[7.766s] writing list of installed files to '/home/aclab/Desktop/workspaces/RobotROS2/ros2_ws/src/build/robot/install.log'
[8.001s] Invoked command in '/home/aclab/Desktop/workspaces/RobotROS2/ros2_ws/src/robot' returned '0': PYTHONPATH=/home/aclab/Desktop/workspaces/RobotROS2/ros2_ws/src/build/robot/prefix_override:/usr/lib/python3/dist-packages/colcon_core/task/python/colcon_distutils_commands:/home/aclab/Desktop/workspaces/RobotROS2/ros2_ws/src/install/robot/lib/python3.10/site-packages:${PYTHONPATH} /usr/bin/python3 -W ignore:setup.py install is deprecated -W ignore:easy_install command is deprecated setup.py egg_info --egg-base ../build/robot build --build-base /home/aclab/Desktop/workspaces/RobotROS2/ros2_ws/src/build/robot/build install --record /home/aclab/Desktop/workspaces/RobotROS2/ros2_ws/src/build/robot/install.log --single-version-externally-managed install_data
