[6.789s] Invoking command in '/home/aclab/Desktop/workspaces/RobotROS2/ros2_ws/src/robot': PYTHONPATH=/home/aclab/Desktop/workspaces/RobotROS2/ros2_ws/src/build/robot/prefix_override:/usr/lib/python3/dist-packages/colcon_core/task/python/colcon_distutils_commands:/home/aclab/Desktop/workspaces/RobotROS2/ros2_ws/src/install/robot/lib/python3.10/site-packages:${PYTHONPATH} /usr/bin/python3 -W ignore:setup.py install is deprecated -W ignore:easy_install command is deprecated setup.py egg_info --egg-base ../build/robot build --build-base /home/aclab/Desktop/workspaces/RobotROS2/ros2_ws/src/build/robot/build install --record /home/aclab/Desktop/workspaces/RobotROS2/ros2_ws/src/build/robot/install.log --single-version-externally-managed install_data
[8.446s] running egg_info
[8.450s] writing ../build/robot/robot.egg-info/PKG-INFO
[8.461s] writing dependency_links to ../build/robot/robot.egg-info/dependency_links.txt
[8.468s] writing entry points to ../build/robot/robot.egg-info/entry_points.txt
[8.469s] writing requirements to ../build/robot/robot.egg-info/requires.txt
[8.469s] writing top-level names to ../build/robot/robot.egg-info/top_level.txt
[8.483s] reading manifest file '../build/robot/robot.egg-info/SOURCES.txt'
[8.486s] writing manifest file '../build/robot/robot.egg-info/SOURCES.txt'
[8.487s] running build
[8.487s] running build_py
[8.488s] running install
[8.492s] running install_lib
[8.498s] running install_data
[8.507s] running install_egg_info
[8.527s] removing '/home/aclab/Desktop/workspaces/RobotROS2/ros2_ws/src/install/robot/lib/python3.10/site-packages/robot-0.0.0-py3.10.egg-info' (and everything under it)
[8.530s] Copying ../build/robot/robot.egg-info to /home/aclab/Desktop/workspaces/RobotROS2/ros2_ws/src/install/robot/lib/python3.10/site-packages/robot-0.0.0-py3.10.egg-info
[8.544s] running install_scripts
[8.666s] Installing robot script to /home/aclab/Desktop/workspaces/RobotROS2/ros2_ws/src/install/robot/lib/robot
[8.675s] writing list of installed files to '/home/aclab/Desktop/workspaces/RobotROS2/ros2_ws/src/build/robot/install.log'
[9.046s] Invoked command in '/home/aclab/Desktop/workspaces/RobotROS2/ros2_ws/src/robot' returned '0': PYTHONPATH=/home/aclab/Desktop/workspaces/RobotROS2/ros2_ws/src/build/robot/prefix_override:/usr/lib/python3/dist-packages/colcon_core/task/python/colcon_distutils_commands:/home/aclab/Desktop/workspaces/RobotROS2/ros2_ws/src/install/robot/lib/python3.10/site-packages:${PYTHONPATH} /usr/bin/python3 -W ignore:setup.py install is deprecated -W ignore:easy_install command is deprecated setup.py egg_info --egg-base ../build/robot build --build-base /home/aclab/Desktop/workspaces/RobotROS2/ros2_ws/src/build/robot/build install --record /home/aclab/Desktop/workspaces/RobotROS2/ros2_ws/src/build/robot/install.log --single-version-externally-managed install_data
