running egg_info
writing ../build/mqtt-bridge/mqtt_bridge.egg-info/PKG-INFO
writing dependency_links to ../build/mqtt-bridge/mqtt_bridge.egg-info/dependency_links.txt
writing entry points to ../build/mqtt-bridge/mqtt_bridge.egg-info/entry_points.txt
writing requirements to ../build/mqtt-bridge/mqtt_bridge.egg-info/requires.txt
writing top-level names to ../build/mqtt-bridge/mqtt_bridge.egg-info/top_level.txt
reading manifest file '../build/mqtt-bridge/mqtt_bridge.egg-info/SOURCES.txt'
writing manifest file '../build/mqtt-bridge/mqtt_bridge.egg-info/SOURCES.txt'
running build
running build_py
copying mqtt-bridge/MQTTBridgeROS.py -> /home/aclab/Desktop/workspaces/RobotROS2/ros2_ws/src/build/mqtt-bridge/build/lib/mqtt-bridge
running install
running install_lib
copying /home/aclab/Desktop/workspaces/RobotROS2/ros2_ws/src/build/mqtt-bridge/build/lib/mqtt-bridge/MQTTBridgeROS.py -> /home/aclab/Desktop/workspaces/RobotROS2/ros2_ws/src/install/mqtt-bridge/lib/python3.10/site-packages/mqtt-bridge
byte-compiling /home/aclab/Desktop/workspaces/RobotROS2/ros2_ws/src/install/mqtt-bridge/lib/python3.10/site-packages/mqtt-bridge/MQTTBridgeROS.py to MQTTBridgeROS.cpython-310.pyc
running install_data
running install_egg_info
removing '/home/aclab/Desktop/workspaces/RobotROS2/ros2_ws/src/install/mqtt-bridge/lib/python3.10/site-packages/mqtt_bridge-0.0.0-py3.10.egg-info' (and everything under it)
Copying ../build/mqtt-bridge/mqtt_bridge.egg-info to /home/aclab/Desktop/workspaces/RobotROS2/ros2_ws/src/install/mqtt-bridge/lib/python3.10/site-packages/mqtt_bridge-0.0.0-py3.10.egg-info
running install_scripts
writing list of installed files to '/home/aclab/Desktop/workspaces/RobotROS2/ros2_ws/src/build/mqtt-bridge/install.log'
