[4.389s] Invoking command in '/home/aclab/Desktop/workspaces/RobotROS2/ros2_ws/src/robot': PYTHONPATH=/home/aclab/Desktop/workspaces/RobotROS2/ros2_ws/src/build/robot/prefix_override:/usr/lib/python3/dist-packages/colcon_core/task/python/colcon_distutils_commands:/home/aclab/Desktop/workspaces/RobotROS2/ros2_ws/src/install/robot/lib/python3.10/site-packages:${PYTHONPATH} /usr/bin/python3 -W ignore:setup.py install is deprecated -W ignore:easy_install command is deprecated setup.py egg_info --egg-base ../build/robot build --build-base /home/aclab/Desktop/workspaces/RobotROS2/ros2_ws/src/build/robot/build install --record /home/aclab/Desktop/workspaces/RobotROS2/ros2_ws/src/build/robot/install.log --single-version-externally-managed install_data
[5.656s] running egg_info
[5.658s] writing ../build/robot/robot.egg-info/PKG-INFO
[5.660s] writing dependency_links to ../build/robot/robot.egg-info/dependency_links.txt
[5.661s] writing entry points to ../build/robot/robot.egg-info/entry_points.txt
[5.662s] writing requirements to ../build/robot/robot.egg-info/requires.txt
[5.663s] writing top-level names to ../build/robot/robot.egg-info/top_level.txt
[5.677s] reading manifest file '../build/robot/robot.egg-info/SOURCES.txt'
[5.682s] writing manifest file '../build/robot/robot.egg-info/SOURCES.txt'
[5.682s] running build
[5.683s] running build_py
[5.683s] copying robot/main.py -> /home/aclab/Desktop/workspaces/RobotROS2/ros2_ws/src/build/robot/build/lib/robot
[5.684s] running install
[5.686s] running install_lib
[5.687s] copying /home/aclab/Desktop/workspaces/RobotROS2/ros2_ws/src/build/robot/build/lib/robot/main.py -> /home/aclab/Desktop/workspaces/RobotROS2/ros2_ws/src/install/robot/lib/python3.10/site-packages/robot
[5.694s] byte-compiling /home/aclab/Desktop/workspaces/RobotROS2/ros2_ws/src/install/robot/lib/python3.10/site-packages/robot/main.py to main.cpython-310.pyc
[5.695s] running install_data
[5.696s] running install_egg_info
[5.715s] removing '/home/aclab/Desktop/workspaces/RobotROS2/ros2_ws/src/install/robot/lib/python3.10/site-packages/robot-0.0.0-py3.10.egg-info' (and everything under it)
[5.718s] Copying ../build/robot/robot.egg-info to /home/aclab/Desktop/workspaces/RobotROS2/ros2_ws/src/install/robot/lib/python3.10/site-packages/robot-0.0.0-py3.10.egg-info
[5.728s] running install_scripts
[5.816s] writing list of installed files to '/home/aclab/Desktop/workspaces/RobotROS2/ros2_ws/src/build/robot/install.log'
[6.077s] Invoked command in '/home/aclab/Desktop/workspaces/RobotROS2/ros2_ws/src/robot' returned '0': PYTHONPATH=/home/aclab/Desktop/workspaces/RobotROS2/ros2_ws/src/build/robot/prefix_override:/usr/lib/python3/dist-packages/colcon_core/task/python/colcon_distutils_commands:/home/aclab/Desktop/workspaces/RobotROS2/ros2_ws/src/install/robot/lib/python3.10/site-packages:${PYTHONPATH} /usr/bin/python3 -W ignore:setup.py install is deprecated -W ignore:easy_install command is deprecated setup.py egg_info --egg-base ../build/robot build --build-base /home/aclab/Desktop/workspaces/RobotROS2/ros2_ws/src/build/robot/build install --record /home/aclab/Desktop/workspaces/RobotROS2/ros2_ws/src/build/robot/install.log --single-version-externally-managed install_data
