[0.000000] (-) TimerEvent: {}
[0.001711] (mqtt-bridge) JobQueued: {'identifier': 'mqtt-bridge', 'dependencies': OrderedDict()}
[0.002391] (robot) JobQueued: {'identifier': 'robot', 'dependencies': OrderedDict()}
[0.002959] (mqtt-bridge) JobStarted: {'identifier': 'mqtt-bridge'}
[0.038119] (robot) JobStarted: {'identifier': 'robot'}
[0.099017] (-) TimerEvent: {}
[0.199725] (-) TimerEvent: {}
[0.300506] (-) TimerEvent: {}
[0.401277] (-) TimerEvent: {}
[0.502033] (-) TimerEvent: {}
[0.602755] (-) TimerEvent: {}
[0.703463] (-) TimerEvent: {}
[0.804164] (-) TimerEvent: {}
[0.904937] (-) TimerEvent: {}
[1.005745] (-) TimerEvent: {}
[1.106512] (-) TimerEvent: {}
[1.207212] (-) TimerEvent: {}
[1.308056] (-) TimerEvent: {}
[1.386294] (mqtt-bridge) StderrLine: {'line': b'Traceback (most recent call last):\n  File "/usr/lib/python3/dist-packages/colcon_core/executor/__init__.py", line 91, in __call__\n    rc = await self.task(*args, **kwargs)\n  File "/usr/lib/python3/dist-packages/colcon_core/task/__init__.py", line 93, in __call__\n    return await task_method(*args, **kwargs)\n  File "/usr/lib/python3/dist-packages/colcon_ros/task/ament_python/build.py", line 51, in build\n    setup_py_data = get_setup_data(self.context.pkg, env)\n  File "/usr/lib/python3/dist-packages/colcon_core/task/python/__init__.py", line 20, in get_setup_data\n    return dict(pkg.metadata[key](env))\n  File "/usr/lib/python3/dist-packages/colcon_ros/package_augmentation/ros_ament_python.py", line 57, in getter\n    return get_setup_information(\n  File "/usr/lib/python3/dist-packages/colcon_python_setup_py/package_identification/python_setup_py.py", line 249, in get_setup_information\n    _setup_information_cache[hashable_env] = _get_setup_information(\n  File "/usr/lib/python3/dist-packages/colcon_python_setup_py/package_identification/python_setup_py.py", line 296, in _get_setup_information\n    result = subprocess.run(\n  File "/usr/lib/python3.10/subprocess.py", line 526, in run\n    raise CalledProcessError(retcode, process.args,\nsubprocess.CalledProcessError: Command \'[\'/usr/bin/python3\', \'-c\', \'import sys;from contextlib import suppress;exec("with suppress(ImportError):    from setuptools.extern.packaging.specifiers    import SpecifierSet");exec("with suppress(ImportError):    from packaging.specifiers import SpecifierSet");from distutils.core import run_setup;dist = run_setup(    \\\'setup.py\\\', script_args=(\\\'--dry-run\\\',), stop_after=\\\'config\\\');skip_keys = (\\\'cmdclass\\\', \\\'distclass\\\', \\\'ext_modules\\\', \\\'metadata\\\');data = {    key: value for key, value in dist.__dict__.items()     if (        not key.startswith(\\\'_\\\') and         not callable(value) and         key not in skip_keys and         key not in dist.display_option_names    )};data[\\\'metadata\\\'] = {    k: v for k, v in dist.metadata.__dict__.items()     if k not in (\\\'license_files\\\', \\\'provides_extras\\\')};sys.stdout.buffer.write(repr(data).encode(\\\'utf-8\\\'))\']\' returned non-zero exit status 1.\n'}
[1.389647] (mqtt-bridge) JobEnded: {'identifier': 'mqtt-bridge', 'rc': 1}
[1.391397] (robot) JobEnded: {'identifier': 'robot', 'rc': 'SIGINT'}
[1.400476] (-) EventReactorShutdown: {}
