[0.471s] DEBUG:colcon:Command line arguments: ['/usr/bin/colcon', 'build', '--symlink-install']
[0.471s] DEBUG:colcon:Parsed command line arguments: Namespace(log_base=None, log_level=None, verb_name='build', build_base='build', install_base='install', merge_install=False, symlink_install=True, test_result_base=None, continue_on_error=False, executor='parallel', parallel_workers=4, event_handlers=None, ignore_user_meta=False, metas=['./colcon.meta'], base_paths=['.'], packages_ignore=None, packages_ignore_regex=None, paths=None, packages_up_to=None, packages_up_to_regex=None, packages_above=None, packages_above_and_dependencies=None, packages_above_depth=None, packages_select_by_dep=None, packages_skip_by_dep=None, packages_skip_up_to=None, packages_select_build_failed=False, packages_skip_build_finished=False, packages_select_test_failures=False, packages_skip_test_passed=False, packages_select=None, packages_skip=None, packages_select_regex=None, packages_skip_regex=None, packages_start=None, packages_end=None, allow_overriding=[], cmake_args=None, cmake_target=None, cmake_target_skip_unavailable=False, cmake_clean_cache=False, cmake_clean_first=False, cmake_force_configure=False, ament_cmake_args=None, catkin_cmake_args=None, catkin_skip_building_tests=False, mixin_files=None, mixin=None, verb_parser=<colcon_mixin.mixin.mixin_argument.MixinArgumentDecorator object at 0xffff989d2530>, verb_extension=<colcon_core.verb.build.BuildVerb object at 0xffff98b73520>, main=<bound method BuildVerb.main of <colcon_core.verb.build.BuildVerb object at 0xffff98b73520>>, mixin_verb=('build',))
[1.284s] Level 1:colcon.colcon_core.package_discovery:discover_packages(colcon_meta) check parameters
[1.285s] Level 1:colcon.colcon_core.package_discovery:discover_packages(recursive) check parameters
[1.285s] Level 1:colcon.colcon_core.package_discovery:discover_packages(ignore) check parameters
[1.285s] Level 1:colcon.colcon_core.package_discovery:discover_packages(path) check parameters
[1.285s] Level 1:colcon.colcon_core.package_discovery:discover_packages(colcon_meta) discover
[1.285s] Level 1:colcon.colcon_core.package_discovery:discover_packages(recursive) discover
[1.285s] INFO:colcon.colcon_core.package_discovery:Crawling recursively for packages in '/home/aclab/Desktop/workspaces/RobotROS2/ros2_ws/src/robot'
[1.286s] Level 1:colcon.colcon_core.package_identification:_identify(.) by extensions ['ignore', 'ignore_ament_install']
[1.286s] Level 1:colcon.colcon_core.package_identification:_identify(.) by extension 'ignore'
[1.286s] Level 1:colcon.colcon_core.package_identification:_identify(.) by extension 'ignore_ament_install'
[1.287s] Level 1:colcon.colcon_core.package_identification:_identify(.) by extensions ['colcon_pkg']
[1.287s] Level 1:colcon.colcon_core.package_identification:_identify(.) by extension 'colcon_pkg'
[1.287s] Level 1:colcon.colcon_core.package_identification:_identify(.) by extensions ['colcon_meta']
[1.287s] Level 1:colcon.colcon_core.package_identification:_identify(.) by extension 'colcon_meta'
[1.287s] Level 1:colcon.colcon_core.package_identification:_identify(.) by extensions ['ros']
[1.287s] Level 1:colcon.colcon_core.package_identification:_identify(.) by extension 'ros'
[1.339s] DEBUG:colcon.colcon_core.package_identification:Package '.' with type 'ros.ament_python' and name 'robot'
[1.340s] Level 1:colcon.colcon_core.package_discovery:discover_packages(recursive) using defaults
[1.340s] Level 1:colcon.colcon_core.package_discovery:discover_packages(ignore) discover
[1.340s] Level 1:colcon.colcon_core.package_discovery:discover_packages(ignore) using defaults
[1.340s] Level 1:colcon.colcon_core.package_discovery:discover_packages(path) discover
[1.340s] Level 1:colcon.colcon_core.package_discovery:discover_packages(path) using defaults
[1.458s] Level 1:colcon.colcon_core.package_discovery:discover_packages(prefix_path) check parameters
[1.458s] Level 1:colcon.colcon_core.package_discovery:discover_packages(prefix_path) discover
[1.466s] DEBUG:colcon.colcon_installed_package_information.package_discovery:Found 1 installed packages in /home/aclab/Desktop/workspaces/RobotROS2/ros2_ws/src/robot/install
[1.469s] DEBUG:colcon.colcon_installed_package_information.package_discovery:Found 2 installed packages in /home/aclab/Desktop/workspaces/RobotROS2/ros2_ws/install
[1.479s] DEBUG:colcon.colcon_installed_package_information.package_discovery:Found 272 installed packages in /opt/ros/humble
[1.485s] Level 1:colcon.colcon_core.package_discovery:discover_packages(prefix_path) using defaults
[1.648s] Level 5:colcon.colcon_core.verb:set package 'robot' build argument 'cmake_args' from command line to 'None'
[1.648s] Level 5:colcon.colcon_core.verb:set package 'robot' build argument 'cmake_target' from command line to 'None'
[1.648s] Level 5:colcon.colcon_core.verb:set package 'robot' build argument 'cmake_target_skip_unavailable' from command line to 'False'
[1.648s] Level 5:colcon.colcon_core.verb:set package 'robot' build argument 'cmake_clean_cache' from command line to 'False'
[1.649s] Level 5:colcon.colcon_core.verb:set package 'robot' build argument 'cmake_clean_first' from command line to 'False'
[1.649s] Level 5:colcon.colcon_core.verb:set package 'robot' build argument 'cmake_force_configure' from command line to 'False'
[1.649s] Level 5:colcon.colcon_core.verb:set package 'robot' build argument 'ament_cmake_args' from command line to 'None'
[1.649s] Level 5:colcon.colcon_core.verb:set package 'robot' build argument 'catkin_cmake_args' from command line to 'None'
[1.649s] Level 5:colcon.colcon_core.verb:set package 'robot' build argument 'catkin_skip_building_tests' from command line to 'False'
[1.649s] DEBUG:colcon.colcon_core.verb:Building package 'robot' with the following arguments: {'ament_cmake_args': None, 'build_base': '/home/aclab/Desktop/workspaces/RobotROS2/ros2_ws/src/robot/build/robot', 'catkin_cmake_args': None, 'catkin_skip_building_tests': False, 'cmake_args': None, 'cmake_clean_cache': False, 'cmake_clean_first': False, 'cmake_force_configure': False, 'cmake_target': None, 'cmake_target_skip_unavailable': False, 'install_base': '/home/aclab/Desktop/workspaces/RobotROS2/ros2_ws/src/robot/install/robot', 'merge_install': False, 'path': '/home/aclab/Desktop/workspaces/RobotROS2/ros2_ws/src/robot', 'symlink_install': True, 'test_result_base': None}
[1.650s] INFO:colcon.colcon_core.executor:Executing jobs using 'parallel' executor
[1.653s] DEBUG:colcon.colcon_parallel_executor.executor.parallel:run_until_complete
[1.653s] INFO:colcon.colcon_ros.task.ament_python.build:Building ROS package in '/home/aclab/Desktop/workspaces/RobotROS2/ros2_ws/src/robot' with build type 'ament_python'
[1.654s] Level 1:colcon.colcon_core.shell:create_environment_hook('robot', 'ament_prefix_path')
[1.664s] INFO:colcon.colcon_core.plugin_system:Skipping extension 'colcon_core.shell.bat': Not used on non-Windows systems
[1.665s] INFO:colcon.colcon_core.shell:Creating environment hook '/home/aclab/Desktop/workspaces/RobotROS2/ros2_ws/src/robot/install/robot/share/robot/hook/ament_prefix_path.ps1'
[1.668s] INFO:colcon.colcon_core.shell:Creating environment descriptor '/home/aclab/Desktop/workspaces/RobotROS2/ros2_ws/src/robot/install/robot/share/robot/hook/ament_prefix_path.dsv'
[1.670s] INFO:colcon.colcon_core.shell:Creating environment hook '/home/aclab/Desktop/workspaces/RobotROS2/ros2_ws/src/robot/install/robot/share/robot/hook/ament_prefix_path.sh'
[1.675s] INFO:colcon.colcon_core.shell:Skip shell extension 'powershell' for command environment: Not usable outside of PowerShell
[1.675s] DEBUG:colcon.colcon_core.shell:Skip shell extension 'dsv' for command environment
[2.889s] INFO:colcon.colcon_core.task.python.build:Building Python package in '/home/aclab/Desktop/workspaces/RobotROS2/ros2_ws/src/robot'
[2.890s] INFO:colcon.colcon_core.shell:Skip shell extension 'powershell' for command environment: Not usable outside of PowerShell
[2.890s] DEBUG:colcon.colcon_core.shell:Skip shell extension 'dsv' for command environment
[4.409s] DEBUG:colcon.colcon_core.event_handler.log_command:Invoking command in '/home/aclab/Desktop/workspaces/RobotROS2/ros2_ws/src/robot/build/robot': PYTHONPATH=/home/aclab/Desktop/workspaces/RobotROS2/ros2_ws/src/robot/build/robot/prefix_override:/usr/lib/python3/dist-packages/colcon_core/task/python/colcon_distutils_commands:/home/aclab/Desktop/workspaces/RobotROS2/ros2_ws/src/robot/install/robot/lib/python3.10/site-packages:${PYTHONPATH} /usr/bin/python3 -W ignore:setup.py install is deprecated -W ignore:easy_install command is deprecated setup.py develop --editable --build-directory /home/aclab/Desktop/workspaces/RobotROS2/ros2_ws/src/robot/build/robot/build --no-deps symlink_data
[6.553s] Level 1:colcon.colcon_core.shell:create_environment_hook('robot', 'pythonpath_develop')
[6.554s] INFO:colcon.colcon_core.shell:Creating environment hook '/home/aclab/Desktop/workspaces/RobotROS2/ros2_ws/src/robot/build/robot/share/robot/hook/pythonpath_develop.ps1'
[6.555s] DEBUG:colcon.colcon_core.event_handler.log_command:Invoked command in '/home/aclab/Desktop/workspaces/RobotROS2/ros2_ws/src/robot/build/robot' returned '0': PYTHONPATH=/home/aclab/Desktop/workspaces/RobotROS2/ros2_ws/src/robot/build/robot/prefix_override:/usr/lib/python3/dist-packages/colcon_core/task/python/colcon_distutils_commands:/home/aclab/Desktop/workspaces/RobotROS2/ros2_ws/src/robot/install/robot/lib/python3.10/site-packages:${PYTHONPATH} /usr/bin/python3 -W ignore:setup.py install is deprecated -W ignore:easy_install command is deprecated setup.py develop --editable --build-directory /home/aclab/Desktop/workspaces/RobotROS2/ros2_ws/src/robot/build/robot/build --no-deps symlink_data
[6.557s] INFO:colcon.colcon_core.shell:Creating environment descriptor '/home/aclab/Desktop/workspaces/RobotROS2/ros2_ws/src/robot/build/robot/share/robot/hook/pythonpath_develop.dsv'
[6.559s] INFO:colcon.colcon_core.shell:Creating environment hook '/home/aclab/Desktop/workspaces/RobotROS2/ros2_ws/src/robot/build/robot/share/robot/hook/pythonpath_develop.sh'
[6.573s] Level 1:colcon.colcon_core.environment:checking '/home/aclab/Desktop/workspaces/RobotROS2/ros2_ws/src/robot/install/robot' for CMake module files
[6.576s] Level 1:colcon.colcon_core.environment:checking '/home/aclab/Desktop/workspaces/RobotROS2/ros2_ws/src/robot/install/robot' for CMake config files
[6.579s] Level 1:colcon.colcon_core.environment:checking '/home/aclab/Desktop/workspaces/RobotROS2/ros2_ws/src/robot/install/robot/lib'
[6.580s] Level 1:colcon.colcon_core.environment:checking '/home/aclab/Desktop/workspaces/RobotROS2/ros2_ws/src/robot/install/robot/bin'
[6.580s] Level 1:colcon.colcon_core.environment:checking '/home/aclab/Desktop/workspaces/RobotROS2/ros2_ws/src/robot/install/robot/lib/pkgconfig/robot.pc'
[6.581s] Level 1:colcon.colcon_core.environment:checking '/home/aclab/Desktop/workspaces/RobotROS2/ros2_ws/src/robot/install/robot/lib/python3.10/site-packages'
[6.582s] Level 1:colcon.colcon_core.shell:create_environment_hook('robot', 'pythonpath')
[6.582s] INFO:colcon.colcon_core.shell:Creating environment hook '/home/aclab/Desktop/workspaces/RobotROS2/ros2_ws/src/robot/install/robot/share/robot/hook/pythonpath.ps1'
[6.585s] INFO:colcon.colcon_core.shell:Creating environment descriptor '/home/aclab/Desktop/workspaces/RobotROS2/ros2_ws/src/robot/install/robot/share/robot/hook/pythonpath.dsv'
[6.587s] INFO:colcon.colcon_core.shell:Creating environment hook '/home/aclab/Desktop/workspaces/RobotROS2/ros2_ws/src/robot/install/robot/share/robot/hook/pythonpath.sh'
[6.590s] Level 1:colcon.colcon_core.environment:checking '/home/aclab/Desktop/workspaces/RobotROS2/ros2_ws/src/robot/install/robot/bin'
[6.590s] Level 1:colcon.colcon_core.environment:create_environment_scripts_only(robot)
[6.592s] INFO:colcon.colcon_core.shell:Creating package script '/home/aclab/Desktop/workspaces/RobotROS2/ros2_ws/src/robot/install/robot/share/robot/package.ps1'
[6.595s] INFO:colcon.colcon_core.shell:Creating package descriptor '/home/aclab/Desktop/workspaces/RobotROS2/ros2_ws/src/robot/install/robot/share/robot/package.dsv'
[6.598s] INFO:colcon.colcon_core.shell:Creating package script '/home/aclab/Desktop/workspaces/RobotROS2/ros2_ws/src/robot/install/robot/share/robot/package.sh'
[6.602s] INFO:colcon.colcon_core.shell:Creating package script '/home/aclab/Desktop/workspaces/RobotROS2/ros2_ws/src/robot/install/robot/share/robot/package.bash'
[6.605s] INFO:colcon.colcon_core.shell:Creating package script '/home/aclab/Desktop/workspaces/RobotROS2/ros2_ws/src/robot/install/robot/share/robot/package.zsh'
[6.609s] Level 1:colcon.colcon_core.environment:create_file_with_runtime_dependencies(/home/aclab/Desktop/workspaces/RobotROS2/ros2_ws/src/robot/install/robot/share/colcon-core/packages/robot)
[6.610s] DEBUG:colcon.colcon_parallel_executor.executor.parallel:closing loop
[6.611s] DEBUG:colcon.colcon_parallel_executor.executor.parallel:loop closed
[6.612s] DEBUG:colcon.colcon_parallel_executor.executor.parallel:run_until_complete finished with '0'
[6.612s] DEBUG:colcon.colcon_core.event_reactor:joining thread
[6.632s] INFO:colcon.colcon_core.plugin_system:Skipping extension 'colcon_notification.desktop_notification.terminal_notifier': Not used on non-Darwin systems
[6.633s] INFO:colcon.colcon_core.plugin_system:Skipping extension 'colcon_notification.desktop_notification.win32': Not used on non-Windows systems
[6.633s] INFO:colcon.colcon_notification.desktop_notification:Sending desktop notification using 'notify2'
[6.638s] DEBUG:colcon.colcon_notification.desktop_notification.notify2:Failed to initialize notify2: org.freedesktop.DBus.Error.ServiceUnknown: The name org.freedesktop.Notifications was not provided by any .service files
[6.638s] DEBUG:colcon.colcon_core.event_reactor:joined thread
[6.639s] INFO:colcon.colcon_core.shell:Creating prefix script '/home/aclab/Desktop/workspaces/RobotROS2/ros2_ws/src/robot/install/local_setup.ps1'
[6.643s] INFO:colcon.colcon_core.shell:Creating prefix util module '/home/aclab/Desktop/workspaces/RobotROS2/ros2_ws/src/robot/install/_local_setup_util_ps1.py'
[6.650s] INFO:colcon.colcon_core.shell:Creating prefix chain script '/home/aclab/Desktop/workspaces/RobotROS2/ros2_ws/src/robot/install/setup.ps1'
[6.656s] INFO:colcon.colcon_core.shell:Creating prefix script '/home/aclab/Desktop/workspaces/RobotROS2/ros2_ws/src/robot/install/local_setup.sh'
[6.659s] INFO:colcon.colcon_core.shell:Creating prefix util module '/home/aclab/Desktop/workspaces/RobotROS2/ros2_ws/src/robot/install/_local_setup_util_sh.py'
[6.662s] INFO:colcon.colcon_core.shell:Creating prefix chain script '/home/aclab/Desktop/workspaces/RobotROS2/ros2_ws/src/robot/install/setup.sh'
[6.668s] INFO:colcon.colcon_core.shell:Creating prefix script '/home/aclab/Desktop/workspaces/RobotROS2/ros2_ws/src/robot/install/local_setup.bash'
[6.670s] INFO:colcon.colcon_core.shell:Creating prefix chain script '/home/aclab/Desktop/workspaces/RobotROS2/ros2_ws/src/robot/install/setup.bash'
[6.675s] INFO:colcon.colcon_core.shell:Creating prefix script '/home/aclab/Desktop/workspaces/RobotROS2/ros2_ws/src/robot/install/local_setup.zsh'
[6.678s] INFO:colcon.colcon_core.shell:Creating prefix chain script '/home/aclab/Desktop/workspaces/RobotROS2/ros2_ws/src/robot/install/setup.zsh'
