running develop
running egg_info
creating robot.egg-info
writing robot.egg-info/PKG-INFO
writing dependency_links to robot.egg-info/dependency_links.txt
writing entry points to robot.egg-info/entry_points.txt
writing requirements to robot.egg-info/requires.txt
writing top-level names to robot.egg-info/top_level.txt
writing manifest file 'robot.egg-info/SOURCES.txt'
reading manifest file 'robot.egg-info/SOURCES.txt'
writing manifest file 'robot.egg-info/SOURCES.txt'
running build_ext
Creating /home/aclab/Desktop/workspaces/RobotROS2/ros2_ws/src/robot/install/robot/lib/python3.10/site-packages/robot.egg-link (link to .)
Installing robot script to /home/aclab/Desktop/workspaces/RobotROS2/ros2_ws/src/robot/install/robot/lib/robot
Installing robot2 script to /home/aclab/Desktop/workspaces/RobotROS2/ros2_ws/src/robot/install/robot/lib/robot

Installed /home/aclab/Desktop/workspaces/RobotROS2/ros2_ws/src/robot/build/robot
running symlink_data
creating /home/aclab/Desktop/workspaces/RobotROS2/ros2_ws/src/robot/install/robot/share/ament_index
creating /home/aclab/Desktop/workspaces/RobotROS2/ros2_ws/src/robot/install/robot/share/ament_index/resource_index
creating /home/aclab/Desktop/workspaces/RobotROS2/ros2_ws/src/robot/install/robot/share/ament_index/resource_index/packages
symbolically linking /home/aclab/Desktop/workspaces/RobotROS2/ros2_ws/src/robot/build/robot/resource/robot -> /home/aclab/Desktop/workspaces/RobotROS2/ros2_ws/src/robot/install/robot/share/ament_index/resource_index/packages
symbolically linking /home/aclab/Desktop/workspaces/RobotROS2/ros2_ws/src/robot/build/robot/package.xml -> /home/aclab/Desktop/workspaces/RobotROS2/ros2_ws/src/robot/install/robot/share/robot
