[2.700s] Invoking command in '/home/aclab/Desktop/workspaces/RobotROS2/ros2_ws/src/robot/build/robot': PYTHONPATH=/home/aclab/Desktop/workspaces/RobotROS2/ros2_ws/src/robot/build/robot/prefix_override:/usr/lib/python3/dist-packages/colcon_core/task/python/colcon_distutils_commands:/home/aclab/Desktop/workspaces/RobotROS2/ros2_ws/src/robot/install/robot/lib/python3.10/site-packages:${PYTHONPATH} /usr/bin/python3 -W ignore:setup.py install is deprecated -W ignore:easy_install command is deprecated setup.py develop --editable --build-directory /home/aclab/Desktop/workspaces/RobotROS2/ros2_ws/src/robot/build/robot/build --no-deps symlink_data
[3.888s] running develop
[4.651s] running egg_info
[4.652s] creating robot.egg-info
[4.652s] writing robot.egg-info/PKG-INFO
[4.653s] writing dependency_links to robot.egg-info/dependency_links.txt
[4.654s] writing entry points to robot.egg-info/entry_points.txt
[4.655s] writing requirements to robot.egg-info/requires.txt
[4.655s] writing top-level names to robot.egg-info/top_level.txt
[4.656s] writing manifest file 'robot.egg-info/SOURCES.txt'
[4.662s] reading manifest file 'robot.egg-info/SOURCES.txt'
[4.665s] writing manifest file 'robot.egg-info/SOURCES.txt'
[4.671s] running build_ext
[4.671s] Creating /home/aclab/Desktop/workspaces/RobotROS2/ros2_ws/src/robot/install/robot/lib/python3.10/site-packages/robot.egg-link (link to .)
[4.675s] Installing robot script to /home/aclab/Desktop/workspaces/RobotROS2/ros2_ws/src/robot/install/robot/lib/robot
[4.676s] Installing robot2 script to /home/aclab/Desktop/workspaces/RobotROS2/ros2_ws/src/robot/install/robot/lib/robot
[4.677s] 
[4.677s] Installed /home/aclab/Desktop/workspaces/RobotROS2/ros2_ws/src/robot/build/robot
[4.678s] running symlink_data
[4.678s] creating /home/aclab/Desktop/workspaces/RobotROS2/ros2_ws/src/robot/install/robot/share/ament_index
[4.679s] creating /home/aclab/Desktop/workspaces/RobotROS2/ros2_ws/src/robot/install/robot/share/ament_index/resource_index
[4.679s] creating /home/aclab/Desktop/workspaces/RobotROS2/ros2_ws/src/robot/install/robot/share/ament_index/resource_index/packages
[4.680s] symbolically linking /home/aclab/Desktop/workspaces/RobotROS2/ros2_ws/src/robot/build/robot/resource/robot -> /home/aclab/Desktop/workspaces/RobotROS2/ros2_ws/src/robot/install/robot/share/ament_index/resource_index/packages
[4.681s] symbolically linking /home/aclab/Desktop/workspaces/RobotROS2/ros2_ws/src/robot/build/robot/package.xml -> /home/aclab/Desktop/workspaces/RobotROS2/ros2_ws/src/robot/install/robot/share/robot
[4.813s] Invoked command in '/home/aclab/Desktop/workspaces/RobotROS2/ros2_ws/src/robot/build/robot' returned '0': PYTHONPATH=/home/aclab/Desktop/workspaces/RobotROS2/ros2_ws/src/robot/build/robot/prefix_override:/usr/lib/python3/dist-packages/colcon_core/task/python/colcon_distutils_commands:/home/aclab/Desktop/workspaces/RobotROS2/ros2_ws/src/robot/install/robot/lib/python3.10/site-packages:${PYTHONPATH} /usr/bin/python3 -W ignore:setup.py install is deprecated -W ignore:easy_install command is deprecated setup.py develop --editable --build-directory /home/aclab/Desktop/workspaces/RobotROS2/ros2_ws/src/robot/build/robot/build --no-deps symlink_data
