[2.728s] Invoking command in '/home/aclab/Desktop/workspaces/RobotROS2/ros2_ws/src/mqtt_bridge/build/mqtt_bridge': PYTHONPATH=/home/aclab/Desktop/workspaces/RobotROS2/ros2_ws/src/mqtt_bridge/build/mqtt_bridge/prefix_override:/usr/lib/python3/dist-packages/colcon_core/task/python/colcon_distutils_commands:/home/aclab/Desktop/workspaces/RobotROS2/ros2_ws/src/mqtt_bridge/install/mqtt_bridge/lib/python3.10/site-packages:${PYTHONPATH} /usr/bin/python3 -W ignore:setup.py install is deprecated -W ignore:easy_install command is deprecated setup.py develop --editable --build-directory /home/aclab/Desktop/workspaces/RobotROS2/ros2_ws/src/mqtt_bridge/build/mqtt_bridge/build --no-deps symlink_data --force
[3.908s] running develop
[4.682s] running egg_info
[4.683s] writing mqtt_bridge.egg-info/PKG-INFO
[4.684s] writing dependency_links to mqtt_bridge.egg-info/dependency_links.txt
[4.685s] writing entry points to mqtt_bridge.egg-info/entry_points.txt
[4.685s] writing requirements to mqtt_bridge.egg-info/requires.txt
[4.686s] writing top-level names to mqtt_bridge.egg-info/top_level.txt
[4.694s] reading manifest file 'mqtt_bridge.egg-info/SOURCES.txt'
[4.697s] writing manifest file 'mqtt_bridge.egg-info/SOURCES.txt'
[4.703s] running build_ext
[4.704s] Creating /home/aclab/Desktop/workspaces/RobotROS2/ros2_ws/src/mqtt_bridge/install/mqtt_bridge/lib/python3.10/site-packages/mqtt-bridge.egg-link (link to .)
[4.707s] Installing mqtt_bridge script to /home/aclab/Desktop/workspaces/RobotROS2/ros2_ws/src/mqtt_bridge/install/mqtt_bridge/lib/mqtt_bridge
[4.708s] Installing mqtt_bridge2 script to /home/aclab/Desktop/workspaces/RobotROS2/ros2_ws/src/mqtt_bridge/install/mqtt_bridge/lib/mqtt_bridge
[4.709s] 
[4.710s] Installed /home/aclab/Desktop/workspaces/RobotROS2/ros2_ws/src/mqtt_bridge/build/mqtt_bridge
[4.710s] running symlink_data
[4.711s] symbolically linking /home/aclab/Desktop/workspaces/RobotROS2/ros2_ws/src/mqtt_bridge/build/mqtt_bridge/resource/mqtt_bridge -> /home/aclab/Desktop/workspaces/RobotROS2/ros2_ws/src/mqtt_bridge/install/mqtt_bridge/share/ament_index/resource_index/packages
[4.711s] symbolically linking /home/aclab/Desktop/workspaces/RobotROS2/ros2_ws/src/mqtt_bridge/build/mqtt_bridge/package.xml -> /home/aclab/Desktop/workspaces/RobotROS2/ros2_ws/src/mqtt_bridge/install/mqtt_bridge/share/mqtt_bridge
[4.843s] Invoked command in '/home/aclab/Desktop/workspaces/RobotROS2/ros2_ws/src/mqtt_bridge/build/mqtt_bridge' returned '0': PYTHONPATH=/home/aclab/Desktop/workspaces/RobotROS2/ros2_ws/src/mqtt_bridge/build/mqtt_bridge/prefix_override:/usr/lib/python3/dist-packages/colcon_core/task/python/colcon_distutils_commands:/home/aclab/Desktop/workspaces/RobotROS2/ros2_ws/src/mqtt_bridge/install/mqtt_bridge/lib/python3.10/site-packages:${PYTHONPATH} /usr/bin/python3 -W ignore:setup.py install is deprecated -W ignore:easy_install command is deprecated setup.py develop --editable --build-directory /home/aclab/Desktop/workspaces/RobotROS2/ros2_ws/src/mqtt_bridge/build/mqtt_bridge/build --no-deps symlink_data --force
