[6.154s] Invoking command in '/home/aclab/Desktop/workspaces/RobotROS2/ros2_ws/src/line_sensors': PYTHONPATH=/home/aclab/Desktop/workspaces/RobotROS2/ros2_ws/src/build/line_sensors/prefix_override:/usr/lib/python3/dist-packages/colcon_core/task/python/colcon_distutils_commands:/home/aclab/Desktop/workspaces/RobotROS2/ros2_ws/src/install/line_sensors/lib/python3.10/site-packages:${PYTHONPATH} /usr/bin/python3 -W ignore:setup.py install is deprecated -W ignore:easy_install command is deprecated setup.py egg_info --egg-base ../build/line_sensors build --build-base /home/aclab/Desktop/workspaces/RobotROS2/ros2_ws/src/build/line_sensors/build install --record /home/aclab/Desktop/workspaces/RobotROS2/ros2_ws/src/build/line_sensors/install.log --single-version-externally-managed install_data
[7.681s] running egg_info
[7.693s] writing ../build/line_sensors/line_sensors.egg-info/PKG-INFO
[7.696s] writing dependency_links to ../build/line_sensors/line_sensors.egg-info/dependency_links.txt
[7.700s] writing entry points to ../build/line_sensors/line_sensors.egg-info/entry_points.txt
[7.703s] writing requirements to ../build/line_sensors/line_sensors.egg-info/requires.txt
[7.709s] writing top-level names to ../build/line_sensors/line_sensors.egg-info/top_level.txt
[7.740s] reading manifest file '../build/line_sensors/line_sensors.egg-info/SOURCES.txt'
[7.749s] writing manifest file '../build/line_sensors/line_sensors.egg-info/SOURCES.txt'
[7.751s] running build
[7.754s] running build_py
[7.757s] running install
[7.760s] running install_lib
[7.766s] running install_data
[7.770s] running install_egg_info
[7.813s] removing '/home/aclab/Desktop/workspaces/RobotROS2/ros2_ws/src/install/line_sensors/lib/python3.10/site-packages/line_sensors-0.0.0-py3.10.egg-info' (and everything under it)
[7.817s] Copying ../build/line_sensors/line_sensors.egg-info to /home/aclab/Desktop/workspaces/RobotROS2/ros2_ws/src/install/line_sensors/lib/python3.10/site-packages/line_sensors-0.0.0-py3.10.egg-info
[7.832s] running install_scripts
[7.877s] Installing line_sensors script to /home/aclab/Desktop/workspaces/RobotROS2/ros2_ws/src/install/line_sensors/lib/line_sensors
[7.883s] writing list of installed files to '/home/aclab/Desktop/workspaces/RobotROS2/ros2_ws/src/build/line_sensors/install.log'
[8.261s] Invoked command in '/home/aclab/Desktop/workspaces/RobotROS2/ros2_ws/src/line_sensors' returned '0': PYTHONPATH=/home/aclab/Desktop/workspaces/RobotROS2/ros2_ws/src/build/line_sensors/prefix_override:/usr/lib/python3/dist-packages/colcon_core/task/python/colcon_distutils_commands:/home/aclab/Desktop/workspaces/RobotROS2/ros2_ws/src/install/line_sensors/lib/python3.10/site-packages:${PYTHONPATH} /usr/bin/python3 -W ignore:setup.py install is deprecated -W ignore:easy_install command is deprecated setup.py egg_info --egg-base ../build/line_sensors build --build-base /home/aclab/Desktop/workspaces/RobotROS2/ros2_ws/src/build/line_sensors/build install --record /home/aclab/Desktop/workspaces/RobotROS2/ros2_ws/src/build/line_sensors/install.log --single-version-externally-managed install_data
