[4.469s] Invoking command in '/home/aclab/Desktop/workspaces/RobotROS2/ros2_ws/src/mqtt-bridge': PYTHONPATH=/home/aclab/Desktop/workspaces/RobotROS2/ros2_ws/src/build/mqtt-bridge/prefix_override:/usr/lib/python3/dist-packages/colcon_core/task/python/colcon_distutils_commands:/home/aclab/Desktop/workspaces/RobotROS2/ros2_ws/src/install/mqtt-bridge/lib/python3.10/site-packages:${PYTHONPATH} /usr/bin/python3 -W ignore:setup.py install is deprecated -W ignore:easy_install command is deprecated setup.py egg_info --egg-base ../build/mqtt-bridge build --build-base /home/aclab/Desktop/workspaces/RobotROS2/ros2_ws/src/build/mqtt-bridge/build install --record /home/aclab/Desktop/workspaces/RobotROS2/ros2_ws/src/build/mqtt-bridge/install.log --single-version-externally-managed install_data
[5.715s] running egg_info
[5.717s] creating ../build/mqtt-bridge/mqtt_bridge.egg-info
[5.722s] writing ../build/mqtt-bridge/mqtt_bridge.egg-info/PKG-INFO
[5.724s] writing dependency_links to ../build/mqtt-bridge/mqtt_bridge.egg-info/dependency_links.txt
[5.730s] writing entry points to ../build/mqtt-bridge/mqtt_bridge.egg-info/entry_points.txt
[5.731s] writing requirements to ../build/mqtt-bridge/mqtt_bridge.egg-info/requires.txt
[5.731s] writing top-level names to ../build/mqtt-bridge/mqtt_bridge.egg-info/top_level.txt
[5.732s] writing manifest file '../build/mqtt-bridge/mqtt_bridge.egg-info/SOURCES.txt'
[5.733s] reading manifest file '../build/mqtt-bridge/mqtt_bridge.egg-info/SOURCES.txt'
[5.735s] writing manifest file '../build/mqtt-bridge/mqtt_bridge.egg-info/SOURCES.txt'
[5.736s] running build
[5.737s] running build_py
[5.737s] creating /home/aclab/Desktop/workspaces/RobotROS2/ros2_ws/src/build/mqtt-bridge/build
[5.738s] creating /home/aclab/Desktop/workspaces/RobotROS2/ros2_ws/src/build/mqtt-bridge/build/lib
[5.739s] creating /home/aclab/Desktop/workspaces/RobotROS2/ros2_ws/src/build/mqtt-bridge/build/lib/mqtt-bridge
[5.740s] copying mqtt-bridge/__init__.py -> /home/aclab/Desktop/workspaces/RobotROS2/ros2_ws/src/build/mqtt-bridge/build/lib/mqtt-bridge
[5.741s] running install
[5.742s] running install_lib
[5.745s] creating /home/aclab/Desktop/workspaces/RobotROS2/ros2_ws/src/install/mqtt-bridge/lib/python3.10/site-packages/mqtt-bridge
[5.746s] copying /home/aclab/Desktop/workspaces/RobotROS2/ros2_ws/src/build/mqtt-bridge/build/lib/mqtt-bridge/__init__.py -> /home/aclab/Desktop/workspaces/RobotROS2/ros2_ws/src/install/mqtt-bridge/lib/python3.10/site-packages/mqtt-bridge
[5.750s] byte-compiling /home/aclab/Desktop/workspaces/RobotROS2/ros2_ws/src/install/mqtt-bridge/lib/python3.10/site-packages/mqtt-bridge/__init__.py to __init__.cpython-310.pyc
[5.753s] running install_data
[5.754s] creating /home/aclab/Desktop/workspaces/RobotROS2/ros2_ws/src/install/mqtt-bridge/share/ament_index
[5.755s] creating /home/aclab/Desktop/workspaces/RobotROS2/ros2_ws/src/install/mqtt-bridge/share/ament_index/resource_index
[5.758s] creating /home/aclab/Desktop/workspaces/RobotROS2/ros2_ws/src/install/mqtt-bridge/share/ament_index/resource_index/packages
[5.759s] copying resource/mqtt-bridge -> /home/aclab/Desktop/workspaces/RobotROS2/ros2_ws/src/install/mqtt-bridge/share/ament_index/resource_index/packages
[5.760s] copying package.xml -> /home/aclab/Desktop/workspaces/RobotROS2/ros2_ws/src/install/mqtt-bridge/share/mqtt-bridge
[5.761s] running install_egg_info
[5.771s] Copying ../build/mqtt-bridge/mqtt_bridge.egg-info to /home/aclab/Desktop/workspaces/RobotROS2/ros2_ws/src/install/mqtt-bridge/lib/python3.10/site-packages/mqtt_bridge-0.0.0-py3.10.egg-info
[5.778s] running install_scripts
[5.865s] writing list of installed files to '/home/aclab/Desktop/workspaces/RobotROS2/ros2_ws/src/build/mqtt-bridge/install.log'
[6.051s] Invoked command in '/home/aclab/Desktop/workspaces/RobotROS2/ros2_ws/src/mqtt-bridge' returned '0': PYTHONPATH=/home/aclab/Desktop/workspaces/RobotROS2/ros2_ws/src/build/mqtt-bridge/prefix_override:/usr/lib/python3/dist-packages/colcon_core/task/python/colcon_distutils_commands:/home/aclab/Desktop/workspaces/RobotROS2/ros2_ws/src/install/mqtt-bridge/lib/python3.10/site-packages:${PYTHONPATH} /usr/bin/python3 -W ignore:setup.py install is deprecated -W ignore:easy_install command is deprecated setup.py egg_info --egg-base ../build/mqtt-bridge build --build-base /home/aclab/Desktop/workspaces/RobotROS2/ros2_ws/src/build/mqtt-bridge/build install --record /home/aclab/Desktop/workspaces/RobotROS2/ros2_ws/src/build/mqtt-bridge/install.log --single-version-externally-managed install_data
