running egg_info
creating ../build/line_sensors/line_sensors.egg-info
writing ../build/line_sensors/line_sensors.egg-info/PKG-INFO
writing dependency_links to ../build/line_sensors/line_sensors.egg-info/dependency_links.txt
writing entry points to ../build/line_sensors/line_sensors.egg-info/entry_points.txt
writing requirements to ../build/line_sensors/line_sensors.egg-info/requires.txt
writing top-level names to ../build/line_sensors/line_sensors.egg-info/top_level.txt
writing manifest file '../build/line_sensors/line_sensors.egg-info/SOURCES.txt'
reading manifest file '../build/line_sensors/line_sensors.egg-info/SOURCES.txt'
writing manifest file '../build/line_sensors/line_sensors.egg-info/SOURCES.txt'
running build
running build_py
creating /home/aclab/Desktop/workspaces/RobotROS2/ros2_ws/src/build/line_sensors/build
creating /home/aclab/Desktop/workspaces/RobotROS2/ros2_ws/src/build/line_sensors/build/lib
creating /home/aclab/Desktop/workspaces/RobotROS2/ros2_ws/src/build/line_sensors/build/lib/line_sensors
copying line_sensors/__init__.py -> /home/aclab/Desktop/workspaces/RobotROS2/ros2_ws/src/build/line_sensors/build/lib/line_sensors
copying line_sensors/line_sensors.py -> /home/aclab/Desktop/workspaces/RobotROS2/ros2_ws/src/build/line_sensors/build/lib/line_sensors
running install
running install_lib
creating /home/aclab/Desktop/workspaces/RobotROS2/ros2_ws/src/install/line_sensors/lib/python3.10/site-packages/line_sensors
copying /home/aclab/Desktop/workspaces/RobotROS2/ros2_ws/src/build/line_sensors/build/lib/line_sensors/__init__.py -> /home/aclab/Desktop/workspaces/RobotROS2/ros2_ws/src/install/line_sensors/lib/python3.10/site-packages/line_sensors
copying /home/aclab/Desktop/workspaces/RobotROS2/ros2_ws/src/build/line_sensors/build/lib/line_sensors/line_sensors.py -> /home/aclab/Desktop/workspaces/RobotROS2/ros2_ws/src/install/line_sensors/lib/python3.10/site-packages/line_sensors
byte-compiling /home/aclab/Desktop/workspaces/RobotROS2/ros2_ws/src/install/line_sensors/lib/python3.10/site-packages/line_sensors/__init__.py to __init__.cpython-310.pyc
byte-compiling /home/aclab/Desktop/workspaces/RobotROS2/ros2_ws/src/install/line_sensors/lib/python3.10/site-packages/line_sensors/line_sensors.py to line_sensors.cpython-310.pyc
running install_data
creating /home/aclab/Desktop/workspaces/RobotROS2/ros2_ws/src/install/line_sensors/share/ament_index
creating /home/aclab/Desktop/workspaces/RobotROS2/ros2_ws/src/install/line_sensors/share/ament_index/resource_index
creating /home/aclab/Desktop/workspaces/RobotROS2/ros2_ws/src/install/line_sensors/share/ament_index/resource_index/packages
copying resource/line_sensors -> /home/aclab/Desktop/workspaces/RobotROS2/ros2_ws/src/install/line_sensors/share/ament_index/resource_index/packages
copying package.xml -> /home/aclab/Desktop/workspaces/RobotROS2/ros2_ws/src/install/line_sensors/share/line_sensors
running install_egg_info
Copying ../build/line_sensors/line_sensors.egg-info to /home/aclab/Desktop/workspaces/RobotROS2/ros2_ws/src/install/line_sensors/lib/python3.10/site-packages/line_sensors-0.0.0-py3.10.egg-info
running install_scripts
Installing line_sensors script to /home/aclab/Desktop/workspaces/RobotROS2/ros2_ws/src/install/line_sensors/lib/line_sensors
writing list of installed files to '/home/aclab/Desktop/workspaces/RobotROS2/ros2_ws/src/build/line_sensors/install.log'
