[8.328s] Invoking command in '/home/aclab/Desktop/workspaces/RobotROS2/ros2_ws/src/mqtt_bridge': PYTHONPATH=/home/aclab/Desktop/workspaces/RobotROS2/ros2_ws/src/build/mqtt_bridge/prefix_override:/usr/lib/python3/dist-packages/colcon_core/task/python/colcon_distutils_commands:/home/aclab/Desktop/workspaces/RobotROS2/ros2_ws/src/install/mqtt_bridge/lib/python3.10/site-packages:${PYTHONPATH} /usr/bin/python3 -W ignore:setup.py install is deprecated -W ignore:easy_install command is deprecated setup.py egg_info --egg-base ../build/mqtt_bridge build --build-base /home/aclab/Desktop/workspaces/RobotROS2/ros2_ws/src/build/mqtt_bridge/build install --record /home/aclab/Desktop/workspaces/RobotROS2/ros2_ws/src/build/mqtt_bridge/install.log --single-version-externally-managed install_data
[9.818s] running egg_info
[9.820s] writing ../build/mqtt_bridge/mqtt_bridge.egg-info/PKG-INFO
[9.827s] writing dependency_links to ../build/mqtt_bridge/mqtt_bridge.egg-info/dependency_links.txt
[9.831s] writing entry points to ../build/mqtt_bridge/mqtt_bridge.egg-info/entry_points.txt
[9.837s] writing requirements to ../build/mqtt_bridge/mqtt_bridge.egg-info/requires.txt
[9.840s] writing top-level names to ../build/mqtt_bridge/mqtt_bridge.egg-info/top_level.txt
[9.857s] reading manifest file '../build/mqtt_bridge/mqtt_bridge.egg-info/SOURCES.txt'
[9.874s] writing manifest file '../build/mqtt_bridge/mqtt_bridge.egg-info/SOURCES.txt'
[9.877s] running build
[9.879s] running build_py
[9.891s] running install
[9.897s] running install_lib
[9.909s] running install_data
[9.910s] running install_egg_info
[9.928s] removing '/home/aclab/Desktop/workspaces/RobotROS2/ros2_ws/src/install/mqtt_bridge/lib/python3.10/site-packages/mqtt_bridge-0.0.0-py3.10.egg-info' (and everything under it)
[9.929s] Copying ../build/mqtt_bridge/mqtt_bridge.egg-info to /home/aclab/Desktop/workspaces/RobotROS2/ros2_ws/src/install/mqtt_bridge/lib/python3.10/site-packages/mqtt_bridge-0.0.0-py3.10.egg-info
[9.931s] running install_scripts
[10.036s] Installing mqtt_bridge script to /home/aclab/Desktop/workspaces/RobotROS2/ros2_ws/src/install/mqtt_bridge/lib/mqtt_bridge
[10.045s] writing list of installed files to '/home/aclab/Desktop/workspaces/RobotROS2/ros2_ws/src/build/mqtt_bridge/install.log'
[10.483s] Invoked command in '/home/aclab/Desktop/workspaces/RobotROS2/ros2_ws/src/mqtt_bridge' returned '0': PYTHONPATH=/home/aclab/Desktop/workspaces/RobotROS2/ros2_ws/src/build/mqtt_bridge/prefix_override:/usr/lib/python3/dist-packages/colcon_core/task/python/colcon_distutils_commands:/home/aclab/Desktop/workspaces/RobotROS2/ros2_ws/src/install/mqtt_bridge/lib/python3.10/site-packages:${PYTHONPATH} /usr/bin/python3 -W ignore:setup.py install is deprecated -W ignore:easy_install command is deprecated setup.py egg_info --egg-base ../build/mqtt_bridge build --build-base /home/aclab/Desktop/workspaces/RobotROS2/ros2_ws/src/build/mqtt_bridge/build install --record /home/aclab/Desktop/workspaces/RobotROS2/ros2_ws/src/build/mqtt_bridge/install.log --single-version-externally-managed install_data
