running develop
Removing /home/aclab/Desktop/workspaces/RobotROS2/ros2_ws/src/robot/install/robot/lib/python3.10/site-packages/robot.egg-link (link to .)
running egg_info
writing build/robot/robot.egg-info/PKG-INFO
writing dependency_links to build/robot/robot.egg-info/dependency_links.txt
writing entry points to build/robot/robot.egg-info/entry_points.txt
writing requirements to build/robot/robot.egg-info/requires.txt
writing top-level names to build/robot/robot.egg-info/top_level.txt
reading manifest file 'build/robot/robot.egg-info/SOURCES.txt'
writing manifest file 'build/robot/robot.egg-info/SOURCES.txt'
running build
running build_py
creating /home/aclab/Desktop/workspaces/RobotROS2/ros2_ws/src/robot/build/robot/build
creating /home/aclab/Desktop/workspaces/RobotROS2/ros2_ws/src/robot/build/robot/build/lib
creating /home/aclab/Desktop/workspaces/RobotROS2/ros2_ws/src/robot/build/robot/build/lib/robot
copying robot/main2.py -> /home/aclab/Desktop/workspaces/RobotROS2/ros2_ws/src/robot/build/robot/build/lib/robot
copying robot/__init__.py -> /home/aclab/Desktop/workspaces/RobotROS2/ros2_ws/src/robot/build/robot/build/lib/robot
copying robot/main.py -> /home/aclab/Desktop/workspaces/RobotROS2/ros2_ws/src/robot/build/robot/build/lib/robot
running install
running install_lib
creating /home/aclab/Desktop/workspaces/RobotROS2/ros2_ws/src/robot/install/robot/lib/python3.10/site-packages/robot
copying /home/aclab/Desktop/workspaces/RobotROS2/ros2_ws/src/robot/build/robot/build/lib/robot/main2.py -> /home/aclab/Desktop/workspaces/RobotROS2/ros2_ws/src/robot/install/robot/lib/python3.10/site-packages/robot
copying /home/aclab/Desktop/workspaces/RobotROS2/ros2_ws/src/robot/build/robot/build/lib/robot/__init__.py -> /home/aclab/Desktop/workspaces/RobotROS2/ros2_ws/src/robot/install/robot/lib/python3.10/site-packages/robot
copying /home/aclab/Desktop/workspaces/RobotROS2/ros2_ws/src/robot/build/robot/build/lib/robot/main.py -> /home/aclab/Desktop/workspaces/RobotROS2/ros2_ws/src/robot/install/robot/lib/python3.10/site-packages/robot
byte-compiling /home/aclab/Desktop/workspaces/RobotROS2/ros2_ws/src/robot/install/robot/lib/python3.10/site-packages/robot/main2.py to main2.cpython-310.pyc
byte-compiling /home/aclab/Desktop/workspaces/RobotROS2/ros2_ws/src/robot/install/robot/lib/python3.10/site-packages/robot/__init__.py to __init__.cpython-310.pyc
byte-compiling /home/aclab/Desktop/workspaces/RobotROS2/ros2_ws/src/robot/install/robot/lib/python3.10/site-packages/robot/main.py to main.cpython-310.pyc
running install_data
copying resource/robot -> /home/aclab/Desktop/workspaces/RobotROS2/ros2_ws/src/robot/install/robot/share/ament_index/resource_index/packages
copying package.xml -> /home/aclab/Desktop/workspaces/RobotROS2/ros2_ws/src/robot/install/robot/share/robot
running install_egg_info
Copying build/robot/robot.egg-info to /home/aclab/Desktop/workspaces/RobotROS2/ros2_ws/src/robot/install/robot/lib/python3.10/site-packages/robot-0.0.0-py3.10.egg-info
running install_scripts
Installing robot script to /home/aclab/Desktop/workspaces/RobotROS2/ros2_ws/src/robot/install/robot/lib/robot
Installing robot2 script to /home/aclab/Desktop/workspaces/RobotROS2/ros2_ws/src/robot/install/robot/lib/robot
writing list of installed files to '/home/aclab/Desktop/workspaces/RobotROS2/ros2_ws/src/robot/build/robot/install.log'
