[2.751s] Invoking command in '/home/aclab/Desktop/workspaces/RobotROS2/ros2_ws/src/robot/build/robot': PYTHONPATH=/home/aclab/Desktop/workspaces/RobotROS2/ros2_ws/src/robot/build/robot/prefix_override:/usr/lib/python3/dist-packages/colcon_core/task/python/colcon_distutils_commands:/home/aclab/Desktop/workspaces/RobotROS2/ros2_ws/src/robot/install/robot/lib/python3.10/site-packages:${PYTHONPATH} /usr/bin/python3 -W ignore:setup.py install is deprecated -W ignore:easy_install command is deprecated setup.py develop --uninstall --editable --build-directory /home/aclab/Desktop/workspaces/RobotROS2/ros2_ws/src/robot/build/robot/build
[3.939s] running develop
[4.725s] Removing /home/aclab/Desktop/workspaces/RobotROS2/ros2_ws/src/robot/install/robot/lib/python3.10/site-packages/robot.egg-link (link to .)
[4.857s] Invoked command in '/home/aclab/Desktop/workspaces/RobotROS2/ros2_ws/src/robot/build/robot' returned '0': PYTHONPATH=/home/aclab/Desktop/workspaces/RobotROS2/ros2_ws/src/robot/build/robot/prefix_override:/usr/lib/python3/dist-packages/colcon_core/task/python/colcon_distutils_commands:/home/aclab/Desktop/workspaces/RobotROS2/ros2_ws/src/robot/install/robot/lib/python3.10/site-packages:${PYTHONPATH} /usr/bin/python3 -W ignore:setup.py install is deprecated -W ignore:easy_install command is deprecated setup.py develop --uninstall --editable --build-directory /home/aclab/Desktop/workspaces/RobotROS2/ros2_ws/src/robot/build/robot/build
[4.865s] Invoking command in '/home/aclab/Desktop/workspaces/RobotROS2/ros2_ws/src/robot': PYTHONPATH=/home/aclab/Desktop/workspaces/RobotROS2/ros2_ws/src/robot/build/robot/prefix_override:/usr/lib/python3/dist-packages/colcon_core/task/python/colcon_distutils_commands:/home/aclab/Desktop/workspaces/RobotROS2/ros2_ws/src/robot/install/robot/lib/python3.10/site-packages:${PYTHONPATH} /usr/bin/python3 -W ignore:setup.py install is deprecated -W ignore:easy_install command is deprecated setup.py egg_info --egg-base build/robot build --build-base /home/aclab/Desktop/workspaces/RobotROS2/ros2_ws/src/robot/build/robot/build install --record /home/aclab/Desktop/workspaces/RobotROS2/ros2_ws/src/robot/build/robot/install.log --single-version-externally-managed install_data --force
[5.966s] running egg_info
[5.969s] writing build/robot/robot.egg-info/PKG-INFO
[5.970s] writing dependency_links to build/robot/robot.egg-info/dependency_links.txt
[5.971s] writing entry points to build/robot/robot.egg-info/entry_points.txt
[5.971s] writing requirements to build/robot/robot.egg-info/requires.txt
[5.972s] writing top-level names to build/robot/robot.egg-info/top_level.txt
[5.980s] reading manifest file 'build/robot/robot.egg-info/SOURCES.txt'
[5.984s] writing manifest file 'build/robot/robot.egg-info/SOURCES.txt'
[5.984s] running build
[5.985s] running build_py
[5.985s] creating /home/aclab/Desktop/workspaces/RobotROS2/ros2_ws/src/robot/build/robot/build
[5.986s] creating /home/aclab/Desktop/workspaces/RobotROS2/ros2_ws/src/robot/build/robot/build/lib
[5.986s] creating /home/aclab/Desktop/workspaces/RobotROS2/ros2_ws/src/robot/build/robot/build/lib/robot
[5.987s] copying robot/main2.py -> /home/aclab/Desktop/workspaces/RobotROS2/ros2_ws/src/robot/build/robot/build/lib/robot
[5.987s] copying robot/__init__.py -> /home/aclab/Desktop/workspaces/RobotROS2/ros2_ws/src/robot/build/robot/build/lib/robot
[5.988s] copying robot/main.py -> /home/aclab/Desktop/workspaces/RobotROS2/ros2_ws/src/robot/build/robot/build/lib/robot
[5.989s] running install
[5.990s] running install_lib
[5.993s] creating /home/aclab/Desktop/workspaces/RobotROS2/ros2_ws/src/robot/install/robot/lib/python3.10/site-packages/robot
[5.994s] copying /home/aclab/Desktop/workspaces/RobotROS2/ros2_ws/src/robot/build/robot/build/lib/robot/main2.py -> /home/aclab/Desktop/workspaces/RobotROS2/ros2_ws/src/robot/install/robot/lib/python3.10/site-packages/robot
[5.995s] copying /home/aclab/Desktop/workspaces/RobotROS2/ros2_ws/src/robot/build/robot/build/lib/robot/__init__.py -> /home/aclab/Desktop/workspaces/RobotROS2/ros2_ws/src/robot/install/robot/lib/python3.10/site-packages/robot
[5.995s] copying /home/aclab/Desktop/workspaces/RobotROS2/ros2_ws/src/robot/build/robot/build/lib/robot/main.py -> /home/aclab/Desktop/workspaces/RobotROS2/ros2_ws/src/robot/install/robot/lib/python3.10/site-packages/robot
[5.998s] byte-compiling /home/aclab/Desktop/workspaces/RobotROS2/ros2_ws/src/robot/install/robot/lib/python3.10/site-packages/robot/main2.py to main2.cpython-310.pyc
[6.002s] byte-compiling /home/aclab/Desktop/workspaces/RobotROS2/ros2_ws/src/robot/install/robot/lib/python3.10/site-packages/robot/__init__.py to __init__.cpython-310.pyc
[6.003s] byte-compiling /home/aclab/Desktop/workspaces/RobotROS2/ros2_ws/src/robot/install/robot/lib/python3.10/site-packages/robot/main.py to main.cpython-310.pyc
[6.005s] running install_data
[6.006s] copying resource/robot -> /home/aclab/Desktop/workspaces/RobotROS2/ros2_ws/src/robot/install/robot/share/ament_index/resource_index/packages
[6.006s] copying package.xml -> /home/aclab/Desktop/workspaces/RobotROS2/ros2_ws/src/robot/install/robot/share/robot
[6.007s] running install_egg_info
[6.019s] Copying build/robot/robot.egg-info to /home/aclab/Desktop/workspaces/RobotROS2/ros2_ws/src/robot/install/robot/lib/python3.10/site-packages/robot-0.0.0-py3.10.egg-info
[6.024s] running install_scripts
[6.101s] Installing robot script to /home/aclab/Desktop/workspaces/RobotROS2/ros2_ws/src/robot/install/robot/lib/robot
[6.102s] Installing robot2 script to /home/aclab/Desktop/workspaces/RobotROS2/ros2_ws/src/robot/install/robot/lib/robot
[6.103s] writing list of installed files to '/home/aclab/Desktop/workspaces/RobotROS2/ros2_ws/src/robot/build/robot/install.log'
[6.220s] Invoked command in '/home/aclab/Desktop/workspaces/RobotROS2/ros2_ws/src/robot' returned '0': PYTHONPATH=/home/aclab/Desktop/workspaces/RobotROS2/ros2_ws/src/robot/build/robot/prefix_override:/usr/lib/python3/dist-packages/colcon_core/task/python/colcon_distutils_commands:/home/aclab/Desktop/workspaces/RobotROS2/ros2_ws/src/robot/install/robot/lib/python3.10/site-packages:${PYTHONPATH} /usr/bin/python3 -W ignore:setup.py install is deprecated -W ignore:easy_install command is deprecated setup.py egg_info --egg-base build/robot build --build-base /home/aclab/Desktop/workspaces/RobotROS2/ros2_ws/src/robot/build/robot/build install --record /home/aclab/Desktop/workspaces/RobotROS2/ros2_ws/src/robot/build/robot/install.log --single-version-externally-managed install_data --force
