[6.042s] Invoking command in '/home/aclab/Desktop/workspaces/RobotROS2/ros2_ws/src/mqtt_bridge': PYTHONPATH=/home/aclab/Desktop/workspaces/RobotROS2/ros2_ws/src/build/mqtt_bridge/prefix_override:/usr/lib/python3/dist-packages/colcon_core/task/python/colcon_distutils_commands:/home/aclab/Desktop/workspaces/RobotROS2/ros2_ws/src/install/mqtt_bridge/lib/python3.10/site-packages:${PYTHONPATH} /usr/bin/python3 -W ignore:setup.py install is deprecated -W ignore:easy_install command is deprecated setup.py egg_info --egg-base ../build/mqtt_bridge build --build-base /home/aclab/Desktop/workspaces/RobotROS2/ros2_ws/src/build/mqtt_bridge/build install --record /home/aclab/Desktop/workspaces/RobotROS2/ros2_ws/src/build/mqtt_bridge/install.log --single-version-externally-managed install_data
[7.602s] running egg_info
[7.647s] writing ../build/mqtt_bridge/mqtt_bridge.egg-info/PKG-INFO
[7.650s] writing dependency_links to ../build/mqtt_bridge/mqtt_bridge.egg-info/dependency_links.txt
[7.651s] writing entry points to ../build/mqtt_bridge/mqtt_bridge.egg-info/entry_points.txt
[7.654s] writing requirements to ../build/mqtt_bridge/mqtt_bridge.egg-info/requires.txt
[7.655s] writing top-level names to ../build/mqtt_bridge/mqtt_bridge.egg-info/top_level.txt
[7.673s] reading manifest file '../build/mqtt_bridge/mqtt_bridge.egg-info/SOURCES.txt'
[7.677s] writing manifest file '../build/mqtt_bridge/mqtt_bridge.egg-info/SOURCES.txt'
[7.684s] running build
[7.687s] running build_py
[7.690s] copying mqtt_bridge/MQTTBridgeROS.py -> /home/aclab/Desktop/workspaces/RobotROS2/ros2_ws/src/build/mqtt_bridge/build/lib/mqtt_bridge
[7.694s] running install
[7.706s] running install_lib
[7.713s] copying /home/aclab/Desktop/workspaces/RobotROS2/ros2_ws/src/build/mqtt_bridge/build/lib/mqtt_bridge/MQTTBridgeROS.py -> /home/aclab/Desktop/workspaces/RobotROS2/ros2_ws/src/install/mqtt_bridge/lib/python3.10/site-packages/mqtt_bridge
[7.715s] byte-compiling /home/aclab/Desktop/workspaces/RobotROS2/ros2_ws/src/install/mqtt_bridge/lib/python3.10/site-packages/mqtt_bridge/MQTTBridgeROS.py to MQTTBridgeROS.cpython-310.pyc
[7.731s] running install_data
[7.734s] running install_egg_info
[7.750s] removing '/home/aclab/Desktop/workspaces/RobotROS2/ros2_ws/src/install/mqtt_bridge/lib/python3.10/site-packages/mqtt_bridge-0.0.0-py3.10.egg-info' (and everything under it)
[7.762s] Copying ../build/mqtt_bridge/mqtt_bridge.egg-info to /home/aclab/Desktop/workspaces/RobotROS2/ros2_ws/src/install/mqtt_bridge/lib/python3.10/site-packages/mqtt_bridge-0.0.0-py3.10.egg-info
[7.771s] running install_scripts
[7.812s] Installing mqtt_bridge script to /home/aclab/Desktop/workspaces/RobotROS2/ros2_ws/src/install/mqtt_bridge/lib/mqtt_bridge
[7.819s] writing list of installed files to '/home/aclab/Desktop/workspaces/RobotROS2/ros2_ws/src/build/mqtt_bridge/install.log'
[8.172s] Invoked command in '/home/aclab/Desktop/workspaces/RobotROS2/ros2_ws/src/mqtt_bridge' returned '0': PYTHONPATH=/home/aclab/Desktop/workspaces/RobotROS2/ros2_ws/src/build/mqtt_bridge/prefix_override:/usr/lib/python3/dist-packages/colcon_core/task/python/colcon_distutils_commands:/home/aclab/Desktop/workspaces/RobotROS2/ros2_ws/src/install/mqtt_bridge/lib/python3.10/site-packages:${PYTHONPATH} /usr/bin/python3 -W ignore:setup.py install is deprecated -W ignore:easy_install command is deprecated setup.py egg_info --egg-base ../build/mqtt_bridge build --build-base /home/aclab/Desktop/workspaces/RobotROS2/ros2_ws/src/build/mqtt_bridge/build install --record /home/aclab/Desktop/workspaces/RobotROS2/ros2_ws/src/build/mqtt_bridge/install.log --single-version-externally-managed install_data
