[6.127s] Invoking command in '/home/aclab/Desktop/workspaces/RobotROS2/ros2_ws/src/build/robot': PYTHONPATH=/home/aclab/Desktop/workspaces/RobotROS2/ros2_ws/src/build/robot/prefix_override:/usr/lib/python3/dist-packages/colcon_core/task/python/colcon_distutils_commands:/home/aclab/Desktop/workspaces/RobotROS2/ros2_ws/src/install/robot/lib/python3.10/site-packages:${PYTHONPATH} /usr/bin/python3 -W ignore:setup.py install is deprecated -W ignore:easy_install command is deprecated setup.py develop --uninstall --editable --build-directory /home/aclab/Desktop/workspaces/RobotROS2/ros2_ws/src/build/robot/build
[7.752s] running develop
[8.820s] Removing /home/aclab/Desktop/workspaces/RobotROS2/ros2_ws/src/install/robot/lib/python3.10/site-packages/robot.egg-link (link to .)
[9.035s] Invoked command in '/home/aclab/Desktop/workspaces/RobotROS2/ros2_ws/src/build/robot' returned '0': PYTHONPATH=/home/aclab/Desktop/workspaces/RobotROS2/ros2_ws/src/build/robot/prefix_override:/usr/lib/python3/dist-packages/colcon_core/task/python/colcon_distutils_commands:/home/aclab/Desktop/workspaces/RobotROS2/ros2_ws/src/install/robot/lib/python3.10/site-packages:${PYTHONPATH} /usr/bin/python3 -W ignore:setup.py install is deprecated -W ignore:easy_install command is deprecated setup.py develop --uninstall --editable --build-directory /home/aclab/Desktop/workspaces/RobotROS2/ros2_ws/src/build/robot/build
[9.047s] Invoking command in '/home/aclab/Desktop/workspaces/RobotROS2/ros2_ws/src/robot': PYTHONPATH=/home/aclab/Desktop/workspaces/RobotROS2/ros2_ws/src/build/robot/prefix_override:/usr/lib/python3/dist-packages/colcon_core/task/python/colcon_distutils_commands:/home/aclab/Desktop/workspaces/RobotROS2/ros2_ws/src/install/robot/lib/python3.10/site-packages:${PYTHONPATH} /usr/bin/python3 -W ignore:setup.py install is deprecated -W ignore:easy_install command is deprecated setup.py egg_info --egg-base ../build/robot build --build-base /home/aclab/Desktop/workspaces/RobotROS2/ros2_ws/src/build/robot/build install --record /home/aclab/Desktop/workspaces/RobotROS2/ros2_ws/src/build/robot/install.log --single-version-externally-managed install_data --force
[10.317s] running egg_info
[10.320s] writing ../build/robot/robot.egg-info/PKG-INFO
[10.321s] writing dependency_links to ../build/robot/robot.egg-info/dependency_links.txt
[10.322s] writing entry points to ../build/robot/robot.egg-info/entry_points.txt
[10.324s] writing requirements to ../build/robot/robot.egg-info/requires.txt
[10.326s] writing top-level names to ../build/robot/robot.egg-info/top_level.txt
[10.334s] reading manifest file '../build/robot/robot.egg-info/SOURCES.txt'
[10.338s] writing manifest file '../build/robot/robot.egg-info/SOURCES.txt'
[10.340s] running build
[10.341s] running build_py
[10.343s] copying robot/main2.py -> /home/aclab/Desktop/workspaces/RobotROS2/ros2_ws/src/build/robot/build/lib/robot
[10.345s] copying robot/test.py -> /home/aclab/Desktop/workspaces/RobotROS2/ros2_ws/src/build/robot/build/lib/robot
[10.349s] copying robot/main.py -> /home/aclab/Desktop/workspaces/RobotROS2/ros2_ws/src/build/robot/build/lib/robot
[10.351s] copying robot/Robot.py -> /home/aclab/Desktop/workspaces/RobotROS2/ros2_ws/src/build/robot/build/lib/robot
[10.351s] running install
[10.353s] running install_lib
[10.356s] creating /home/aclab/Desktop/workspaces/RobotROS2/ros2_ws/src/install/robot/lib/python3.10/site-packages/robot
[10.359s] copying /home/aclab/Desktop/workspaces/RobotROS2/ros2_ws/src/build/robot/build/lib/robot/main2.py -> /home/aclab/Desktop/workspaces/RobotROS2/ros2_ws/src/install/robot/lib/python3.10/site-packages/robot
[10.360s] copying /home/aclab/Desktop/workspaces/RobotROS2/ros2_ws/src/build/robot/build/lib/robot/__init__.py -> /home/aclab/Desktop/workspaces/RobotROS2/ros2_ws/src/install/robot/lib/python3.10/site-packages/robot
[10.362s] copying /home/aclab/Desktop/workspaces/RobotROS2/ros2_ws/src/build/robot/build/lib/robot/test.py -> /home/aclab/Desktop/workspaces/RobotROS2/ros2_ws/src/install/robot/lib/python3.10/site-packages/robot
[10.363s] copying /home/aclab/Desktop/workspaces/RobotROS2/ros2_ws/src/build/robot/build/lib/robot/main.py -> /home/aclab/Desktop/workspaces/RobotROS2/ros2_ws/src/install/robot/lib/python3.10/site-packages/robot
[10.365s] copying /home/aclab/Desktop/workspaces/RobotROS2/ros2_ws/src/build/robot/build/lib/robot/Robot.py -> /home/aclab/Desktop/workspaces/RobotROS2/ros2_ws/src/install/robot/lib/python3.10/site-packages/robot
[10.369s] byte-compiling /home/aclab/Desktop/workspaces/RobotROS2/ros2_ws/src/install/robot/lib/python3.10/site-packages/robot/main2.py to main2.cpython-310.pyc
[10.370s] byte-compiling /home/aclab/Desktop/workspaces/RobotROS2/ros2_ws/src/install/robot/lib/python3.10/site-packages/robot/__init__.py to __init__.cpython-310.pyc
[10.370s] byte-compiling /home/aclab/Desktop/workspaces/RobotROS2/ros2_ws/src/install/robot/lib/python3.10/site-packages/robot/test.py to test.cpython-310.pyc
[10.371s] byte-compiling /home/aclab/Desktop/workspaces/RobotROS2/ros2_ws/src/install/robot/lib/python3.10/site-packages/robot/main.py to main.cpython-310.pyc
[10.376s] byte-compiling /home/aclab/Desktop/workspaces/RobotROS2/ros2_ws/src/install/robot/lib/python3.10/site-packages/robot/Robot.py to Robot.cpython-310.pyc
[10.381s] running install_data
[10.381s] copying resource/robot -> /home/aclab/Desktop/workspaces/RobotROS2/ros2_ws/src/install/robot/share/ament_index/resource_index/packages
[10.382s] copying package.xml -> /home/aclab/Desktop/workspaces/RobotROS2/ros2_ws/src/install/robot/share/robot
[10.383s] running install_egg_info
[10.396s] Copying ../build/robot/robot.egg-info to /home/aclab/Desktop/workspaces/RobotROS2/ros2_ws/src/install/robot/lib/python3.10/site-packages/robot-0.0.0-py3.10.egg-info
[10.407s] running install_scripts
[10.510s] Installing robot script to /home/aclab/Desktop/workspaces/RobotROS2/ros2_ws/src/install/robot/lib/robot
[10.514s] writing list of installed files to '/home/aclab/Desktop/workspaces/RobotROS2/ros2_ws/src/build/robot/install.log'
[10.744s] Invoked command in '/home/aclab/Desktop/workspaces/RobotROS2/ros2_ws/src/robot' returned '0': PYTHONPATH=/home/aclab/Desktop/workspaces/RobotROS2/ros2_ws/src/build/robot/prefix_override:/usr/lib/python3/dist-packages/colcon_core/task/python/colcon_distutils_commands:/home/aclab/Desktop/workspaces/RobotROS2/ros2_ws/src/install/robot/lib/python3.10/site-packages:${PYTHONPATH} /usr/bin/python3 -W ignore:setup.py install is deprecated -W ignore:easy_install command is deprecated setup.py egg_info --egg-base ../build/robot build --build-base /home/aclab/Desktop/workspaces/RobotROS2/ros2_ws/src/build/robot/build install --record /home/aclab/Desktop/workspaces/RobotROS2/ros2_ws/src/build/robot/install.log --single-version-externally-managed install_data --force
